[0.021s] Invoking command in '/Users/francescodevito/Documents/USI/Primo_Anno/Robotics/pinuccio/robotics-lab-usi-robomaster/build/robomaster_msgs': CMAKE_PREFIX_PATH=${CMAKE_PREFIX_PATH}:/Users/francescodevito/Documents/USI/Primo_Anno/Robotics/pinuccio/robotics-lab-usi-robomaster/install/robomaster_example:/Users/francescodevito/Documents/USI/Primo_Anno/Robotics/pinuccio/robotics-lab-usi-robomaster/install/robomaster_ros CONDA_PROMPT_MODIFIER=(base) PIXI_PROMPT=(robotics-lab-usi-robomaster) SHLVL=3 _=/usr/bin/env /Users/francescodevito/Documents/USI/Primo_Anno/Robotics/pinuccio/robotics-lab-usi-robomaster/.pixi/envs/default/bin/cmake --build /Users/francescodevito/Documents/USI/Primo_Anno/Robotics/pinuccio/robotics-lab-usi-robomaster/build/robomaster_msgs -- -j12 -l12
[0.151s] [  0%] Built target robomaster_msgs__cpp
[0.154s] [  0%] Built target ament_cmake_python_symlink_robomaster_msgs
[0.179s] [ 12%] Built target robomaster_msgs__rosidl_generator_c
[0.266s] [ 36%] Built target robomaster_msgs__rosidl_typesupport_c
[0.267s] [ 38%] Built target robomaster_msgs__rosidl_typesupport_introspection_c
[0.321s] [ 50%] Built target robomaster_msgs__rosidl_typesupport_cpp
[0.321s] [ 64%] Built target robomaster_msgs__rosidl_typesupport_introspection_cpp
[0.321s] [ 75%] Built target robomaster_msgs__rosidl_typesupport_fastrtps_cpp
[0.334s] [ 88%] Built target robomaster_msgs__rosidl_typesupport_fastrtps_c
[0.372s] [ 88%] Built target robomaster_msgs
[0.415s] [ 88%] Built target robomaster_msgs__py
[0.482s] [100%] Built target robomaster_msgs__rosidl_generator_py
[0.534s] [100%] Built target robomaster_msgs__rosidl_typesupport_c__pyext
[0.534s] [100%] Built target robomaster_msgs__rosidl_typesupport_fastrtps_c__pyext
[0.534s] [100%] Built target robomaster_msgs__rosidl_typesupport_introspection_c__pyext
[0.557s] running egg_info
[0.589s] writing robomaster_msgs.egg-info/PKG-INFO
[0.613s] writing dependency_links to robomaster_msgs.egg-info/dependency_links.txt
[0.754s] writing top-level names to robomaster_msgs.egg-info/top_level.txt
[0.797s] reading manifest file 'robomaster_msgs.egg-info/SOURCES.txt'
[0.798s] writing manifest file 'robomaster_msgs.egg-info/SOURCES.txt'
[0.826s] [100%] Built target ament_cmake_python_build_robomaster_msgs_egg
[0.840s] Invoked command in '/Users/francescodevito/Documents/USI/Primo_Anno/Robotics/pinuccio/robotics-lab-usi-robomaster/build/robomaster_msgs' returned '0': CMAKE_PREFIX_PATH=${CMAKE_PREFIX_PATH}:/Users/francescodevito/Documents/USI/Primo_Anno/Robotics/pinuccio/robotics-lab-usi-robomaster/install/robomaster_example:/Users/francescodevito/Documents/USI/Primo_Anno/Robotics/pinuccio/robotics-lab-usi-robomaster/install/robomaster_ros CONDA_PROMPT_MODIFIER=(base) PIXI_PROMPT=(robotics-lab-usi-robomaster) SHLVL=3 _=/usr/bin/env /Users/francescodevito/Documents/USI/Primo_Anno/Robotics/pinuccio/robotics-lab-usi-robomaster/.pixi/envs/default/bin/cmake --build /Users/francescodevito/Documents/USI/Primo_Anno/Robotics/pinuccio/robotics-lab-usi-robomaster/build/robomaster_msgs -- -j12 -l12
