[1.046s] Invoking command in '/Users/francescodevito/Documents/USI/Primo_Anno/Robotics/pinuccio/robotics-lab-usi-robomaster/build/robomaster_ros': AMENT_PREFIX_PATH=/Users/francescodevito/Documents/USI/Primo_Anno/Robotics/pinuccio/robotics-lab-usi-robomaster/install/robomaster_msgs:${AMENT_PREFIX_PATH} CMAKE_PREFIX_PATH=/Users/francescodevito/Documents/USI/Primo_Anno/Robotics/pinuccio/robotics-lab-usi-robomaster/install/robomaster_msgs${CMAKE_PREFIX_PATH} CONDA_PROMPT_MODIFIER=(base) PIXI_PROMPT=(robotics-lab-usi-robomaster) PYTHONPATH=/Users/francescodevito/Documents/USI/Primo_Anno/Robotics/pinuccio/robotics-lab-usi-robomaster/build/robomaster_ros/prefix_override:/Users/francescodevito/Documents/USI/Primo_Anno/Robotics/pinuccio/robotics-lab-usi-robomaster/.pixi/envs/default/lib/python3.10/site-packages/colcon_core/task/python/colcon_distutils_commands:/Users/francescodevito/Documents/USI/Primo_Anno/Robotics/pinuccio/robotics-lab-usi-robomaster/install/robomaster_ros/lib/python3.10/site-packages:/Users/francescodevito/Documents/USI/Primo_Anno/Robotics/pinuccio/robotics-lab-usi-robomaster/install/robomaster_msgs/lib/python3.10/site-packages:${PYTHONPATH} SHLVL=3 _=/usr/bin/env /Users/francescodevito/Documents/USI/Primo_Anno/Robotics/pinuccio/robotics-lab-usi-robomaster/.pixi/envs/default/bin/python3.10 -W ignore:setup.py install is deprecated -W ignore:easy_install command is deprecated setup.py develop --editable --build-directory /Users/francescodevito/Documents/USI/Primo_Anno/Robotics/pinuccio/robotics-lab-usi-robomaster/build/robomaster_ros/build --no-deps symlink_data
[1.448s] running develop
[1.693s] running egg_info
[1.693s] creating robomaster_ros.egg-info
[1.724s] writing robomaster_ros.egg-info/PKG-INFO
[1.752s] writing dependency_links to robomaster_ros.egg-info/dependency_links.txt
[1.823s] writing entry points to robomaster_ros.egg-info/entry_points.txt
[1.870s] writing requirements to robomaster_ros.egg-info/requires.txt
[1.894s] writing top-level names to robomaster_ros.egg-info/top_level.txt
[1.894s] writing manifest file 'robomaster_ros.egg-info/SOURCES.txt'
[1.932s] reading manifest file 'robomaster_ros.egg-info/SOURCES.txt'
[1.932s] writing manifest file 'robomaster_ros.egg-info/SOURCES.txt'
[1.962s] running build_ext
[1.962s] Creating /Users/francescodevito/Documents/USI/Primo_Anno/Robotics/pinuccio/robotics-lab-usi-robomaster/install/robomaster_ros/lib/python3.10/site-packages/robomaster-ros.egg-link (link to .)
[1.963s] Installing connect script to /Users/francescodevito/Documents/USI/Primo_Anno/Robotics/pinuccio/robotics-lab-usi-robomaster/install/robomaster_ros/lib/robomaster_ros
[1.963s] Installing discover script to /Users/francescodevito/Documents/USI/Primo_Anno/Robotics/pinuccio/robotics-lab-usi-robomaster/install/robomaster_ros/lib/robomaster_ros
[1.963s] Installing display_battery script to /Users/francescodevito/Documents/USI/Primo_Anno/Robotics/pinuccio/robotics-lab-usi-robomaster/install/robomaster_ros/lib/robomaster_ros
[1.963s] Installing h264_decoder script to /Users/francescodevito/Documents/USI/Primo_Anno/Robotics/pinuccio/robotics-lab-usi-robomaster/install/robomaster_ros/lib/robomaster_ros
[1.963s] Installing play_audio script to /Users/francescodevito/Documents/USI/Primo_Anno/Robotics/pinuccio/robotics-lab-usi-robomaster/install/robomaster_ros/lib/robomaster_ros
[1.964s] Installing play_opus script to /Users/francescodevito/Documents/USI/Primo_Anno/Robotics/pinuccio/robotics-lab-usi-robomaster/install/robomaster_ros/lib/robomaster_ros
[1.964s] Installing robomaster_driver script to /Users/francescodevito/Documents/USI/Primo_Anno/Robotics/pinuccio/robotics-lab-usi-robomaster/install/robomaster_ros/lib/robomaster_ros
[1.964s] 
[1.964s] Installed /Users/francescodevito/Documents/USI/Primo_Anno/Robotics/pinuccio/robotics-lab-usi-robomaster/build/robomaster_ros
[1.964s] running symlink_data
[1.964s] creating /Users/francescodevito/Documents/USI/Primo_Anno/Robotics/pinuccio/robotics-lab-usi-robomaster/install/robomaster_ros/share/ament_index
[1.964s] creating /Users/francescodevito/Documents/USI/Primo_Anno/Robotics/pinuccio/robotics-lab-usi-robomaster/install/robomaster_ros/share/ament_index/resource_index
[1.964s] creating /Users/francescodevito/Documents/USI/Primo_Anno/Robotics/pinuccio/robotics-lab-usi-robomaster/install/robomaster_ros/share/ament_index/resource_index/packages
[1.964s] symbolically linking /Users/francescodevito/Documents/USI/Primo_Anno/Robotics/pinuccio/robotics-lab-usi-robomaster/build/robomaster_ros/resource/robomaster_ros -> /Users/francescodevito/Documents/USI/Primo_Anno/Robotics/pinuccio/robotics-lab-usi-robomaster/install/robomaster_ros/share/ament_index/resource_index/packages
[1.964s] symbolically linking /Users/francescodevito/Documents/USI/Primo_Anno/Robotics/pinuccio/robotics-lab-usi-robomaster/build/robomaster_ros/package.xml -> /Users/francescodevito/Documents/USI/Primo_Anno/Robotics/pinuccio/robotics-lab-usi-robomaster/install/robomaster_ros/share/robomaster_ros
[1.964s] creating /Users/francescodevito/Documents/USI/Primo_Anno/Robotics/pinuccio/robotics-lab-usi-robomaster/install/robomaster_ros/share/robomaster_ros/launch
[1.964s] symbolically linking /Users/francescodevito/Documents/USI/Primo_Anno/Robotics/pinuccio/robotics-lab-usi-robomaster/build/robomaster_ros/launch/teleop.launch -> /Users/francescodevito/Documents/USI/Primo_Anno/Robotics/pinuccio/robotics-lab-usi-robomaster/install/robomaster_ros/share/robomaster_ros/launch
[1.964s] symbolically linking /Users/francescodevito/Documents/USI/Primo_Anno/Robotics/pinuccio/robotics-lab-usi-robomaster/build/robomaster_ros/launch/ep.launch -> /Users/francescodevito/Documents/USI/Primo_Anno/Robotics/pinuccio/robotics-lab-usi-robomaster/install/robomaster_ros/share/robomaster_ros/launch
[1.964s] symbolically linking /Users/francescodevito/Documents/USI/Primo_Anno/Robotics/pinuccio/robotics-lab-usi-robomaster/build/robomaster_ros/launch/decoder.launch -> /Users/francescodevito/Documents/USI/Primo_Anno/Robotics/pinuccio/robotics-lab-usi-robomaster/install/robomaster_ros/share/robomaster_ros/launch
[1.964s] symbolically linking /Users/francescodevito/Documents/USI/Primo_Anno/Robotics/pinuccio/robotics-lab-usi-robomaster/build/robomaster_ros/launch/camera.launch -> /Users/francescodevito/Documents/USI/Primo_Anno/Robotics/pinuccio/robotics-lab-usi-robomaster/install/robomaster_ros/share/robomaster_ros/launch
[1.965s] symbolically linking /Users/francescodevito/Documents/USI/Primo_Anno/Robotics/pinuccio/robotics-lab-usi-robomaster/build/robomaster_ros/launch/s1.launch -> /Users/francescodevito/Documents/USI/Primo_Anno/Robotics/pinuccio/robotics-lab-usi-robomaster/install/robomaster_ros/share/robomaster_ros/launch
[1.965s] symbolically linking /Users/francescodevito/Documents/USI/Primo_Anno/Robotics/pinuccio/robotics-lab-usi-robomaster/build/robomaster_ros/launch/teleop_linux.launch -> /Users/francescodevito/Documents/USI/Primo_Anno/Robotics/pinuccio/robotics-lab-usi-robomaster/install/robomaster_ros/share/robomaster_ros/launch
[1.965s] symbolically linking /Users/francescodevito/Documents/USI/Primo_Anno/Robotics/pinuccio/robotics-lab-usi-robomaster/build/robomaster_ros/launch/main.launch -> /Users/francescodevito/Documents/USI/Primo_Anno/Robotics/pinuccio/robotics-lab-usi-robomaster/install/robomaster_ros/share/robomaster_ros/launch
[1.965s] creating /Users/francescodevito/Documents/USI/Primo_Anno/Robotics/pinuccio/robotics-lab-usi-robomaster/install/robomaster_ros/share/robomaster_ros/config
[1.965s] symbolically linking /Users/francescodevito/Documents/USI/Primo_Anno/Robotics/pinuccio/robotics-lab-usi-robomaster/build/robomaster_ros/config/rm_camera_calibration_360.yaml -> /Users/francescodevito/Documents/USI/Primo_Anno/Robotics/pinuccio/robotics-lab-usi-robomaster/install/robomaster_ros/share/robomaster_ros/config
[1.965s] symbolically linking /Users/francescodevito/Documents/USI/Primo_Anno/Robotics/pinuccio/robotics-lab-usi-robomaster/build/robomaster_ros/config/rm_camera_calibration_540_simulation.yaml -> /Users/francescodevito/Documents/USI/Primo_Anno/Robotics/pinuccio/robotics-lab-usi-robomaster/install/robomaster_ros/share/robomaster_ros/config
[1.965s] symbolically linking /Users/francescodevito/Documents/USI/Primo_Anno/Robotics/pinuccio/robotics-lab-usi-robomaster/build/robomaster_ros/config/rm_camera_calibration_540.yaml -> /Users/francescodevito/Documents/USI/Primo_Anno/Robotics/pinuccio/robotics-lab-usi-robomaster/install/robomaster_ros/share/robomaster_ros/config
[1.965s] symbolically linking /Users/francescodevito/Documents/USI/Primo_Anno/Robotics/pinuccio/robotics-lab-usi-robomaster/build/robomaster_ros/config/rm_camera_calibration_720.yaml -> /Users/francescodevito/Documents/USI/Primo_Anno/Robotics/pinuccio/robotics-lab-usi-robomaster/install/robomaster_ros/share/robomaster_ros/config
[1.965s] symbolically linking /Users/francescodevito/Documents/USI/Primo_Anno/Robotics/pinuccio/robotics-lab-usi-robomaster/build/robomaster_ros/config/joy_config_ep.yaml -> /Users/francescodevito/Documents/USI/Primo_Anno/Robotics/pinuccio/robotics-lab-usi-robomaster/install/robomaster_ros/share/robomaster_ros/config
[1.965s] symbolically linking /Users/francescodevito/Documents/USI/Primo_Anno/Robotics/pinuccio/robotics-lab-usi-robomaster/build/robomaster_ros/config/rm_camera_calibration_720_simulation.yaml -> /Users/francescodevito/Documents/USI/Primo_Anno/Robotics/pinuccio/robotics-lab-usi-robomaster/install/robomaster_ros/share/robomaster_ros/config
[1.965s] symbolically linking /Users/francescodevito/Documents/USI/Primo_Anno/Robotics/pinuccio/robotics-lab-usi-robomaster/build/robomaster_ros/config/rm_camera_calibration_360_simulation.yaml -> /Users/francescodevito/Documents/USI/Primo_Anno/Robotics/pinuccio/robotics-lab-usi-robomaster/install/robomaster_ros/share/robomaster_ros/config
[1.965s] symbolically linking /Users/francescodevito/Documents/USI/Primo_Anno/Robotics/pinuccio/robotics-lab-usi-robomaster/build/robomaster_ros/config/joy_config_s1.yaml -> /Users/francescodevito/Documents/USI/Primo_Anno/Robotics/pinuccio/robotics-lab-usi-robomaster/install/robomaster_ros/share/robomaster_ros/config
[1.965s] symbolically linking /Users/francescodevito/Documents/USI/Primo_Anno/Robotics/pinuccio/robotics-lab-usi-robomaster/build/robomaster_ros/config/servos.yaml -> /Users/francescodevito/Documents/USI/Primo_Anno/Robotics/pinuccio/robotics-lab-usi-robomaster/install/robomaster_ros/share/robomaster_ros/config
[1.982s] Invoked command in '/Users/francescodevito/Documents/USI/Primo_Anno/Robotics/pinuccio/robotics-lab-usi-robomaster/build/robomaster_ros' returned '0': AMENT_PREFIX_PATH=/Users/francescodevito/Documents/USI/Primo_Anno/Robotics/pinuccio/robotics-lab-usi-robomaster/install/robomaster_msgs:${AMENT_PREFIX_PATH} CMAKE_PREFIX_PATH=/Users/francescodevito/Documents/USI/Primo_Anno/Robotics/pinuccio/robotics-lab-usi-robomaster/install/robomaster_msgs${CMAKE_PREFIX_PATH} CONDA_PROMPT_MODIFIER=(base) PIXI_PROMPT=(robotics-lab-usi-robomaster) PYTHONPATH=/Users/francescodevito/Documents/USI/Primo_Anno/Robotics/pinuccio/robotics-lab-usi-robomaster/build/robomaster_ros/prefix_override:/Users/francescodevito/Documents/USI/Primo_Anno/Robotics/pinuccio/robotics-lab-usi-robomaster/.pixi/envs/default/lib/python3.10/site-packages/colcon_core/task/python/colcon_distutils_commands:/Users/francescodevito/Documents/USI/Primo_Anno/Robotics/pinuccio/robotics-lab-usi-robomaster/install/robomaster_ros/lib/python3.10/site-packages:/Users/francescodevito/Documents/USI/Primo_Anno/Robotics/pinuccio/robotics-lab-usi-robomaster/install/robomaster_msgs/lib/python3.10/site-packages:${PYTHONPATH} SHLVL=3 _=/usr/bin/env /Users/francescodevito/Documents/USI/Primo_Anno/Robotics/pinuccio/robotics-lab-usi-robomaster/.pixi/envs/default/bin/python3.10 -W ignore:setup.py install is deprecated -W ignore:easy_install command is deprecated setup.py develop --editable --build-directory /Users/francescodevito/Documents/USI/Primo_Anno/Robotics/pinuccio/robotics-lab-usi-robomaster/build/robomaster_ros/build --no-deps symlink_data
