-- Install configuration: ""
-- Execute custom install script
-- Up-to-date symlink: /Users/francescodevito/Documents/USI/Primo_Anno/Robotics/pinuccio/robotics-lab-usi-robomaster/install/robomaster_description/share/robomaster_description/urdf/arm.urdf.xacro
-- Up-to-date symlink: /Users/francescodevito/Documents/USI/Primo_Anno/Robotics/pinuccio/robotics-lab-usi-robomaster/install/robomaster_description/share/robomaster_description/urdf/base.urdf.xacro
-- Up-to-date symlink: /Users/francescodevito/Documents/USI/Primo_Anno/Robotics/pinuccio/robotics-lab-usi-robomaster/install/robomaster_description/share/robomaster_description/urdf/camera.urdf.xacro
-- Up-to-date symlink: /Users/francescodevito/Documents/USI/Primo_Anno/Robotics/pinuccio/robotics-lab-usi-robomaster/install/robomaster_description/share/robomaster_description/urdf/extension.urdf.xacro
-- Up-to-date symlink: /Users/francescodevito/Documents/USI/Primo_Anno/Robotics/pinuccio/robotics-lab-usi-robomaster/install/robomaster_description/share/robomaster_description/urdf/gimbal.urdf.xacro
-- Up-to-date symlink: /Users/francescodevito/Documents/USI/Primo_Anno/Robotics/pinuccio/robotics-lab-usi-robomaster/install/robomaster_description/share/robomaster_description/urdf/gripper.urdf.xacro
-- Up-to-date symlink: /Users/francescodevito/Documents/USI/Primo_Anno/Robotics/pinuccio/robotics-lab-usi-robomaster/install/robomaster_description/share/robomaster_description/urdf/intelligent_controller.urdf.xacro
-- Up-to-date symlink: /Users/francescodevito/Documents/USI/Primo_Anno/Robotics/pinuccio/robotics-lab-usi-robomaster/install/robomaster_description/share/robomaster_description/urdf/led.urdf.xacro
-- Up-to-date symlink: /Users/francescodevito/Documents/USI/Primo_Anno/Robotics/pinuccio/robotics-lab-usi-robomaster/install/robomaster_description/share/robomaster_description/urdf/robomaster_ep.urdf.xacro
-- Up-to-date symlink: /Users/francescodevito/Documents/USI/Primo_Anno/Robotics/pinuccio/robotics-lab-usi-robomaster/install/robomaster_description/share/robomaster_description/urdf/robomaster_s1.urdf.xacro
-- Up-to-date symlink: /Users/francescodevito/Documents/USI/Primo_Anno/Robotics/pinuccio/robotics-lab-usi-robomaster/install/robomaster_description/share/robomaster_description/urdf/tof.urdf.xacro
-- Up-to-date symlink: /Users/francescodevito/Documents/USI/Primo_Anno/Robotics/pinuccio/robotics-lab-usi-robomaster/install/robomaster_description/share/robomaster_description/urdf/wheel.urdf.xacro
-- Up-to-date symlink: /Users/francescodevito/Documents/USI/Primo_Anno/Robotics/pinuccio/robotics-lab-usi-robomaster/install/robomaster_description/share/robomaster_description/launch/main.launch
-- Up-to-date symlink: /Users/francescodevito/Documents/USI/Primo_Anno/Robotics/pinuccio/robotics-lab-usi-robomaster/install/robomaster_description/share/robomaster_description/launch/model.launch.py
-- Up-to-date symlink: /Users/francescodevito/Documents/USI/Primo_Anno/Robotics/pinuccio/robotics-lab-usi-robomaster/install/robomaster_description/share/robomaster_description/meshes/EP_all_01_b.png
-- Up-to-date symlink: /Users/francescodevito/Documents/USI/Primo_Anno/Robotics/pinuccio/robotics-lab-usi-robomaster/install/robomaster_description/share/robomaster_description/meshes/TOP_Base_Color.png
-- Up-to-date symlink: /Users/francescodevito/Documents/USI/Primo_Anno/Robotics/pinuccio/robotics-lab-usi-robomaster/install/robomaster_description/share/robomaster_description/meshes/TOP_Base_Color.png.001.png
-- Up-to-date symlink: /Users/francescodevito/Documents/USI/Primo_Anno/Robotics/pinuccio/robotics-lab-usi-robomaster/install/robomaster_description/share/robomaster_description/meshes/TOP_Normal_OpenGL.png
-- Up-to-date symlink: /Users/francescodevito/Documents/USI/Primo_Anno/Robotics/pinuccio/robotics-lab-usi-robomaster/install/robomaster_description/share/robomaster_description/meshes/TOP_Normal_OpenGL.png.001.png
-- Up-to-date symlink: /Users/francescodevito/Documents/USI/Primo_Anno/Robotics/pinuccio/robotics-lab-usi-robomaster/install/robomaster_description/share/robomaster_description/meshes/arm_1.dae
-- Up-to-date symlink: /Users/francescodevito/Documents/USI/Primo_Anno/Robotics/pinuccio/robotics-lab-usi-robomaster/install/robomaster_description/share/robomaster_description/meshes/arm_1_collision.dae
-- Up-to-date symlink: /Users/francescodevito/Documents/USI/Primo_Anno/Robotics/pinuccio/robotics-lab-usi-robomaster/install/robomaster_description/share/robomaster_description/meshes/arm_1_cylinder.dae
-- Up-to-date symlink: /Users/francescodevito/Documents/USI/Primo_Anno/Robotics/pinuccio/robotics-lab-usi-robomaster/install/robomaster_description/share/robomaster_description/meshes/arm_2.dae
-- Up-to-date symlink: /Users/francescodevito/Documents/USI/Primo_Anno/Robotics/pinuccio/robotics-lab-usi-robomaster/install/robomaster_description/share/robomaster_description/meshes/arm_2_bar_1.dae
-- Up-to-date symlink: /Users/francescodevito/Documents/USI/Primo_Anno/Robotics/pinuccio/robotics-lab-usi-robomaster/install/robomaster_description/share/robomaster_description/meshes/arm_2_bar_2.dae
-- Up-to-date symlink: /Users/francescodevito/Documents/USI/Primo_Anno/Robotics/pinuccio/robotics-lab-usi-robomaster/install/robomaster_description/share/robomaster_description/meshes/arm_2_collision.dae
-- Up-to-date symlink: /Users/francescodevito/Documents/USI/Primo_Anno/Robotics/pinuccio/robotics-lab-usi-robomaster/install/robomaster_description/share/robomaster_description/meshes/arm_base.dae
-- Up-to-date symlink: /Users/francescodevito/Documents/USI/Primo_Anno/Robotics/pinuccio/robotics-lab-usi-robomaster/install/robomaster_description/share/robomaster_description/meshes/arm_base_collision.dae
-- Up-to-date symlink: /Users/francescodevito/Documents/USI/Primo_Anno/Robotics/pinuccio/robotics-lab-usi-robomaster/install/robomaster_description/share/robomaster_description/meshes/armor.dae
-- Up-to-date symlink: /Users/francescodevito/Documents/USI/Primo_Anno/Robotics/pinuccio/robotics-lab-usi-robomaster/install/robomaster_description/share/robomaster_description/meshes/base_collision.dae
-- Up-to-date symlink: /Users/francescodevito/Documents/USI/Primo_Anno/Robotics/pinuccio/robotics-lab-usi-robomaster/install/robomaster_description/share/robomaster_description/meshes/battery.dae
-- Up-to-date symlink: /Users/francescodevito/Documents/USI/Primo_Anno/Robotics/pinuccio/robotics-lab-usi-robomaster/install/robomaster_description/share/robomaster_description/meshes/battery_pin_left.dae
-- Up-to-date symlink: /Users/francescodevito/Documents/USI/Primo_Anno/Robotics/pinuccio/robotics-lab-usi-robomaster/install/robomaster_description/share/robomaster_description/meshes/battery_pin_right.dae
-- Up-to-date symlink: /Users/francescodevito/Documents/USI/Primo_Anno/Robotics/pinuccio/robotics-lab-usi-robomaster/install/robomaster_description/share/robomaster_description/meshes/blaster_bug.dae
-- Up-to-date symlink: /Users/francescodevito/Documents/USI/Primo_Anno/Robotics/pinuccio/robotics-lab-usi-robomaster/install/robomaster_description/share/robomaster_description/meshes/blaster_gun.dae
-- Up-to-date symlink: /Users/francescodevito/Documents/USI/Primo_Anno/Robotics/pinuccio/robotics-lab-usi-robomaster/install/robomaster_description/share/robomaster_description/meshes/blaster_gun_collision.dae
-- Up-to-date symlink: /Users/francescodevito/Documents/USI/Primo_Anno/Robotics/pinuccio/robotics-lab-usi-robomaster/install/robomaster_description/share/robomaster_description/meshes/blaster_magazin.dae
-- Up-to-date symlink: /Users/francescodevito/Documents/USI/Primo_Anno/Robotics/pinuccio/robotics-lab-usi-robomaster/install/robomaster_description/share/robomaster_description/meshes/blaster_magazin_collision.dae
-- Up-to-date symlink: /Users/francescodevito/Documents/USI/Primo_Anno/Robotics/pinuccio/robotics-lab-usi-robomaster/install/robomaster_description/share/robomaster_description/meshes/blaster_top.dae
-- Up-to-date symlink: /Users/francescodevito/Documents/USI/Primo_Anno/Robotics/pinuccio/robotics-lab-usi-robomaster/install/robomaster_description/share/robomaster_description/meshes/blaster_top_collision.dae
-- Up-to-date symlink: /Users/francescodevito/Documents/USI/Primo_Anno/Robotics/pinuccio/robotics-lab-usi-robomaster/install/robomaster_description/share/robomaster_description/meshes/camera.dae
-- Up-to-date symlink: /Users/francescodevito/Documents/USI/Primo_Anno/Robotics/pinuccio/robotics-lab-usi-robomaster/install/robomaster_description/share/robomaster_description/meshes/chassis.dae
-- Up-to-date symlink: /Users/francescodevito/Documents/USI/Primo_Anno/Robotics/pinuccio/robotics-lab-usi-robomaster/install/robomaster_description/share/robomaster_description/meshes/controller.dae
-- Up-to-date symlink: /Users/francescodevito/Documents/USI/Primo_Anno/Robotics/pinuccio/robotics-lab-usi-robomaster/install/robomaster_description/share/robomaster_description/meshes/controller_cover.dae
-- Up-to-date symlink: /Users/francescodevito/Documents/USI/Primo_Anno/Robotics/pinuccio/robotics-lab-usi-robomaster/install/robomaster_description/share/robomaster_description/meshes/endpoint_bracket.dae
-- Up-to-date symlink: /Users/francescodevito/Documents/USI/Primo_Anno/Robotics/pinuccio/robotics-lab-usi-robomaster/install/robomaster_description/share/robomaster_description/meshes/endpoint_bracket_collision.dae
-- Up-to-date symlink: /Users/francescodevito/Documents/USI/Primo_Anno/Robotics/pinuccio/robotics-lab-usi-robomaster/install/robomaster_description/share/robomaster_description/meshes/extension_base.dae
-- Up-to-date symlink: /Users/francescodevito/Documents/USI/Primo_Anno/Robotics/pinuccio/robotics-lab-usi-robomaster/install/robomaster_description/share/robomaster_description/meshes/extension_support.dae
-- Up-to-date symlink: /Users/francescodevito/Documents/USI/Primo_Anno/Robotics/pinuccio/robotics-lab-usi-robomaster/install/robomaster_description/share/robomaster_description/meshes/front_hit_sensor.dae
-- Up-to-date symlink: /Users/francescodevito/Documents/USI/Primo_Anno/Robotics/pinuccio/robotics-lab-usi-robomaster/install/robomaster_description/share/robomaster_description/meshes/front_led.dae
-- Up-to-date symlink: /Users/francescodevito/Documents/USI/Primo_Anno/Robotics/pinuccio/robotics-lab-usi-robomaster/install/robomaster_description/share/robomaster_description/meshes/front_left_wheel.dae
-- Up-to-date symlink: /Users/francescodevito/Documents/USI/Primo_Anno/Robotics/pinuccio/robotics-lab-usi-robomaster/install/robomaster_description/share/robomaster_description/meshes/front_right_wheel.dae
-- Up-to-date symlink: /Users/francescodevito/Documents/USI/Primo_Anno/Robotics/pinuccio/robotics-lab-usi-robomaster/install/robomaster_description/share/robomaster_description/meshes/gimbal.dae
-- Up-to-date symlink: /Users/francescodevito/Documents/USI/Primo_Anno/Robotics/pinuccio/robotics-lab-usi-robomaster/install/robomaster_description/share/robomaster_description/meshes/gimbal_base.dae
-- Up-to-date symlink: /Users/francescodevito/Documents/USI/Primo_Anno/Robotics/pinuccio/robotics-lab-usi-robomaster/install/robomaster_description/share/robomaster_description/meshes/gimbal_base_collision.dae
-- Up-to-date symlink: /Users/francescodevito/Documents/USI/Primo_Anno/Robotics/pinuccio/robotics-lab-usi-robomaster/install/robomaster_description/share/robomaster_description/meshes/gimbal_collision.dae
-- Up-to-date symlink: /Users/francescodevito/Documents/USI/Primo_Anno/Robotics/pinuccio/robotics-lab-usi-robomaster/install/robomaster_description/share/robomaster_description/meshes/gimbal_left_armor.dae
-- Up-to-date symlink: /Users/francescodevito/Documents/USI/Primo_Anno/Robotics/pinuccio/robotics-lab-usi-robomaster/install/robomaster_description/share/robomaster_description/meshes/gimbal_left_led.dae
-- Up-to-date symlink: /Users/francescodevito/Documents/USI/Primo_Anno/Robotics/pinuccio/robotics-lab-usi-robomaster/install/robomaster_description/share/robomaster_description/meshes/gimbal_left_led_0.dae
-- Up-to-date symlink: /Users/francescodevito/Documents/USI/Primo_Anno/Robotics/pinuccio/robotics-lab-usi-robomaster/install/robomaster_description/share/robomaster_description/meshes/gimbal_left_led_1.dae
-- Up-to-date symlink: /Users/francescodevito/Documents/USI/Primo_Anno/Robotics/pinuccio/robotics-lab-usi-robomaster/install/robomaster_description/share/robomaster_description/meshes/gimbal_left_led_2.dae
-- Up-to-date symlink: /Users/francescodevito/Documents/USI/Primo_Anno/Robotics/pinuccio/robotics-lab-usi-robomaster/install/robomaster_description/share/robomaster_description/meshes/gimbal_left_led_3.dae
-- Up-to-date symlink: /Users/francescodevito/Documents/USI/Primo_Anno/Robotics/pinuccio/robotics-lab-usi-robomaster/install/robomaster_description/share/robomaster_description/meshes/gimbal_left_led_4.dae
-- Up-to-date symlink: /Users/francescodevito/Documents/USI/Primo_Anno/Robotics/pinuccio/robotics-lab-usi-robomaster/install/robomaster_description/share/robomaster_description/meshes/gimbal_left_led_5.dae
-- Up-to-date symlink: /Users/francescodevito/Documents/USI/Primo_Anno/Robotics/pinuccio/robotics-lab-usi-robomaster/install/robomaster_description/share/robomaster_description/meshes/gimbal_left_led_6.dae
-- Up-to-date symlink: /Users/francescodevito/Documents/USI/Primo_Anno/Robotics/pinuccio/robotics-lab-usi-robomaster/install/robomaster_description/share/robomaster_description/meshes/gimbal_left_led_7.dae
-- Up-to-date symlink: /Users/francescodevito/Documents/USI/Primo_Anno/Robotics/pinuccio/robotics-lab-usi-robomaster/install/robomaster_description/share/robomaster_description/meshes/gimbal_right_armor.dae
-- Up-to-date symlink: /Users/francescodevito/Documents/USI/Primo_Anno/Robotics/pinuccio/robotics-lab-usi-robomaster/install/robomaster_description/share/robomaster_description/meshes/gimbal_right_led.dae
-- Up-to-date symlink: /Users/francescodevito/Documents/USI/Primo_Anno/Robotics/pinuccio/robotics-lab-usi-robomaster/install/robomaster_description/share/robomaster_description/meshes/gimbal_right_led7.dae
-- Up-to-date symlink: /Users/francescodevito/Documents/USI/Primo_Anno/Robotics/pinuccio/robotics-lab-usi-robomaster/install/robomaster_description/share/robomaster_description/meshes/gimbal_right_led_0.dae
-- Up-to-date symlink: /Users/francescodevito/Documents/USI/Primo_Anno/Robotics/pinuccio/robotics-lab-usi-robomaster/install/robomaster_description/share/robomaster_description/meshes/gimbal_right_led_1.dae
-- Up-to-date symlink: /Users/francescodevito/Documents/USI/Primo_Anno/Robotics/pinuccio/robotics-lab-usi-robomaster/install/robomaster_description/share/robomaster_description/meshes/gimbal_right_led_2.dae
-- Up-to-date symlink: /Users/francescodevito/Documents/USI/Primo_Anno/Robotics/pinuccio/robotics-lab-usi-robomaster/install/robomaster_description/share/robomaster_description/meshes/gimbal_right_led_3.dae
-- Up-to-date symlink: /Users/francescodevito/Documents/USI/Primo_Anno/Robotics/pinuccio/robotics-lab-usi-robomaster/install/robomaster_description/share/robomaster_description/meshes/gimbal_right_led_4.dae
-- Up-to-date symlink: /Users/francescodevito/Documents/USI/Primo_Anno/Robotics/pinuccio/robotics-lab-usi-robomaster/install/robomaster_description/share/robomaster_description/meshes/gimbal_right_led_5.dae
-- Up-to-date symlink: /Users/francescodevito/Documents/USI/Primo_Anno/Robotics/pinuccio/robotics-lab-usi-robomaster/install/robomaster_description/share/robomaster_description/meshes/gimbal_right_led_6.dae
-- Up-to-date symlink: /Users/francescodevito/Documents/USI/Primo_Anno/Robotics/pinuccio/robotics-lab-usi-robomaster/install/robomaster_description/share/robomaster_description/meshes/gimbal_right_led_7.dae
-- Up-to-date symlink: /Users/francescodevito/Documents/USI/Primo_Anno/Robotics/pinuccio/robotics-lab-usi-robomaster/install/robomaster_description/share/robomaster_description/meshes/gimbal_side.dae
-- Up-to-date symlink: /Users/francescodevito/Documents/USI/Primo_Anno/Robotics/pinuccio/robotics-lab-usi-robomaster/install/robomaster_description/share/robomaster_description/meshes/gripper_base.dae
-- Up-to-date symlink: /Users/francescodevito/Documents/USI/Primo_Anno/Robotics/pinuccio/robotics-lab-usi-robomaster/install/robomaster_description/share/robomaster_description/meshes/gripper_base_collision.dae
-- Up-to-date symlink: /Users/francescodevito/Documents/USI/Primo_Anno/Robotics/pinuccio/robotics-lab-usi-robomaster/install/robomaster_description/share/robomaster_description/meshes/gripper_left_1.dae
-- Up-to-date symlink: /Users/francescodevito/Documents/USI/Primo_Anno/Robotics/pinuccio/robotics-lab-usi-robomaster/install/robomaster_description/share/robomaster_description/meshes/gripper_left_2.dae
-- Up-to-date symlink: /Users/francescodevito/Documents/USI/Primo_Anno/Robotics/pinuccio/robotics-lab-usi-robomaster/install/robomaster_description/share/robomaster_description/meshes/gripper_left_2_collision.dae
-- Up-to-date symlink: /Users/francescodevito/Documents/USI/Primo_Anno/Robotics/pinuccio/robotics-lab-usi-robomaster/install/robomaster_description/share/robomaster_description/meshes/gripper_left_4.dae
-- Up-to-date symlink: /Users/francescodevito/Documents/USI/Primo_Anno/Robotics/pinuccio/robotics-lab-usi-robomaster/install/robomaster_description/share/robomaster_description/meshes/gripper_left_4_collision.dae
-- Up-to-date symlink: /Users/francescodevito/Documents/USI/Primo_Anno/Robotics/pinuccio/robotics-lab-usi-robomaster/install/robomaster_description/share/robomaster_description/meshes/gripper_left_5.dae
-- Up-to-date symlink: /Users/francescodevito/Documents/USI/Primo_Anno/Robotics/pinuccio/robotics-lab-usi-robomaster/install/robomaster_description/share/robomaster_description/meshes/gripper_left_5_collision.dae
-- Up-to-date symlink: /Users/francescodevito/Documents/USI/Primo_Anno/Robotics/pinuccio/robotics-lab-usi-robomaster/install/robomaster_description/share/robomaster_description/meshes/gripper_left_6.dae
-- Up-to-date symlink: /Users/francescodevito/Documents/USI/Primo_Anno/Robotics/pinuccio/robotics-lab-usi-robomaster/install/robomaster_description/share/robomaster_description/meshes/gripper_left_6_collision.dae
-- Up-to-date symlink: /Users/francescodevito/Documents/USI/Primo_Anno/Robotics/pinuccio/robotics-lab-usi-robomaster/install/robomaster_description/share/robomaster_description/meshes/gripper_left_7.dae
-- Up-to-date symlink: /Users/francescodevito/Documents/USI/Primo_Anno/Robotics/pinuccio/robotics-lab-usi-robomaster/install/robomaster_description/share/robomaster_description/meshes/gripper_left_collision.dae
-- Up-to-date symlink: /Users/francescodevito/Documents/USI/Primo_Anno/Robotics/pinuccio/robotics-lab-usi-robomaster/install/robomaster_description/share/robomaster_description/meshes/hit_sensor.dae
-- Up-to-date symlink: /Users/francescodevito/Documents/USI/Primo_Anno/Robotics/pinuccio/robotics-lab-usi-robomaster/install/robomaster_description/share/robomaster_description/meshes/intelligent_controller.dae
-- Up-to-date symlink: /Users/francescodevito/Documents/USI/Primo_Anno/Robotics/pinuccio/robotics-lab-usi-robomaster/install/robomaster_description/share/robomaster_description/meshes/led.dae
-- Up-to-date symlink: /Users/francescodevito/Documents/USI/Primo_Anno/Robotics/pinuccio/robotics-lab-usi-robomaster/install/robomaster_description/share/robomaster_description/meshes/left_hit_sensor.dae
-- Up-to-date symlink: /Users/francescodevito/Documents/USI/Primo_Anno/Robotics/pinuccio/robotics-lab-usi-robomaster/install/robomaster_description/share/robomaster_description/meshes/left_led.dae
-- Up-to-date symlink: /Users/francescodevito/Documents/USI/Primo_Anno/Robotics/pinuccio/robotics-lab-usi-robomaster/install/robomaster_description/share/robomaster_description/meshes/left_servo.dae
-- Up-to-date symlink: /Users/francescodevito/Documents/USI/Primo_Anno/Robotics/pinuccio/robotics-lab-usi-robomaster/install/robomaster_description/share/robomaster_description/meshes/rear_hit_sensor.dae
-- Up-to-date symlink: /Users/francescodevito/Documents/USI/Primo_Anno/Robotics/pinuccio/robotics-lab-usi-robomaster/install/robomaster_description/share/robomaster_description/meshes/rear_led.dae
-- Up-to-date symlink: /Users/francescodevito/Documents/USI/Primo_Anno/Robotics/pinuccio/robotics-lab-usi-robomaster/install/robomaster_description/share/robomaster_description/meshes/rear_left_wheel.dae
-- Up-to-date symlink: /Users/francescodevito/Documents/USI/Primo_Anno/Robotics/pinuccio/robotics-lab-usi-robomaster/install/robomaster_description/share/robomaster_description/meshes/rear_right_wheel.dae
-- Up-to-date symlink: /Users/francescodevito/Documents/USI/Primo_Anno/Robotics/pinuccio/robotics-lab-usi-robomaster/install/robomaster_description/share/robomaster_description/meshes/right_gripper_1.dae
-- Up-to-date symlink: /Users/francescodevito/Documents/USI/Primo_Anno/Robotics/pinuccio/robotics-lab-usi-robomaster/install/robomaster_description/share/robomaster_description/meshes/right_gripper_2.dae
-- Up-to-date symlink: /Users/francescodevito/Documents/USI/Primo_Anno/Robotics/pinuccio/robotics-lab-usi-robomaster/install/robomaster_description/share/robomaster_description/meshes/right_gripper_2_collision.dae
-- Up-to-date symlink: /Users/francescodevito/Documents/USI/Primo_Anno/Robotics/pinuccio/robotics-lab-usi-robomaster/install/robomaster_description/share/robomaster_description/meshes/right_gripper_4.dae
-- Up-to-date symlink: /Users/francescodevito/Documents/USI/Primo_Anno/Robotics/pinuccio/robotics-lab-usi-robomaster/install/robomaster_description/share/robomaster_description/meshes/right_gripper_4_collision.dae
-- Up-to-date symlink: /Users/francescodevito/Documents/USI/Primo_Anno/Robotics/pinuccio/robotics-lab-usi-robomaster/install/robomaster_description/share/robomaster_description/meshes/right_gripper_5.dae
-- Up-to-date symlink: /Users/francescodevito/Documents/USI/Primo_Anno/Robotics/pinuccio/robotics-lab-usi-robomaster/install/robomaster_description/share/robomaster_description/meshes/right_gripper_5_collision.dae
-- Up-to-date symlink: /Users/francescodevito/Documents/USI/Primo_Anno/Robotics/pinuccio/robotics-lab-usi-robomaster/install/robomaster_description/share/robomaster_description/meshes/right_gripper_6.dae
-- Up-to-date symlink: /Users/francescodevito/Documents/USI/Primo_Anno/Robotics/pinuccio/robotics-lab-usi-robomaster/install/robomaster_description/share/robomaster_description/meshes/right_gripper_6_collision.dae
-- Up-to-date symlink: /Users/francescodevito/Documents/USI/Primo_Anno/Robotics/pinuccio/robotics-lab-usi-robomaster/install/robomaster_description/share/robomaster_description/meshes/right_gripper_7.dae
-- Up-to-date symlink: /Users/francescodevito/Documents/USI/Primo_Anno/Robotics/pinuccio/robotics-lab-usi-robomaster/install/robomaster_description/share/robomaster_description/meshes/right_gripper_7_collision.dae
-- Up-to-date symlink: /Users/francescodevito/Documents/USI/Primo_Anno/Robotics/pinuccio/robotics-lab-usi-robomaster/install/robomaster_description/share/robomaster_description/meshes/right_hit_sensor.dae
-- Up-to-date symlink: /Users/francescodevito/Documents/USI/Primo_Anno/Robotics/pinuccio/robotics-lab-usi-robomaster/install/robomaster_description/share/robomaster_description/meshes/right_led.dae
-- Up-to-date symlink: /Users/francescodevito/Documents/USI/Primo_Anno/Robotics/pinuccio/robotics-lab-usi-robomaster/install/robomaster_description/share/robomaster_description/meshes/right_servo.dae
-- Up-to-date symlink: /Users/francescodevito/Documents/USI/Primo_Anno/Robotics/pinuccio/robotics-lab-usi-robomaster/install/robomaster_description/share/robomaster_description/meshes/rod.dae
-- Up-to-date symlink: /Users/francescodevito/Documents/USI/Primo_Anno/Robotics/pinuccio/robotics-lab-usi-robomaster/install/robomaster_description/share/robomaster_description/meshes/rod_1.dae
-- Up-to-date symlink: /Users/francescodevito/Documents/USI/Primo_Anno/Robotics/pinuccio/robotics-lab-usi-robomaster/install/robomaster_description/share/robomaster_description/meshes/rod_1_collision.dae
-- Up-to-date symlink: /Users/francescodevito/Documents/USI/Primo_Anno/Robotics/pinuccio/robotics-lab-usi-robomaster/install/robomaster_description/share/robomaster_description/meshes/rod_2.dae
-- Up-to-date symlink: /Users/francescodevito/Documents/USI/Primo_Anno/Robotics/pinuccio/robotics-lab-usi-robomaster/install/robomaster_description/share/robomaster_description/meshes/rod_2_collision.dae
-- Up-to-date symlink: /Users/francescodevito/Documents/USI/Primo_Anno/Robotics/pinuccio/robotics-lab-usi-robomaster/install/robomaster_description/share/robomaster_description/meshes/rod_3.dae
-- Up-to-date symlink: /Users/francescodevito/Documents/USI/Primo_Anno/Robotics/pinuccio/robotics-lab-usi-robomaster/install/robomaster_description/share/robomaster_description/meshes/rod_3_collision.dae
-- Up-to-date symlink: /Users/francescodevito/Documents/USI/Primo_Anno/Robotics/pinuccio/robotics-lab-usi-robomaster/install/robomaster_description/share/robomaster_description/meshes/rod_collision.dae
-- Up-to-date symlink: /Users/francescodevito/Documents/USI/Primo_Anno/Robotics/pinuccio/robotics-lab-usi-robomaster/install/robomaster_description/share/robomaster_description/meshes/speaker.dae
-- Up-to-date symlink: /Users/francescodevito/Documents/USI/Primo_Anno/Robotics/pinuccio/robotics-lab-usi-robomaster/install/robomaster_description/share/robomaster_description/meshes/speaker_collision.dae
-- Up-to-date symlink: /Users/francescodevito/Documents/USI/Primo_Anno/Robotics/pinuccio/robotics-lab-usi-robomaster/install/robomaster_description/share/robomaster_description/meshes/triangle.dae
-- Up-to-date symlink: /Users/francescodevito/Documents/USI/Primo_Anno/Robotics/pinuccio/robotics-lab-usi-robomaster/install/robomaster_description/share/robomaster_description/meshes/triangle_collision.dae
-- Up-to-date symlink: /Users/francescodevito/Documents/USI/Primo_Anno/Robotics/pinuccio/robotics-lab-usi-robomaster/install/robomaster_description/share/robomaster_description/meshes/wheel.dae
-- Up-to-date symlink: /Users/francescodevito/Documents/USI/Primo_Anno/Robotics/pinuccio/robotics-lab-usi-robomaster/install/robomaster_description/share/robomaster_description/meshes/wifi_antenna_left.dae
-- Up-to-date symlink: /Users/francescodevito/Documents/USI/Primo_Anno/Robotics/pinuccio/robotics-lab-usi-robomaster/install/robomaster_description/share/robomaster_description/meshes/wifi_antenna_right.dae
-- Up-to-date symlink: /Users/francescodevito/Documents/USI/Primo_Anno/Robotics/pinuccio/robotics-lab-usi-robomaster/install/robomaster_description/share/ament_index/resource_index/package_run_dependencies/robomaster_description
-- Up-to-date symlink: /Users/francescodevito/Documents/USI/Primo_Anno/Robotics/pinuccio/robotics-lab-usi-robomaster/install/robomaster_description/share/ament_index/resource_index/parent_prefix_path/robomaster_description
-- Up-to-date symlink: /Users/francescodevito/Documents/USI/Primo_Anno/Robotics/pinuccio/robotics-lab-usi-robomaster/install/robomaster_description/share/robomaster_description/environment/ament_prefix_path.sh
-- Up-to-date symlink: /Users/francescodevito/Documents/USI/Primo_Anno/Robotics/pinuccio/robotics-lab-usi-robomaster/install/robomaster_description/share/robomaster_description/environment/ament_prefix_path.dsv
-- Up-to-date symlink: /Users/francescodevito/Documents/USI/Primo_Anno/Robotics/pinuccio/robotics-lab-usi-robomaster/install/robomaster_description/share/robomaster_description/environment/path.sh
-- Up-to-date symlink: /Users/francescodevito/Documents/USI/Primo_Anno/Robotics/pinuccio/robotics-lab-usi-robomaster/install/robomaster_description/share/robomaster_description/environment/path.dsv
-- Up-to-date symlink: /Users/francescodevito/Documents/USI/Primo_Anno/Robotics/pinuccio/robotics-lab-usi-robomaster/install/robomaster_description/share/robomaster_description/local_setup.bash
-- Up-to-date symlink: /Users/francescodevito/Documents/USI/Primo_Anno/Robotics/pinuccio/robotics-lab-usi-robomaster/install/robomaster_description/share/robomaster_description/local_setup.sh
-- Up-to-date symlink: /Users/francescodevito/Documents/USI/Primo_Anno/Robotics/pinuccio/robotics-lab-usi-robomaster/install/robomaster_description/share/robomaster_description/local_setup.zsh
-- Up-to-date symlink: /Users/francescodevito/Documents/USI/Primo_Anno/Robotics/pinuccio/robotics-lab-usi-robomaster/install/robomaster_description/share/robomaster_description/local_setup.dsv
-- Symlinking: /Users/francescodevito/Documents/USI/Primo_Anno/Robotics/pinuccio/robotics-lab-usi-robomaster/install/robomaster_description/share/robomaster_description/package.dsv
-- Up-to-date symlink: /Users/francescodevito/Documents/USI/Primo_Anno/Robotics/pinuccio/robotics-lab-usi-robomaster/install/robomaster_description/share/ament_index/resource_index/packages/robomaster_description
-- Up-to-date symlink: /Users/francescodevito/Documents/USI/Primo_Anno/Robotics/pinuccio/robotics-lab-usi-robomaster/install/robomaster_description/share/robomaster_description/cmake/robomaster_descriptionConfig.cmake
-- Up-to-date symlink: /Users/francescodevito/Documents/USI/Primo_Anno/Robotics/pinuccio/robotics-lab-usi-robomaster/install/robomaster_description/share/robomaster_description/cmake/robomaster_descriptionConfig-version.cmake
-- Up-to-date symlink: /Users/francescodevito/Documents/USI/Primo_Anno/Robotics/pinuccio/robotics-lab-usi-robomaster/install/robomaster_description/share/robomaster_description/package.xml
