[0.017s] Invoking command in '/Users/francescodevito/Documents/USI/Primo_Anno/Robotics/pinuccio/robotics-lab-usi-robomaster/build/robomaster_description': CONDA_PROMPT_MODIFIER=(base) PIXI_PROMPT=(robotics-lab-usi-robomaster) SHLVL=3 _=/usr/bin/env /Users/francescodevito/Documents/USI/Primo_Anno/Robotics/pinuccio/robotics-lab-usi-robomaster/.pixi/envs/default/bin/cmake /Users/francescodevito/Documents/USI/Primo_Anno/Robotics/pinuccio/robotics-lab-usi-robomaster/src/robomaster_ros/robomaster_description -DAMENT_CMAKE_SYMLINK_INSTALL=1 -DCMAKE_INSTALL_PREFIX=/Users/francescodevito/Documents/USI/Primo_Anno/Robotics/pinuccio/robotics-lab-usi-robomaster/install/robomaster_description
[4.205s] -- The C compiler identification is Clang 16.0.1
[4.340s] -- The CXX compiler identification is Clang 16.0.1
[4.362s] -- Detecting C compiler ABI info
[4.556s] -- Detecting C compiler ABI info - done
[4.559s] -- Check for working C compiler: /Users/francescodevito/Documents/USI/Primo_Anno/Robotics/pinuccio/robotics-lab-usi-robomaster/.pixi/envs/default/bin/arm64-apple-darwin20.0.0-clang - skipped
[4.559s] -- Detecting C compile features
[4.560s] -- Detecting C compile features - done
[4.565s] -- Detecting CXX compiler ABI info
[4.734s] -- Detecting CXX compiler ABI info - done
[4.738s] -- Check for working CXX compiler: /Users/francescodevito/Documents/USI/Primo_Anno/Robotics/pinuccio/robotics-lab-usi-robomaster/.pixi/envs/default/bin/arm64-apple-darwin20.0.0-clang++ - skipped
[4.738s] -- Detecting CXX compile features
[4.738s] -- Detecting CXX compile features - done
[4.754s] -- Found ament_cmake: 1.3.3 (/Users/francescodevito/Documents/USI/Primo_Anno/Robotics/pinuccio/robotics-lab-usi-robomaster/.pixi/envs/default/share/ament_cmake/cmake)
[5.188s] -- Found Python3: /Users/francescodevito/Documents/USI/Primo_Anno/Robotics/pinuccio/robotics-lab-usi-robomaster/.pixi/envs/default/bin/python3.10 (found version "3.10.13") found components: Interpreter 
[5.241s] -- Override CMake install command with custom implementation using symlinks instead of copying resources
[5.411s] -- Found ament_lint_auto: 0.12.5 (/Users/francescodevito/Documents/USI/Primo_Anno/Robotics/pinuccio/robotics-lab-usi-robomaster/.pixi/envs/default/share/ament_lint_auto/cmake)
[5.563s] -- Added test 'copyright' to check source files copyright and LICENSE
[5.585s] -- Added test 'flake8' to check Python code syntax and style conventions
[5.589s] -- Added test 'lint_cmake' to check CMake code style
[5.593s] -- Added test 'pep257' to check Python code against some of the docstring style conventions in PEP 257
[5.605s] -- Added test 'xmllint' to check XML markup files
[5.615s] -- Configuring done (3.9s)
[5.628s] -- Generating done (0.0s)
[5.631s] -- Build files have been written to: /Users/francescodevito/Documents/USI/Primo_Anno/Robotics/pinuccio/robotics-lab-usi-robomaster/build/robomaster_description
[5.633s] Invoked command in '/Users/francescodevito/Documents/USI/Primo_Anno/Robotics/pinuccio/robotics-lab-usi-robomaster/build/robomaster_description' returned '0': CONDA_PROMPT_MODIFIER=(base) PIXI_PROMPT=(robotics-lab-usi-robomaster) SHLVL=3 _=/usr/bin/env /Users/francescodevito/Documents/USI/Primo_Anno/Robotics/pinuccio/robotics-lab-usi-robomaster/.pixi/envs/default/bin/cmake /Users/francescodevito/Documents/USI/Primo_Anno/Robotics/pinuccio/robotics-lab-usi-robomaster/src/robomaster_ros/robomaster_description -DAMENT_CMAKE_SYMLINK_INSTALL=1 -DCMAKE_INSTALL_PREFIX=/Users/francescodevito/Documents/USI/Primo_Anno/Robotics/pinuccio/robotics-lab-usi-robomaster/install/robomaster_description
[5.635s] Invoking command in '/Users/francescodevito/Documents/USI/Primo_Anno/Robotics/pinuccio/robotics-lab-usi-robomaster/build/robomaster_description': CONDA_PROMPT_MODIFIER=(base) PIXI_PROMPT=(robotics-lab-usi-robomaster) SHLVL=3 _=/usr/bin/env /Users/francescodevito/Documents/USI/Primo_Anno/Robotics/pinuccio/robotics-lab-usi-robomaster/.pixi/envs/default/bin/cmake --build /Users/francescodevito/Documents/USI/Primo_Anno/Robotics/pinuccio/robotics-lab-usi-robomaster/build/robomaster_description -- -j12 -l12
[5.689s] Invoked command in '/Users/francescodevito/Documents/USI/Primo_Anno/Robotics/pinuccio/robotics-lab-usi-robomaster/build/robomaster_description' returned '0': CONDA_PROMPT_MODIFIER=(base) PIXI_PROMPT=(robotics-lab-usi-robomaster) SHLVL=3 _=/usr/bin/env /Users/francescodevito/Documents/USI/Primo_Anno/Robotics/pinuccio/robotics-lab-usi-robomaster/.pixi/envs/default/bin/cmake --build /Users/francescodevito/Documents/USI/Primo_Anno/Robotics/pinuccio/robotics-lab-usi-robomaster/build/robomaster_description -- -j12 -l12
[5.778s] Invoking command in '/Users/francescodevito/Documents/USI/Primo_Anno/Robotics/pinuccio/robotics-lab-usi-robomaster/build/robomaster_description': CONDA_PROMPT_MODIFIER=(base) PIXI_PROMPT=(robotics-lab-usi-robomaster) SHLVL=3 _=/usr/bin/env /Users/francescodevito/Documents/USI/Primo_Anno/Robotics/pinuccio/robotics-lab-usi-robomaster/.pixi/envs/default/bin/cmake --install /Users/francescodevito/Documents/USI/Primo_Anno/Robotics/pinuccio/robotics-lab-usi-robomaster/build/robomaster_description
[5.789s] -- Install configuration: ""
[5.789s] -- Execute custom install script
[5.790s] -- Symlinking: /Users/francescodevito/Documents/USI/Primo_Anno/Robotics/pinuccio/robotics-lab-usi-robomaster/install/robomaster_description/share/robomaster_description/urdf/arm.urdf.xacro
[5.802s] -- Symlinking: /Users/francescodevito/Documents/USI/Primo_Anno/Robotics/pinuccio/robotics-lab-usi-robomaster/install/robomaster_description/share/robomaster_description/urdf/base.urdf.xacro
[5.814s] -- Symlinking: /Users/francescodevito/Documents/USI/Primo_Anno/Robotics/pinuccio/robotics-lab-usi-robomaster/install/robomaster_description/share/robomaster_description/urdf/camera.urdf.xacro
[5.825s] -- Symlinking: /Users/francescodevito/Documents/USI/Primo_Anno/Robotics/pinuccio/robotics-lab-usi-robomaster/install/robomaster_description/share/robomaster_description/urdf/extension.urdf.xacro
[5.836s] -- Symlinking: /Users/francescodevito/Documents/USI/Primo_Anno/Robotics/pinuccio/robotics-lab-usi-robomaster/install/robomaster_description/share/robomaster_description/urdf/gimbal.urdf.xacro
[5.848s] -- Symlinking: /Users/francescodevito/Documents/USI/Primo_Anno/Robotics/pinuccio/robotics-lab-usi-robomaster/install/robomaster_description/share/robomaster_description/urdf/gripper.urdf.xacro
[5.859s] -- Symlinking: /Users/francescodevito/Documents/USI/Primo_Anno/Robotics/pinuccio/robotics-lab-usi-robomaster/install/robomaster_description/share/robomaster_description/urdf/intelligent_controller.urdf.xacro
[5.871s] -- Symlinking: /Users/francescodevito/Documents/USI/Primo_Anno/Robotics/pinuccio/robotics-lab-usi-robomaster/install/robomaster_description/share/robomaster_description/urdf/led.urdf.xacro
[5.882s] -- Symlinking: /Users/francescodevito/Documents/USI/Primo_Anno/Robotics/pinuccio/robotics-lab-usi-robomaster/install/robomaster_description/share/robomaster_description/urdf/robomaster_ep.urdf.xacro
[5.894s] -- Symlinking: /Users/francescodevito/Documents/USI/Primo_Anno/Robotics/pinuccio/robotics-lab-usi-robomaster/install/robomaster_description/share/robomaster_description/urdf/robomaster_s1.urdf.xacro
[5.906s] -- Symlinking: /Users/francescodevito/Documents/USI/Primo_Anno/Robotics/pinuccio/robotics-lab-usi-robomaster/install/robomaster_description/share/robomaster_description/urdf/tof.urdf.xacro
[5.918s] -- Symlinking: /Users/francescodevito/Documents/USI/Primo_Anno/Robotics/pinuccio/robotics-lab-usi-robomaster/install/robomaster_description/share/robomaster_description/urdf/wheel.urdf.xacro
[5.929s] -- Symlinking: /Users/francescodevito/Documents/USI/Primo_Anno/Robotics/pinuccio/robotics-lab-usi-robomaster/install/robomaster_description/share/robomaster_description/launch/main.launch
[5.948s] -- Symlinking: /Users/francescodevito/Documents/USI/Primo_Anno/Robotics/pinuccio/robotics-lab-usi-robomaster/install/robomaster_description/share/robomaster_description/launch/model.launch.py
[5.960s] -- Symlinking: /Users/francescodevito/Documents/USI/Primo_Anno/Robotics/pinuccio/robotics-lab-usi-robomaster/install/robomaster_description/share/robomaster_description/meshes/EP_all_01_b.png
[5.970s] -- Symlinking: /Users/francescodevito/Documents/USI/Primo_Anno/Robotics/pinuccio/robotics-lab-usi-robomaster/install/robomaster_description/share/robomaster_description/meshes/TOP_Base_Color.png
[5.981s] -- Symlinking: /Users/francescodevito/Documents/USI/Primo_Anno/Robotics/pinuccio/robotics-lab-usi-robomaster/install/robomaster_description/share/robomaster_description/meshes/TOP_Base_Color.png.001.png
[5.992s] -- Symlinking: /Users/francescodevito/Documents/USI/Primo_Anno/Robotics/pinuccio/robotics-lab-usi-robomaster/install/robomaster_description/share/robomaster_description/meshes/TOP_Normal_OpenGL.png
[6.015s] -- Symlinking: /Users/francescodevito/Documents/USI/Primo_Anno/Robotics/pinuccio/robotics-lab-usi-robomaster/install/robomaster_description/share/robomaster_description/meshes/TOP_Normal_OpenGL.png.001.png
[6.026s] -- Symlinking: /Users/francescodevito/Documents/USI/Primo_Anno/Robotics/pinuccio/robotics-lab-usi-robomaster/install/robomaster_description/share/robomaster_description/meshes/arm_1.dae
[6.037s] -- Symlinking: /Users/francescodevito/Documents/USI/Primo_Anno/Robotics/pinuccio/robotics-lab-usi-robomaster/install/robomaster_description/share/robomaster_description/meshes/arm_1_collision.dae
[6.049s] -- Symlinking: /Users/francescodevito/Documents/USI/Primo_Anno/Robotics/pinuccio/robotics-lab-usi-robomaster/install/robomaster_description/share/robomaster_description/meshes/arm_1_cylinder.dae
[6.060s] -- Symlinking: /Users/francescodevito/Documents/USI/Primo_Anno/Robotics/pinuccio/robotics-lab-usi-robomaster/install/robomaster_description/share/robomaster_description/meshes/arm_2.dae
[6.071s] -- Symlinking: /Users/francescodevito/Documents/USI/Primo_Anno/Robotics/pinuccio/robotics-lab-usi-robomaster/install/robomaster_description/share/robomaster_description/meshes/arm_2_bar_1.dae
[6.082s] -- Symlinking: /Users/francescodevito/Documents/USI/Primo_Anno/Robotics/pinuccio/robotics-lab-usi-robomaster/install/robomaster_description/share/robomaster_description/meshes/arm_2_bar_2.dae
[6.093s] -- Symlinking: /Users/francescodevito/Documents/USI/Primo_Anno/Robotics/pinuccio/robotics-lab-usi-robomaster/install/robomaster_description/share/robomaster_description/meshes/arm_2_collision.dae
[6.104s] -- Symlinking: /Users/francescodevito/Documents/USI/Primo_Anno/Robotics/pinuccio/robotics-lab-usi-robomaster/install/robomaster_description/share/robomaster_description/meshes/arm_base.dae
[6.117s] -- Symlinking: /Users/francescodevito/Documents/USI/Primo_Anno/Robotics/pinuccio/robotics-lab-usi-robomaster/install/robomaster_description/share/robomaster_description/meshes/arm_base_collision.dae
[6.129s] -- Symlinking: /Users/francescodevito/Documents/USI/Primo_Anno/Robotics/pinuccio/robotics-lab-usi-robomaster/install/robomaster_description/share/robomaster_description/meshes/armor.dae
[6.140s] -- Symlinking: /Users/francescodevito/Documents/USI/Primo_Anno/Robotics/pinuccio/robotics-lab-usi-robomaster/install/robomaster_description/share/robomaster_description/meshes/base_collision.dae
[6.152s] -- Symlinking: /Users/francescodevito/Documents/USI/Primo_Anno/Robotics/pinuccio/robotics-lab-usi-robomaster/install/robomaster_description/share/robomaster_description/meshes/battery.dae
[6.163s] -- Symlinking: /Users/francescodevito/Documents/USI/Primo_Anno/Robotics/pinuccio/robotics-lab-usi-robomaster/install/robomaster_description/share/robomaster_description/meshes/battery_pin_left.dae
[6.174s] -- Symlinking: /Users/francescodevito/Documents/USI/Primo_Anno/Robotics/pinuccio/robotics-lab-usi-robomaster/install/robomaster_description/share/robomaster_description/meshes/battery_pin_right.dae
[6.185s] -- Symlinking: /Users/francescodevito/Documents/USI/Primo_Anno/Robotics/pinuccio/robotics-lab-usi-robomaster/install/robomaster_description/share/robomaster_description/meshes/blaster_bug.dae
[6.196s] -- Symlinking: /Users/francescodevito/Documents/USI/Primo_Anno/Robotics/pinuccio/robotics-lab-usi-robomaster/install/robomaster_description/share/robomaster_description/meshes/blaster_gun.dae
[6.207s] -- Symlinking: /Users/francescodevito/Documents/USI/Primo_Anno/Robotics/pinuccio/robotics-lab-usi-robomaster/install/robomaster_description/share/robomaster_description/meshes/blaster_gun_collision.dae
[6.218s] -- Symlinking: /Users/francescodevito/Documents/USI/Primo_Anno/Robotics/pinuccio/robotics-lab-usi-robomaster/install/robomaster_description/share/robomaster_description/meshes/blaster_magazin.dae
[6.229s] -- Symlinking: /Users/francescodevito/Documents/USI/Primo_Anno/Robotics/pinuccio/robotics-lab-usi-robomaster/install/robomaster_description/share/robomaster_description/meshes/blaster_magazin_collision.dae
[6.239s] -- Symlinking: /Users/francescodevito/Documents/USI/Primo_Anno/Robotics/pinuccio/robotics-lab-usi-robomaster/install/robomaster_description/share/robomaster_description/meshes/blaster_top.dae
[6.249s] -- Symlinking: /Users/francescodevito/Documents/USI/Primo_Anno/Robotics/pinuccio/robotics-lab-usi-robomaster/install/robomaster_description/share/robomaster_description/meshes/blaster_top_collision.dae
[6.260s] -- Symlinking: /Users/francescodevito/Documents/USI/Primo_Anno/Robotics/pinuccio/robotics-lab-usi-robomaster/install/robomaster_description/share/robomaster_description/meshes/camera.dae
[6.271s] -- Symlinking: /Users/francescodevito/Documents/USI/Primo_Anno/Robotics/pinuccio/robotics-lab-usi-robomaster/install/robomaster_description/share/robomaster_description/meshes/chassis.dae
[6.282s] -- Symlinking: /Users/francescodevito/Documents/USI/Primo_Anno/Robotics/pinuccio/robotics-lab-usi-robomaster/install/robomaster_description/share/robomaster_description/meshes/controller.dae
[6.292s] -- Symlinking: /Users/francescodevito/Documents/USI/Primo_Anno/Robotics/pinuccio/robotics-lab-usi-robomaster/install/robomaster_description/share/robomaster_description/meshes/controller_cover.dae
[6.303s] -- Symlinking: /Users/francescodevito/Documents/USI/Primo_Anno/Robotics/pinuccio/robotics-lab-usi-robomaster/install/robomaster_description/share/robomaster_description/meshes/endpoint_bracket.dae
[6.314s] -- Symlinking: /Users/francescodevito/Documents/USI/Primo_Anno/Robotics/pinuccio/robotics-lab-usi-robomaster/install/robomaster_description/share/robomaster_description/meshes/endpoint_bracket_collision.dae
[6.324s] -- Symlinking: /Users/francescodevito/Documents/USI/Primo_Anno/Robotics/pinuccio/robotics-lab-usi-robomaster/install/robomaster_description/share/robomaster_description/meshes/extension_base.dae
[6.335s] -- Symlinking: /Users/francescodevito/Documents/USI/Primo_Anno/Robotics/pinuccio/robotics-lab-usi-robomaster/install/robomaster_description/share/robomaster_description/meshes/extension_support.dae
[6.346s] -- Symlinking: /Users/francescodevito/Documents/USI/Primo_Anno/Robotics/pinuccio/robotics-lab-usi-robomaster/install/robomaster_description/share/robomaster_description/meshes/front_hit_sensor.dae
[6.358s] -- Symlinking: /Users/francescodevito/Documents/USI/Primo_Anno/Robotics/pinuccio/robotics-lab-usi-robomaster/install/robomaster_description/share/robomaster_description/meshes/front_led.dae
[6.369s] -- Symlinking: /Users/francescodevito/Documents/USI/Primo_Anno/Robotics/pinuccio/robotics-lab-usi-robomaster/install/robomaster_description/share/robomaster_description/meshes/front_left_wheel.dae
[6.379s] -- Symlinking: /Users/francescodevito/Documents/USI/Primo_Anno/Robotics/pinuccio/robotics-lab-usi-robomaster/install/robomaster_description/share/robomaster_description/meshes/front_right_wheel.dae
[6.389s] -- Symlinking: /Users/francescodevito/Documents/USI/Primo_Anno/Robotics/pinuccio/robotics-lab-usi-robomaster/install/robomaster_description/share/robomaster_description/meshes/gimbal.dae
[6.400s] -- Symlinking: /Users/francescodevito/Documents/USI/Primo_Anno/Robotics/pinuccio/robotics-lab-usi-robomaster/install/robomaster_description/share/robomaster_description/meshes/gimbal_base.dae
[6.410s] -- Symlinking: /Users/francescodevito/Documents/USI/Primo_Anno/Robotics/pinuccio/robotics-lab-usi-robomaster/install/robomaster_description/share/robomaster_description/meshes/gimbal_base_collision.dae
[6.420s] -- Symlinking: /Users/francescodevito/Documents/USI/Primo_Anno/Robotics/pinuccio/robotics-lab-usi-robomaster/install/robomaster_description/share/robomaster_description/meshes/gimbal_collision.dae
[6.430s] -- Symlinking: /Users/francescodevito/Documents/USI/Primo_Anno/Robotics/pinuccio/robotics-lab-usi-robomaster/install/robomaster_description/share/robomaster_description/meshes/gimbal_left_armor.dae
[6.440s] -- Symlinking: /Users/francescodevito/Documents/USI/Primo_Anno/Robotics/pinuccio/robotics-lab-usi-robomaster/install/robomaster_description/share/robomaster_description/meshes/gimbal_left_led.dae
[6.450s] -- Symlinking: /Users/francescodevito/Documents/USI/Primo_Anno/Robotics/pinuccio/robotics-lab-usi-robomaster/install/robomaster_description/share/robomaster_description/meshes/gimbal_left_led_0.dae
[6.460s] -- Symlinking: /Users/francescodevito/Documents/USI/Primo_Anno/Robotics/pinuccio/robotics-lab-usi-robomaster/install/robomaster_description/share/robomaster_description/meshes/gimbal_left_led_1.dae
[6.470s] -- Symlinking: /Users/francescodevito/Documents/USI/Primo_Anno/Robotics/pinuccio/robotics-lab-usi-robomaster/install/robomaster_description/share/robomaster_description/meshes/gimbal_left_led_2.dae
[6.480s] -- Symlinking: /Users/francescodevito/Documents/USI/Primo_Anno/Robotics/pinuccio/robotics-lab-usi-robomaster/install/robomaster_description/share/robomaster_description/meshes/gimbal_left_led_3.dae
[6.490s] -- Symlinking: /Users/francescodevito/Documents/USI/Primo_Anno/Robotics/pinuccio/robotics-lab-usi-robomaster/install/robomaster_description/share/robomaster_description/meshes/gimbal_left_led_4.dae
[6.500s] -- Symlinking: /Users/francescodevito/Documents/USI/Primo_Anno/Robotics/pinuccio/robotics-lab-usi-robomaster/install/robomaster_description/share/robomaster_description/meshes/gimbal_left_led_5.dae
[6.510s] -- Symlinking: /Users/francescodevito/Documents/USI/Primo_Anno/Robotics/pinuccio/robotics-lab-usi-robomaster/install/robomaster_description/share/robomaster_description/meshes/gimbal_left_led_6.dae
[6.520s] -- Symlinking: /Users/francescodevito/Documents/USI/Primo_Anno/Robotics/pinuccio/robotics-lab-usi-robomaster/install/robomaster_description/share/robomaster_description/meshes/gimbal_left_led_7.dae
[6.531s] -- Symlinking: /Users/francescodevito/Documents/USI/Primo_Anno/Robotics/pinuccio/robotics-lab-usi-robomaster/install/robomaster_description/share/robomaster_description/meshes/gimbal_right_armor.dae
[6.541s] -- Symlinking: /Users/francescodevito/Documents/USI/Primo_Anno/Robotics/pinuccio/robotics-lab-usi-robomaster/install/robomaster_description/share/robomaster_description/meshes/gimbal_right_led.dae
[6.551s] -- Symlinking: /Users/francescodevito/Documents/USI/Primo_Anno/Robotics/pinuccio/robotics-lab-usi-robomaster/install/robomaster_description/share/robomaster_description/meshes/gimbal_right_led7.dae
[6.562s] -- Symlinking: /Users/francescodevito/Documents/USI/Primo_Anno/Robotics/pinuccio/robotics-lab-usi-robomaster/install/robomaster_description/share/robomaster_description/meshes/gimbal_right_led_0.dae
[6.572s] -- Symlinking: /Users/francescodevito/Documents/USI/Primo_Anno/Robotics/pinuccio/robotics-lab-usi-robomaster/install/robomaster_description/share/robomaster_description/meshes/gimbal_right_led_1.dae
[6.583s] -- Symlinking: /Users/francescodevito/Documents/USI/Primo_Anno/Robotics/pinuccio/robotics-lab-usi-robomaster/install/robomaster_description/share/robomaster_description/meshes/gimbal_right_led_2.dae
[6.593s] -- Symlinking: /Users/francescodevito/Documents/USI/Primo_Anno/Robotics/pinuccio/robotics-lab-usi-robomaster/install/robomaster_description/share/robomaster_description/meshes/gimbal_right_led_3.dae
[6.603s] -- Symlinking: /Users/francescodevito/Documents/USI/Primo_Anno/Robotics/pinuccio/robotics-lab-usi-robomaster/install/robomaster_description/share/robomaster_description/meshes/gimbal_right_led_4.dae
[6.613s] -- Symlinking: /Users/francescodevito/Documents/USI/Primo_Anno/Robotics/pinuccio/robotics-lab-usi-robomaster/install/robomaster_description/share/robomaster_description/meshes/gimbal_right_led_5.dae
[6.623s] -- Symlinking: /Users/francescodevito/Documents/USI/Primo_Anno/Robotics/pinuccio/robotics-lab-usi-robomaster/install/robomaster_description/share/robomaster_description/meshes/gimbal_right_led_6.dae
[6.633s] -- Symlinking: /Users/francescodevito/Documents/USI/Primo_Anno/Robotics/pinuccio/robotics-lab-usi-robomaster/install/robomaster_description/share/robomaster_description/meshes/gimbal_right_led_7.dae
[6.643s] -- Symlinking: /Users/francescodevito/Documents/USI/Primo_Anno/Robotics/pinuccio/robotics-lab-usi-robomaster/install/robomaster_description/share/robomaster_description/meshes/gimbal_side.dae
[6.653s] -- Symlinking: /Users/francescodevito/Documents/USI/Primo_Anno/Robotics/pinuccio/robotics-lab-usi-robomaster/install/robomaster_description/share/robomaster_description/meshes/gripper_base.dae
[6.663s] -- Symlinking: /Users/francescodevito/Documents/USI/Primo_Anno/Robotics/pinuccio/robotics-lab-usi-robomaster/install/robomaster_description/share/robomaster_description/meshes/gripper_base_collision.dae
[6.673s] -- Symlinking: /Users/francescodevito/Documents/USI/Primo_Anno/Robotics/pinuccio/robotics-lab-usi-robomaster/install/robomaster_description/share/robomaster_description/meshes/gripper_left_1.dae
[6.683s] -- Symlinking: /Users/francescodevito/Documents/USI/Primo_Anno/Robotics/pinuccio/robotics-lab-usi-robomaster/install/robomaster_description/share/robomaster_description/meshes/gripper_left_2.dae
[6.693s] -- Symlinking: /Users/francescodevito/Documents/USI/Primo_Anno/Robotics/pinuccio/robotics-lab-usi-robomaster/install/robomaster_description/share/robomaster_description/meshes/gripper_left_2_collision.dae
[6.703s] -- Symlinking: /Users/francescodevito/Documents/USI/Primo_Anno/Robotics/pinuccio/robotics-lab-usi-robomaster/install/robomaster_description/share/robomaster_description/meshes/gripper_left_4.dae
[6.714s] -- Symlinking: /Users/francescodevito/Documents/USI/Primo_Anno/Robotics/pinuccio/robotics-lab-usi-robomaster/install/robomaster_description/share/robomaster_description/meshes/gripper_left_4_collision.dae
[6.724s] -- Symlinking: /Users/francescodevito/Documents/USI/Primo_Anno/Robotics/pinuccio/robotics-lab-usi-robomaster/install/robomaster_description/share/robomaster_description/meshes/gripper_left_5.dae
[6.735s] -- Symlinking: /Users/francescodevito/Documents/USI/Primo_Anno/Robotics/pinuccio/robotics-lab-usi-robomaster/install/robomaster_description/share/robomaster_description/meshes/gripper_left_5_collision.dae
[6.745s] -- Symlinking: /Users/francescodevito/Documents/USI/Primo_Anno/Robotics/pinuccio/robotics-lab-usi-robomaster/install/robomaster_description/share/robomaster_description/meshes/gripper_left_6.dae
[6.756s] -- Symlinking: /Users/francescodevito/Documents/USI/Primo_Anno/Robotics/pinuccio/robotics-lab-usi-robomaster/install/robomaster_description/share/robomaster_description/meshes/gripper_left_6_collision.dae
[6.767s] -- Symlinking: /Users/francescodevito/Documents/USI/Primo_Anno/Robotics/pinuccio/robotics-lab-usi-robomaster/install/robomaster_description/share/robomaster_description/meshes/gripper_left_7.dae
[6.777s] -- Symlinking: /Users/francescodevito/Documents/USI/Primo_Anno/Robotics/pinuccio/robotics-lab-usi-robomaster/install/robomaster_description/share/robomaster_description/meshes/gripper_left_collision.dae
[6.788s] -- Symlinking: /Users/francescodevito/Documents/USI/Primo_Anno/Robotics/pinuccio/robotics-lab-usi-robomaster/install/robomaster_description/share/robomaster_description/meshes/hit_sensor.dae
[6.798s] -- Symlinking: /Users/francescodevito/Documents/USI/Primo_Anno/Robotics/pinuccio/robotics-lab-usi-robomaster/install/robomaster_description/share/robomaster_description/meshes/intelligent_controller.dae
[6.809s] -- Symlinking: /Users/francescodevito/Documents/USI/Primo_Anno/Robotics/pinuccio/robotics-lab-usi-robomaster/install/robomaster_description/share/robomaster_description/meshes/led.dae
[6.821s] -- Symlinking: /Users/francescodevito/Documents/USI/Primo_Anno/Robotics/pinuccio/robotics-lab-usi-robomaster/install/robomaster_description/share/robomaster_description/meshes/left_hit_sensor.dae
[6.842s] -- Symlinking: /Users/francescodevito/Documents/USI/Primo_Anno/Robotics/pinuccio/robotics-lab-usi-robomaster/install/robomaster_description/share/robomaster_description/meshes/left_led.dae
[6.877s] -- Symlinking: /Users/francescodevito/Documents/USI/Primo_Anno/Robotics/pinuccio/robotics-lab-usi-robomaster/install/robomaster_description/share/robomaster_description/meshes/left_servo.dae
[6.903s] -- Symlinking: /Users/francescodevito/Documents/USI/Primo_Anno/Robotics/pinuccio/robotics-lab-usi-robomaster/install/robomaster_description/share/robomaster_description/meshes/rear_hit_sensor.dae
[6.931s] -- Symlinking: /Users/francescodevito/Documents/USI/Primo_Anno/Robotics/pinuccio/robotics-lab-usi-robomaster/install/robomaster_description/share/robomaster_description/meshes/rear_led.dae
[6.949s] -- Symlinking: /Users/francescodevito/Documents/USI/Primo_Anno/Robotics/pinuccio/robotics-lab-usi-robomaster/install/robomaster_description/share/robomaster_description/meshes/rear_left_wheel.dae
[6.968s] -- Symlinking: /Users/francescodevito/Documents/USI/Primo_Anno/Robotics/pinuccio/robotics-lab-usi-robomaster/install/robomaster_description/share/robomaster_description/meshes/rear_right_wheel.dae
[6.985s] -- Symlinking: /Users/francescodevito/Documents/USI/Primo_Anno/Robotics/pinuccio/robotics-lab-usi-robomaster/install/robomaster_description/share/robomaster_description/meshes/right_gripper_1.dae
[7.005s] -- Symlinking: /Users/francescodevito/Documents/USI/Primo_Anno/Robotics/pinuccio/robotics-lab-usi-robomaster/install/robomaster_description/share/robomaster_description/meshes/right_gripper_2.dae
[7.020s] -- Symlinking: /Users/francescodevito/Documents/USI/Primo_Anno/Robotics/pinuccio/robotics-lab-usi-robomaster/install/robomaster_description/share/robomaster_description/meshes/right_gripper_2_collision.dae
[7.040s] -- Symlinking: /Users/francescodevito/Documents/USI/Primo_Anno/Robotics/pinuccio/robotics-lab-usi-robomaster/install/robomaster_description/share/robomaster_description/meshes/right_gripper_4.dae
[7.058s] -- Symlinking: /Users/francescodevito/Documents/USI/Primo_Anno/Robotics/pinuccio/robotics-lab-usi-robomaster/install/robomaster_description/share/robomaster_description/meshes/right_gripper_4_collision.dae
[7.077s] -- Symlinking: /Users/francescodevito/Documents/USI/Primo_Anno/Robotics/pinuccio/robotics-lab-usi-robomaster/install/robomaster_description/share/robomaster_description/meshes/right_gripper_5.dae
[7.098s] -- Symlinking: /Users/francescodevito/Documents/USI/Primo_Anno/Robotics/pinuccio/robotics-lab-usi-robomaster/install/robomaster_description/share/robomaster_description/meshes/right_gripper_5_collision.dae
[7.116s] -- Symlinking: /Users/francescodevito/Documents/USI/Primo_Anno/Robotics/pinuccio/robotics-lab-usi-robomaster/install/robomaster_description/share/robomaster_description/meshes/right_gripper_6.dae
[7.130s] -- Symlinking: /Users/francescodevito/Documents/USI/Primo_Anno/Robotics/pinuccio/robotics-lab-usi-robomaster/install/robomaster_description/share/robomaster_description/meshes/right_gripper_6_collision.dae
[7.148s] -- Symlinking: /Users/francescodevito/Documents/USI/Primo_Anno/Robotics/pinuccio/robotics-lab-usi-robomaster/install/robomaster_description/share/robomaster_description/meshes/right_gripper_7.dae
[7.168s] -- Symlinking: /Users/francescodevito/Documents/USI/Primo_Anno/Robotics/pinuccio/robotics-lab-usi-robomaster/install/robomaster_description/share/robomaster_description/meshes/right_gripper_7_collision.dae
[7.186s] -- Symlinking: /Users/francescodevito/Documents/USI/Primo_Anno/Robotics/pinuccio/robotics-lab-usi-robomaster/install/robomaster_description/share/robomaster_description/meshes/right_hit_sensor.dae
[7.204s] -- Symlinking: /Users/francescodevito/Documents/USI/Primo_Anno/Robotics/pinuccio/robotics-lab-usi-robomaster/install/robomaster_description/share/robomaster_description/meshes/right_led.dae
[7.217s] -- Symlinking: /Users/francescodevito/Documents/USI/Primo_Anno/Robotics/pinuccio/robotics-lab-usi-robomaster/install/robomaster_description/share/robomaster_description/meshes/right_servo.dae
[7.235s] -- Symlinking: /Users/francescodevito/Documents/USI/Primo_Anno/Robotics/pinuccio/robotics-lab-usi-robomaster/install/robomaster_description/share/robomaster_description/meshes/rod.dae
[7.255s] -- Symlinking: /Users/francescodevito/Documents/USI/Primo_Anno/Robotics/pinuccio/robotics-lab-usi-robomaster/install/robomaster_description/share/robomaster_description/meshes/rod_1.dae
[7.274s] -- Symlinking: /Users/francescodevito/Documents/USI/Primo_Anno/Robotics/pinuccio/robotics-lab-usi-robomaster/install/robomaster_description/share/robomaster_description/meshes/rod_1_collision.dae
[7.292s] -- Symlinking: /Users/francescodevito/Documents/USI/Primo_Anno/Robotics/pinuccio/robotics-lab-usi-robomaster/install/robomaster_description/share/robomaster_description/meshes/rod_2.dae
[7.311s] -- Symlinking: /Users/francescodevito/Documents/USI/Primo_Anno/Robotics/pinuccio/robotics-lab-usi-robomaster/install/robomaster_description/share/robomaster_description/meshes/rod_2_collision.dae
[7.335s] -- Symlinking: /Users/francescodevito/Documents/USI/Primo_Anno/Robotics/pinuccio/robotics-lab-usi-robomaster/install/robomaster_description/share/robomaster_description/meshes/rod_3.dae
[7.349s] -- Symlinking: /Users/francescodevito/Documents/USI/Primo_Anno/Robotics/pinuccio/robotics-lab-usi-robomaster/install/robomaster_description/share/robomaster_description/meshes/rod_3_collision.dae
[7.368s] -- Symlinking: /Users/francescodevito/Documents/USI/Primo_Anno/Robotics/pinuccio/robotics-lab-usi-robomaster/install/robomaster_description/share/robomaster_description/meshes/rod_collision.dae
[7.388s] -- Symlinking: /Users/francescodevito/Documents/USI/Primo_Anno/Robotics/pinuccio/robotics-lab-usi-robomaster/install/robomaster_description/share/robomaster_description/meshes/speaker.dae
[7.402s] -- Symlinking: /Users/francescodevito/Documents/USI/Primo_Anno/Robotics/pinuccio/robotics-lab-usi-robomaster/install/robomaster_description/share/robomaster_description/meshes/speaker_collision.dae
[7.420s] -- Symlinking: /Users/francescodevito/Documents/USI/Primo_Anno/Robotics/pinuccio/robotics-lab-usi-robomaster/install/robomaster_description/share/robomaster_description/meshes/triangle.dae
[7.440s] -- Symlinking: /Users/francescodevito/Documents/USI/Primo_Anno/Robotics/pinuccio/robotics-lab-usi-robomaster/install/robomaster_description/share/robomaster_description/meshes/triangle_collision.dae
[7.460s] -- Symlinking: /Users/francescodevito/Documents/USI/Primo_Anno/Robotics/pinuccio/robotics-lab-usi-robomaster/install/robomaster_description/share/robomaster_description/meshes/wheel.dae
[7.478s] -- Symlinking: /Users/francescodevito/Documents/USI/Primo_Anno/Robotics/pinuccio/robotics-lab-usi-robomaster/install/robomaster_description/share/robomaster_description/meshes/wifi_antenna_left.dae
[7.493s] -- Symlinking: /Users/francescodevito/Documents/USI/Primo_Anno/Robotics/pinuccio/robotics-lab-usi-robomaster/install/robomaster_description/share/robomaster_description/meshes/wifi_antenna_right.dae
[7.511s] -- Symlinking: /Users/francescodevito/Documents/USI/Primo_Anno/Robotics/pinuccio/robotics-lab-usi-robomaster/install/robomaster_description/share/ament_index/resource_index/package_run_dependencies/robomaster_description
[7.531s] -- Symlinking: /Users/francescodevito/Documents/USI/Primo_Anno/Robotics/pinuccio/robotics-lab-usi-robomaster/install/robomaster_description/share/ament_index/resource_index/parent_prefix_path/robomaster_description
[7.550s] -- Symlinking: /Users/francescodevito/Documents/USI/Primo_Anno/Robotics/pinuccio/robotics-lab-usi-robomaster/install/robomaster_description/share/robomaster_description/environment/ament_prefix_path.sh
[7.569s] -- Symlinking: /Users/francescodevito/Documents/USI/Primo_Anno/Robotics/pinuccio/robotics-lab-usi-robomaster/install/robomaster_description/share/robomaster_description/environment/ament_prefix_path.dsv
[7.588s] -- Symlinking: /Users/francescodevito/Documents/USI/Primo_Anno/Robotics/pinuccio/robotics-lab-usi-robomaster/install/robomaster_description/share/robomaster_description/environment/path.sh
[7.605s] -- Symlinking: /Users/francescodevito/Documents/USI/Primo_Anno/Robotics/pinuccio/robotics-lab-usi-robomaster/install/robomaster_description/share/robomaster_description/environment/path.dsv
[7.622s] -- Symlinking: /Users/francescodevito/Documents/USI/Primo_Anno/Robotics/pinuccio/robotics-lab-usi-robomaster/install/robomaster_description/share/robomaster_description/local_setup.bash
[7.641s] -- Symlinking: /Users/francescodevito/Documents/USI/Primo_Anno/Robotics/pinuccio/robotics-lab-usi-robomaster/install/robomaster_description/share/robomaster_description/local_setup.sh
[7.660s] -- Symlinking: /Users/francescodevito/Documents/USI/Primo_Anno/Robotics/pinuccio/robotics-lab-usi-robomaster/install/robomaster_description/share/robomaster_description/local_setup.zsh
[7.679s] -- Symlinking: /Users/francescodevito/Documents/USI/Primo_Anno/Robotics/pinuccio/robotics-lab-usi-robomaster/install/robomaster_description/share/robomaster_description/local_setup.dsv
[7.697s] -- Symlinking: /Users/francescodevito/Documents/USI/Primo_Anno/Robotics/pinuccio/robotics-lab-usi-robomaster/install/robomaster_description/share/robomaster_description/package.dsv
[7.713s] -- Symlinking: /Users/francescodevito/Documents/USI/Primo_Anno/Robotics/pinuccio/robotics-lab-usi-robomaster/install/robomaster_description/share/ament_index/resource_index/packages/robomaster_description
[7.733s] -- Symlinking: /Users/francescodevito/Documents/USI/Primo_Anno/Robotics/pinuccio/robotics-lab-usi-robomaster/install/robomaster_description/share/robomaster_description/cmake/robomaster_descriptionConfig.cmake
[7.749s] -- Symlinking: /Users/francescodevito/Documents/USI/Primo_Anno/Robotics/pinuccio/robotics-lab-usi-robomaster/install/robomaster_description/share/robomaster_description/cmake/robomaster_descriptionConfig-version.cmake
[7.763s] -- Symlinking: /Users/francescodevito/Documents/USI/Primo_Anno/Robotics/pinuccio/robotics-lab-usi-robomaster/install/robomaster_description/share/robomaster_description/package.xml
[7.778s] Invoked command in '/Users/francescodevito/Documents/USI/Primo_Anno/Robotics/pinuccio/robotics-lab-usi-robomaster/build/robomaster_description' returned '0': CONDA_PROMPT_MODIFIER=(base) PIXI_PROMPT=(robotics-lab-usi-robomaster) SHLVL=3 _=/usr/bin/env /Users/francescodevito/Documents/USI/Primo_Anno/Robotics/pinuccio/robotics-lab-usi-robomaster/.pixi/envs/default/bin/cmake --install /Users/francescodevito/Documents/USI/Primo_Anno/Robotics/pinuccio/robotics-lab-usi-robomaster/build/robomaster_description
