[0.016s] Invoking command in '/Users/francescodevito/Documents/USI/Primo_Anno/Robotics/pinuccio/robotics-lab-usi-robomaster/build/robomaster_simulation': CONDA_PROMPT_MODIFIER=(base) PIXI_PROMPT=(robotics-lab-usi-robomaster) SHLVL=3 _=/usr/bin/env /Users/francescodevito/Documents/USI/Primo_Anno/Robotics/pinuccio/robotics-lab-usi-robomaster/.pixi/envs/default/bin/cmake --build /Users/francescodevito/Documents/USI/Primo_Anno/Robotics/pinuccio/robotics-lab-usi-robomaster/build/robomaster_simulation -- -j12 -l12
[0.136s] [  6%] Built target test_encoder
[0.179s] [ 25%] Built target robot
[0.277s] [ 32%] Built target test_robot
[0.359s] [ 76%] Built target robomaster
[0.480s] [ 81%] Built target test
[0.543s] [100%] Built target simRobomaster
[0.556s] Invoked command in '/Users/francescodevito/Documents/USI/Primo_Anno/Robotics/pinuccio/robotics-lab-usi-robomaster/build/robomaster_simulation' returned '0': CONDA_PROMPT_MODIFIER=(base) PIXI_PROMPT=(robotics-lab-usi-robomaster) SHLVL=3 _=/usr/bin/env /Users/francescodevito/Documents/USI/Primo_Anno/Robotics/pinuccio/robotics-lab-usi-robomaster/.pixi/envs/default/bin/cmake --build /Users/francescodevito/Documents/USI/Primo_Anno/Robotics/pinuccio/robotics-lab-usi-robomaster/build/robomaster_simulation -- -j12 -l12
[0.962s] Invoking command in '/Users/francescodevito/Documents/USI/Primo_Anno/Robotics/pinuccio/robotics-lab-usi-robomaster/build/robomaster_simulation': CONDA_PROMPT_MODIFIER=(base) PIXI_PROMPT=(robotics-lab-usi-robomaster) SHLVL=3 _=/usr/bin/env /Users/francescodevito/Documents/USI/Primo_Anno/Robotics/pinuccio/robotics-lab-usi-robomaster/.pixi/envs/default/bin/cmake --install /Users/francescodevito/Documents/USI/Primo_Anno/Robotics/pinuccio/robotics-lab-usi-robomaster/build/robomaster_simulation
[0.971s] -- Install configuration: ""
[0.972s] -- Up-to-date: /Applications/coppeliaSim.app/Contents/Resources/lua/simRobomaster-typecheck.lua
[0.972s] -- Up-to-date: /Applications/coppeliaSim.app/Contents/Resources/lua/simRobomaster.lua
[0.972s] -- Up-to-date: /Applications/coppeliaSim.app/Contents/Resources/manual/en/simRobomaster.htm
[0.972s] -- Up-to-date: /Applications/coppeliaSim.app/Contents/Resources/manual/index/simRobomaster.json
[0.972s] -- Up-to-date: /Applications/coppeliaSim.app/Contents/Resources/lua/simRobomaster-ce.lua
[0.972s] -- Up-to-date: /Applications/coppeliaSim.app/Contents/MacOS/libsimRobomaster.dylib
[0.972s] -- Up-to-date: /Applications/coppeliaSim.app/Contents/Resources/models/robots/mobile/RoboMasterEP.ttm
[0.972s] -- Up-to-date: /Applications/coppeliaSim.app/Contents/Resources/models/robots/mobile/RoboMasterS1.ttm
[0.972s] -- Up-to-date: /Applications/coppeliaSim.app/Contents/Resources/models/components/sensors/RoboMasterDistanceSensor.ttm
[0.973s] Invoked command in '/Users/francescodevito/Documents/USI/Primo_Anno/Robotics/pinuccio/robotics-lab-usi-robomaster/build/robomaster_simulation' returned '0': CONDA_PROMPT_MODIFIER=(base) PIXI_PROMPT=(robotics-lab-usi-robomaster) SHLVL=3 _=/usr/bin/env /Users/francescodevito/Documents/USI/Primo_Anno/Robotics/pinuccio/robotics-lab-usi-robomaster/.pixi/envs/default/bin/cmake --install /Users/francescodevito/Documents/USI/Primo_Anno/Robotics/pinuccio/robotics-lab-usi-robomaster/build/robomaster_simulation
