[0.017s] Invoking command in '/Users/francescodevito/Documents/USI/Primo_Anno/Robotics/pinuccio/robotics-lab-usi-robomaster/build/robomaster_simulation': CONDA_PROMPT_MODIFIER=(base) PIXI_PROMPT=(robotics-lab-usi-robomaster) SHLVL=3 _=/usr/bin/env /Users/francescodevito/Documents/USI/Primo_Anno/Robotics/pinuccio/robotics-lab-usi-robomaster/.pixi/envs/default/bin/cmake --build /Users/francescodevito/Documents/USI/Primo_Anno/Robotics/pinuccio/robotics-lab-usi-robomaster/build/robomaster_simulation -- -j12 -l12
[0.077s] -- Found Boost: /Users/francescodevito/Documents/USI/Primo_Anno/Robotics/pinuccio/robotics-lab-usi-robomaster/.pixi/envs/default/lib/cmake/Boost-1.78.0/BoostConfig.cmake (found version "1.78.0") found components: system thread 
[0.078s] -- CoppeliaSim: COPPELIASIM_INCLUDE_DIR: /Applications/coppeliaSim.app/Contents/Resources/programming/include
[0.078s] -- CoppeliaSim: COPPELIASIM_ROOT_DIR: /Applications/coppeliaSim.app/Contents/Resources
[0.078s] -- Checking CoppeliaSim header version...
[0.765s] -- CoppeliaSim headers version 4.7.0 rev4
[0.765s] -- CoppeliaSim: COPPELIASIM_RESOURCES_DIR: /Applications/coppeliaSim.app/Contents/Resources
[0.765s] -- CoppeliaSim: COPPELIASIM_PLUGINS_DIR: /Applications/coppeliaSim.app/Contents/MacOS
[0.765s] -- CoppeliaSim: COPPELIASIM_EXECUTABLES_DIR: /Applications/coppeliaSim.app/Contents/MacOS
[0.765s] -- CoppeliaSim: COPPELIASIM_LIBRARIES_DIR: /Applications/coppeliaSim.app/Contents/Frameworks
[0.765s] -- CoppeliaSim: COPPELIASIM_ADDONS_DIR: /Applications/coppeliaSim.app/Contents/Resources/addOns
[0.765s] -- CoppeliaSim: COPPELIASIM_MANUAL_DIR: /Applications/coppeliaSim.app/Contents/Resources/manual
[0.765s] -- CoppeliaSim: COPPELIASIM_MODELS_DIR: /Applications/coppeliaSim.app/Contents/Resources/models
[0.765s] -- CoppeliaSim: COPPELIASIM_SCENES_DIR: /Applications/coppeliaSim.app/Contents/Resources/scenes
[0.765s] -- CoppeliaSim: COPPELIASIM_LUA_DIR: /Applications/coppeliaSim.app/Contents/Resources/lua
[0.766s] -- CoppeliaSim: COPPELIASIM_PYTHON_DIR: /Applications/coppeliaSim.app/Contents/Resources/python
[0.766s] -- CoppeliaSim: COPPELIASIM_EXECUTABLE: /Applications/coppeliaSim.app/Contents/MacOS/coppeliaSim
[0.768s] -- Found Boost: /Users/francescodevito/Documents/USI/Primo_Anno/Robotics/pinuccio/robotics-lab-usi-robomaster/.pixi/envs/default/lib/cmake/Boost-1.78.0/BoostConfig.cmake (found version "1.78.0") found components: regex 
[0.782s] -- Adding simStubsGen command...
[0.807s] -- Reading plugin metadata...
[1.242s] -- Plugin: simRobomaster
[1.243s] -- Configuring done (1.2s)
[1.275s] -- Generating done (0.0s)
[1.279s] -- Build files have been written to: /Users/francescodevito/Documents/USI/Primo_Anno/Robotics/pinuccio/robotics-lab-usi-robomaster/build/robomaster_simulation
[1.356s] [  6%] Built target test_encoder
[1.384s] [ 25%] Built target robot
[1.441s] [ 27%] Linking CXX executable test_robot
[1.474s] ld: library not found for -lsimVision
[1.474s] clang-16: error: linker command failed with exit code 1 (use -v to see invocation)
[1.475s] make[2]: *** [CMakeFiles/test_robot.dir/build.make:116: test_robot] Error 1
[1.475s] make[1]: *** [CMakeFiles/Makefile2:134: CMakeFiles/test_robot.dir/all] Error 2
[1.475s] make[1]: *** Waiting for unfinished jobs....
[1.533s] [ 72%] Built target robomaster
[1.534s] make: *** [Makefile:136: all] Error 2
[1.535s] Invoked command in '/Users/francescodevito/Documents/USI/Primo_Anno/Robotics/pinuccio/robotics-lab-usi-robomaster/build/robomaster_simulation' returned '2': CONDA_PROMPT_MODIFIER=(base) PIXI_PROMPT=(robotics-lab-usi-robomaster) SHLVL=3 _=/usr/bin/env /Users/francescodevito/Documents/USI/Primo_Anno/Robotics/pinuccio/robotics-lab-usi-robomaster/.pixi/envs/default/bin/cmake --build /Users/francescodevito/Documents/USI/Primo_Anno/Robotics/pinuccio/robotics-lab-usi-robomaster/build/robomaster_simulation -- -j12 -l12
