-- CoppeliaSim: COPPELIASIM_INCLUDE_DIR: /Applications/coppeliaSim.app/Contents/Resources/programming/include
-- CoppeliaSim: COPPELIASIM_ROOT_DIR: /Applications/coppeliaSim.app/Contents/Resources
-- Checking CoppeliaSim header version...
-- CoppeliaSim headers version 4.7.0 rev4
-- CoppeliaSim: COPPELIASIM_RESOURCES_DIR: /Applications/coppeliaSim.app/Contents/Resources
-- CoppeliaSim: COPPELIASIM_PLUGINS_DIR: /Applications/coppeliaSim.app/Contents/MacOS
-- CoppeliaSim: COPPELIASIM_EXECUTABLES_DIR: /Applications/coppeliaSim.app/Contents/MacOS
-- CoppeliaSim: COPPELIASIM_LIBRARIES_DIR: /Applications/coppeliaSim.app/Contents/Frameworks
-- CoppeliaSim: COPPELIASIM_ADDONS_DIR: /Applications/coppeliaSim.app/Contents/Resources/addOns
-- CoppeliaSim: COPPELIASIM_MANUAL_DIR: /Applications/coppeliaSim.app/Contents/Resources/manual
-- CoppeliaSim: COPPELIASIM_MODELS_DIR: /Applications/coppeliaSim.app/Contents/Resources/models
-- CoppeliaSim: COPPELIASIM_SCENES_DIR: /Applications/coppeliaSim.app/Contents/Resources/scenes
-- CoppeliaSim: COPPELIASIM_LUA_DIR: /Applications/coppeliaSim.app/Contents/Resources/lua
-- CoppeliaSim: COPPELIASIM_PYTHON_DIR: /Applications/coppeliaSim.app/Contents/Resources/python
-- CoppeliaSim: COPPELIASIM_EXECUTABLE: /Applications/coppeliaSim.app/Contents/MacOS/coppeliaSim
-- Found Boost: /Users/francescodevito/Documents/USI/Primo_Anno/Robotics/pinuccio/robotics-lab-usi-robomaster/.pixi/envs/default/lib/cmake/Boost-1.78.0/BoostConfig.cmake (found version "1.78.0") found components: regex 
-- Adding simStubsGen command...
-- Reading plugin metadata...
-- Plugin: simRobomaster
-- Configuring done (1.2s)
-- Generating done (0.0s)
-- Build files have been written to: /Users/francescodevito/Documents/USI/Primo_Anno/Robotics/pinuccio/robotics-lab-usi-robomaster/build/robomaster_simulation
[  6%] Built target test_encoder
[ 25%] Built target robot
[ 27%] Linking CXX executable test_robot
[ 32%] Built target test_robot
[ 76%] Built target robomaster
[ 79%] Generating generated/stubs.cpp, generated/stubs.h, generated/plugin.h, generated/stubsPlusPlus.cpp, generated/index.json, generated/reference.html, generated/typecheck.lua
[ 83%] Built target test
/Applications/coppeliaSim.app/Contents/Resources/programming/include/simStubsGen/generate.py --verbose --xml-file /Users/francescodevito/Documents/USI/Primo_Anno/Robotics/pinuccio/robotics-lab-usi-robomaster/build/robomaster_simulation/coppeliaSim_plugin/callbacks.xml --gen-all /Users/francescodevito/Documents/USI/Primo_Anno/Robotics/pinuccio/robotics-lab-usi-robomaster/build/robomaster_simulation/coppeliaSim_plugin/generated --lua-file /Users/francescodevito/Documents/USI/Primo_Anno/Robotics/pinuccio/robotics-lab-usi-robomaster/src/robomaster_sim/coppeliaSim_plugin/simRobomaster.lua
/Users/francescodevito/Documents/USI/Primo_Anno/Robotics/pinuccio/robotics-lab-usi-robomaster/.pixi/envs/default/bin/python3.10 /Applications/coppeliaSim.app/Contents/Resources/programming/include/simStubsGen/generate_lua_xml.py /Users/francescodevito/Documents/USI/Primo_Anno/Robotics/pinuccio/robotics-lab-usi-robomaster/build/robomaster_simulation/coppeliaSim_plugin/callbacks.xml /Users/francescodevito/Documents/USI/Primo_Anno/Robotics/pinuccio/robotics-lab-usi-robomaster/src/robomaster_sim/coppeliaSim_plugin/simRobomaster.lua /Users/francescodevito/Documents/USI/Primo_Anno/Robotics/pinuccio/robotics-lab-usi-robomaster/build/robomaster_simulation/coppeliaSim_plugin/generated/lua.xml
/Users/francescodevito/Documents/USI/Primo_Anno/Robotics/pinuccio/robotics-lab-usi-robomaster/.pixi/envs/default/bin/python3.10 /Applications/coppeliaSim.app/Contents/Resources/programming/include/simStubsGen/merge_xml.py /Users/francescodevito/Documents/USI/Primo_Anno/Robotics/pinuccio/robotics-lab-usi-robomaster/build/robomaster_simulation/coppeliaSim_plugin/callbacks.xml /Users/francescodevito/Documents/USI/Primo_Anno/Robotics/pinuccio/robotics-lab-usi-robomaster/build/robomaster_simulation/coppeliaSim_plugin/generated/lua.xml /Users/francescodevito/Documents/USI/Primo_Anno/Robotics/pinuccio/robotics-lab-usi-robomaster/build/robomaster_simulation/coppeliaSim_plugin/generated/reference.xml
xsltproc -o /Users/francescodevito/Documents/USI/Primo_Anno/Robotics/pinuccio/robotics-lab-usi-robomaster/build/robomaster_simulation/coppeliaSim_plugin/generated/reference.html /Applications/coppeliaSim.app/Contents/Resources/programming/include/simStubsGen/xsl/reference.xsl /Users/francescodevito/Documents/USI/Primo_Anno/Robotics/pinuccio/robotics-lab-usi-robomaster/build/robomaster_simulation/coppeliaSim_plugin/generated/reference.xml
/Users/francescodevito/Documents/USI/Primo_Anno/Robotics/pinuccio/robotics-lab-usi-robomaster/.pixi/envs/default/bin/python3.10 /Applications/coppeliaSim.app/Contents/Resources/programming/include/simStubsGen/generate_lua_typechecker.py /Users/francescodevito/Documents/USI/Primo_Anno/Robotics/pinuccio/robotics-lab-usi-robomaster/build/robomaster_simulation/coppeliaSim_plugin/callbacks.xml /Users/francescodevito/Documents/USI/Primo_Anno/Robotics/pinuccio/robotics-lab-usi-robomaster/src/robomaster_sim/coppeliaSim_plugin/simRobomaster.lua /Users/francescodevito/Documents/USI/Primo_Anno/Robotics/pinuccio/robotics-lab-usi-robomaster/build/robomaster_simulation/coppeliaSim_plugin/generated/lua.xml /Users/francescodevito/Documents/USI/Primo_Anno/Robotics/pinuccio/robotics-lab-usi-robomaster/build/robomaster_simulation/coppeliaSim_plugin/generated/typecheck.lua
/Users/francescodevito/Documents/USI/Primo_Anno/Robotics/pinuccio/robotics-lab-usi-robomaster/.pixi/envs/default/bin/python3.10 /Applications/coppeliaSim.app/Contents/Resources/programming/include/simStubsGen/generate_api_index.py /Users/francescodevito/Documents/USI/Primo_Anno/Robotics/pinuccio/robotics-lab-usi-robomaster/build/robomaster_simulation/coppeliaSim_plugin/generated/reference.xml /Users/francescodevito/Documents/USI/Primo_Anno/Robotics/pinuccio/robotics-lab-usi-robomaster/build/robomaster_simulation/coppeliaSim_plugin/generated/index.json
/Users/francescodevito/Documents/USI/Primo_Anno/Robotics/pinuccio/robotics-lab-usi-robomaster/.pixi/envs/default/bin/python3.10 /Applications/coppeliaSim.app/Contents/Resources/programming/include/simStubsGen/generate_ce.py /Users/francescodevito/Documents/USI/Primo_Anno/Robotics/pinuccio/robotics-lab-usi-robomaster/build/robomaster_simulation/coppeliaSim_plugin/generated/reference.xml /Users/francescodevito/Documents/USI/Primo_Anno/Robotics/pinuccio/robotics-lab-usi-robomaster/build/robomaster_simulation/coppeliaSim_plugin/generated/ce.lua
/Users/francescodevito/Documents/USI/Primo_Anno/Robotics/pinuccio/robotics-lab-usi-robomaster/.pixi/envs/default/bin/python3.10 /Applications/coppeliaSim.app/Contents/Resources/programming/include/simStubsGen/external/pycpp/pycpp.py -p xml_file=/Users/francescodevito/Documents/USI/Primo_Anno/Robotics/pinuccio/robotics-lab-usi-robomaster/build/robomaster_simulation/coppeliaSim_plugin/callbacks.xml -P /Applications/coppeliaSim.app/Contents/Resources/programming/include/simStubsGen -i /Applications/coppeliaSim.app/Contents/Resources/programming/include/simStubsGen/cpp/stubs.cpp -o /Users/francescodevito/Documents/USI/Primo_Anno/Robotics/pinuccio/robotics-lab-usi-robomaster/build/robomaster_simulation/coppeliaSim_plugin/generated/stubs.cpp
/Users/francescodevito/Documents/USI/Primo_Anno/Robotics/pinuccio/robotics-lab-usi-robomaster/.pixi/envs/default/bin/python3.10 /Applications/coppeliaSim.app/Contents/Resources/programming/include/simStubsGen/external/pycpp/pycpp.py -p xml_file=/Users/francescodevito/Documents/USI/Primo_Anno/Robotics/pinuccio/robotics-lab-usi-robomaster/build/robomaster_simulation/coppeliaSim_plugin/callbacks.xml -P /Applications/coppeliaSim.app/Contents/Resources/programming/include/simStubsGen -i /Applications/coppeliaSim.app/Contents/Resources/programming/include/simStubsGen/cpp/stubs.h -o /Users/francescodevito/Documents/USI/Primo_Anno/Robotics/pinuccio/robotics-lab-usi-robomaster/build/robomaster_simulation/coppeliaSim_plugin/generated/stubs.h
/Users/francescodevito/Documents/USI/Primo_Anno/Robotics/pinuccio/robotics-lab-usi-robomaster/.pixi/envs/default/bin/python3.10 /Applications/coppeliaSim.app/Contents/Resources/programming/include/simStubsGen/external/pycpp/pycpp.py -p xml_file=/Users/francescodevito/Documents/USI/Primo_Anno/Robotics/pinuccio/robotics-lab-usi-robomaster/build/robomaster_simulation/coppeliaSim_plugin/callbacks.xml -P /Applications/coppeliaSim.app/Contents/Resources/programming/include/simStubsGen -i /Applications/coppeliaSim.app/Contents/Resources/programming/include/simStubsGen/cpp/plugin.h -o /Users/francescodevito/Documents/USI/Primo_Anno/Robotics/pinuccio/robotics-lab-usi-robomaster/build/robomaster_simulation/coppeliaSim_plugin/generated/plugin.h
/Users/francescodevito/Documents/USI/Primo_Anno/Robotics/pinuccio/robotics-lab-usi-robomaster/.pixi/envs/default/bin/python3.10 /Applications/coppeliaSim.app/Contents/Resources/programming/include/simStubsGen/external/pycpp/pycpp.py -p xml_file=/Users/francescodevito/Documents/USI/Primo_Anno/Robotics/pinuccio/robotics-lab-usi-robomaster/build/robomaster_simulation/coppeliaSim_plugin/callbacks.xml -P /Applications/coppeliaSim.app/Contents/Resources/programming/include/simStubsGen -i /Applications/coppeliaSim.app/Contents/Resources/programming/include/simStubsGen/cpp/stubsPlusPlus.cpp -o /Users/francescodevito/Documents/USI/Primo_Anno/Robotics/pinuccio/robotics-lab-usi-robomaster/build/robomaster_simulation/coppeliaSim_plugin/generated/stubsPlusPlus.cpp
[ 86%] Building CXX object coppeliaSim_plugin/CMakeFiles/simRobomaster.dir/generated/stubs.cpp.o
[ 88%] Building CXX object coppeliaSim_plugin/CMakeFiles/simRobomaster.dir/plugin.cpp.o
[ 90%] Linking CXX shared library libsimRobomaster.dylib
ld: warning: -pie being ignored. It is only used when linking a main executable
ld: warning: direct access in function 'Robot::get_action_state(std::__1::basic_string<char, std::__1::char_traits<char>, std::__1::allocator<char>>)' from file 'CMakeFiles/simRobomaster.dir/plugin.cpp.o' to global weak symbol 'std::__1::piecewise_construct' from file '../librobomaster.a(robot.cpp.o)' means the weak symbol cannot be overridden at runtime. This was likely caused by different translation units being compiled with different visibility settings.
ld: warning: direct access in function 'Robot::get_action_state(std::__1::basic_string<char, std::__1::char_traits<char>, std::__1::allocator<char>>)' from file 'CMakeFiles/simRobomaster.dir/plugin.cpp.o' to global weak symbol 'std::__1::piecewise_construct' from file '../librobomaster.a(robot.cpp.o)' means the weak symbol cannot be overridden at runtime. This was likely caused by different translation units being compiled with different visibility settings.
ld: warning: direct access in function 'Robot::get_action_state(std::__1::basic_string<char, std::__1::char_traits<char>, std::__1::allocator<char>>)' from file 'CMakeFiles/simRobomaster.dir/plugin.cpp.o' to global weak symbol 'std::__1::piecewise_construct' from file '../librobomaster.a(robot.cpp.o)' means the weak symbol cannot be overridden at runtime. This was likely caused by different translation units being compiled with different visibility settings.
ld: warning: direct access in function 'Robot::get_action_state(std::__1::basic_string<char, std::__1::char_traits<char>, std::__1::allocator<char>>)' from file 'CMakeFiles/simRobomaster.dir/plugin.cpp.o' to global weak symbol 'std::__1::piecewise_construct' from file '../librobomaster.a(robot.cpp.o)' means the weak symbol cannot be overridden at runtime. This was likely caused by different translation units being compiled with different visibility settings.
ld: warning: direct access in function 'CoppeliaSimRobot::detect_bounding_boxes(unsigned char const*, int, int, unsigned char) const' from file 'CMakeFiles/simRobomaster.dir/coppeliasim_robot.cpp.o' to global weak symbol 'std::__1::piecewise_construct' from file '../librobomaster.a(robot.cpp.o)' means the weak symbol cannot be overridden at runtime. This was likely caused by different translation units being compiled with different visibility settings.
ld: warning: direct access in function 'CoppeliaSimRobot::detect_bounding_boxes(unsigned char const*, int, int, unsigned char) const' from file 'CMakeFiles/simRobomaster.dir/coppeliasim_robot.cpp.o' to global weak symbol 'std::__1::piecewise_construct' from file '../librobomaster.a(robot.cpp.o)' means the weak symbol cannot be overridden at runtime. This was likely caused by different translation units being compiled with different visibility settings.
[100%] Built target simRobomaster
-- Install configuration: ""
-- Installing: /Applications/coppeliaSim.app/Contents/Resources/lua/simRobomaster-typecheck.lua
-- Up-to-date: /Applications/coppeliaSim.app/Contents/Resources/lua/simRobomaster.lua
-- Installing: /Applications/coppeliaSim.app/Contents/Resources/manual/en/simRobomaster.htm
-- Installing: /Applications/coppeliaSim.app/Contents/Resources/manual/index/simRobomaster.json
-- Installing: /Applications/coppeliaSim.app/Contents/Resources/lua/simRobomaster-ce.lua
-- Installing: /Applications/coppeliaSim.app/Contents/MacOS/libsimRobomaster.dylib
-- Up-to-date: /Applications/coppeliaSim.app/Contents/Resources/models/robots/mobile/RoboMasterEP.ttm
-- Up-to-date: /Applications/coppeliaSim.app/Contents/Resources/models/robots/mobile/RoboMasterS1.ttm
-- Up-to-date: /Applications/coppeliaSim.app/Contents/Resources/models/components/sensors/RoboMasterDistanceSensor.ttm
