[0.016s] Invoking command in '/Users/francescodevito/Documents/USI/Primo_Anno/Robotics/pinuccio/robotics-lab-usi-robomaster/build/robomaster_simulation': CONDA_PROMPT_MODIFIER=(base) PIXI_PROMPT=(robotics-lab-usi-robomaster) SHLVL=3 _=/usr/bin/env /Users/francescodevito/Documents/USI/Primo_Anno/Robotics/pinuccio/robotics-lab-usi-robomaster/.pixi/envs/default/bin/cmake --build /Users/francescodevito/Documents/USI/Primo_Anno/Robotics/pinuccio/robotics-lab-usi-robomaster/build/robomaster_simulation -- -j12 -l12
[0.085s] -- CoppeliaSim: COPPELIASIM_INCLUDE_DIR: /Applications/coppeliaSim.app/Contents/Resources/programming/include
[0.086s] -- CoppeliaSim: COPPELIASIM_ROOT_DIR: /Applications/coppeliaSim.app/Contents/Resources
[0.086s] -- Checking CoppeliaSim header version...
[0.761s] -- CoppeliaSim headers version 4.7.0 rev4
[0.761s] -- CoppeliaSim: COPPELIASIM_RESOURCES_DIR: /Applications/coppeliaSim.app/Contents/Resources
[0.761s] -- CoppeliaSim: COPPELIASIM_PLUGINS_DIR: /Applications/coppeliaSim.app/Contents/MacOS
[0.761s] -- CoppeliaSim: COPPELIASIM_EXECUTABLES_DIR: /Applications/coppeliaSim.app/Contents/MacOS
[0.761s] -- CoppeliaSim: COPPELIASIM_LIBRARIES_DIR: /Applications/coppeliaSim.app/Contents/Frameworks
[0.761s] -- CoppeliaSim: COPPELIASIM_ADDONS_DIR: /Applications/coppeliaSim.app/Contents/Resources/addOns
[0.761s] -- CoppeliaSim: COPPELIASIM_MANUAL_DIR: /Applications/coppeliaSim.app/Contents/Resources/manual
[0.761s] -- CoppeliaSim: COPPELIASIM_MODELS_DIR: /Applications/coppeliaSim.app/Contents/Resources/models
[0.761s] -- CoppeliaSim: COPPELIASIM_SCENES_DIR: /Applications/coppeliaSim.app/Contents/Resources/scenes
[0.761s] -- CoppeliaSim: COPPELIASIM_LUA_DIR: /Applications/coppeliaSim.app/Contents/Resources/lua
[0.761s] -- CoppeliaSim: COPPELIASIM_PYTHON_DIR: /Applications/coppeliaSim.app/Contents/Resources/python
[0.761s] -- CoppeliaSim: COPPELIASIM_EXECUTABLE: /Applications/coppeliaSim.app/Contents/MacOS/coppeliaSim
[0.763s] -- Found Boost: /Users/francescodevito/Documents/USI/Primo_Anno/Robotics/pinuccio/robotics-lab-usi-robomaster/.pixi/envs/default/lib/cmake/Boost-1.78.0/BoostConfig.cmake (found version "1.78.0") found components: regex 
[0.779s] -- Adding simStubsGen command...
[0.803s] -- Reading plugin metadata...
[1.243s] -- Plugin: simRobomaster
[1.243s] -- Configuring done (1.2s)
[1.271s] -- Generating done (0.0s)
[1.275s] -- Build files have been written to: /Users/francescodevito/Documents/USI/Primo_Anno/Robotics/pinuccio/robotics-lab-usi-robomaster/build/robomaster_simulation
[1.346s] [  6%] Built target test_encoder
[1.372s] [ 25%] Built target robot
[1.428s] [ 27%] Linking CXX executable test_robot
[1.496s] [ 32%] Built target test_robot
[1.504s] [ 76%] Built target robomaster
[1.522s] [ 79%] Generating generated/stubs.cpp, generated/stubs.h, generated/plugin.h, generated/stubsPlusPlus.cpp, generated/index.json, generated/reference.html, generated/typecheck.lua
[1.570s] [ 83%] Built target test
[3.531s] /Applications/coppeliaSim.app/Contents/Resources/programming/include/simStubsGen/generate.py --verbose --xml-file /Users/francescodevito/Documents/USI/Primo_Anno/Robotics/pinuccio/robotics-lab-usi-robomaster/build/robomaster_simulation/coppeliaSim_plugin/callbacks.xml --gen-all /Users/francescodevito/Documents/USI/Primo_Anno/Robotics/pinuccio/robotics-lab-usi-robomaster/build/robomaster_simulation/coppeliaSim_plugin/generated --lua-file /Users/francescodevito/Documents/USI/Primo_Anno/Robotics/pinuccio/robotics-lab-usi-robomaster/src/robomaster_sim/coppeliaSim_plugin/simRobomaster.lua
[3.532s] /Users/francescodevito/Documents/USI/Primo_Anno/Robotics/pinuccio/robotics-lab-usi-robomaster/.pixi/envs/default/bin/python3.10 /Applications/coppeliaSim.app/Contents/Resources/programming/include/simStubsGen/generate_lua_xml.py /Users/francescodevito/Documents/USI/Primo_Anno/Robotics/pinuccio/robotics-lab-usi-robomaster/build/robomaster_simulation/coppeliaSim_plugin/callbacks.xml /Users/francescodevito/Documents/USI/Primo_Anno/Robotics/pinuccio/robotics-lab-usi-robomaster/src/robomaster_sim/coppeliaSim_plugin/simRobomaster.lua /Users/francescodevito/Documents/USI/Primo_Anno/Robotics/pinuccio/robotics-lab-usi-robomaster/build/robomaster_simulation/coppeliaSim_plugin/generated/lua.xml
[3.532s] /Users/francescodevito/Documents/USI/Primo_Anno/Robotics/pinuccio/robotics-lab-usi-robomaster/.pixi/envs/default/bin/python3.10 /Applications/coppeliaSim.app/Contents/Resources/programming/include/simStubsGen/merge_xml.py /Users/francescodevito/Documents/USI/Primo_Anno/Robotics/pinuccio/robotics-lab-usi-robomaster/build/robomaster_simulation/coppeliaSim_plugin/callbacks.xml /Users/francescodevito/Documents/USI/Primo_Anno/Robotics/pinuccio/robotics-lab-usi-robomaster/build/robomaster_simulation/coppeliaSim_plugin/generated/lua.xml /Users/francescodevito/Documents/USI/Primo_Anno/Robotics/pinuccio/robotics-lab-usi-robomaster/build/robomaster_simulation/coppeliaSim_plugin/generated/reference.xml
[3.532s] xsltproc -o /Users/francescodevito/Documents/USI/Primo_Anno/Robotics/pinuccio/robotics-lab-usi-robomaster/build/robomaster_simulation/coppeliaSim_plugin/generated/reference.html /Applications/coppeliaSim.app/Contents/Resources/programming/include/simStubsGen/xsl/reference.xsl /Users/francescodevito/Documents/USI/Primo_Anno/Robotics/pinuccio/robotics-lab-usi-robomaster/build/robomaster_simulation/coppeliaSim_plugin/generated/reference.xml
[3.532s] /Users/francescodevito/Documents/USI/Primo_Anno/Robotics/pinuccio/robotics-lab-usi-robomaster/.pixi/envs/default/bin/python3.10 /Applications/coppeliaSim.app/Contents/Resources/programming/include/simStubsGen/generate_lua_typechecker.py /Users/francescodevito/Documents/USI/Primo_Anno/Robotics/pinuccio/robotics-lab-usi-robomaster/build/robomaster_simulation/coppeliaSim_plugin/callbacks.xml /Users/francescodevito/Documents/USI/Primo_Anno/Robotics/pinuccio/robotics-lab-usi-robomaster/src/robomaster_sim/coppeliaSim_plugin/simRobomaster.lua /Users/francescodevito/Documents/USI/Primo_Anno/Robotics/pinuccio/robotics-lab-usi-robomaster/build/robomaster_simulation/coppeliaSim_plugin/generated/lua.xml /Users/francescodevito/Documents/USI/Primo_Anno/Robotics/pinuccio/robotics-lab-usi-robomaster/build/robomaster_simulation/coppeliaSim_plugin/generated/typecheck.lua
[3.532s] /Users/francescodevito/Documents/USI/Primo_Anno/Robotics/pinuccio/robotics-lab-usi-robomaster/.pixi/envs/default/bin/python3.10 /Applications/coppeliaSim.app/Contents/Resources/programming/include/simStubsGen/generate_api_index.py /Users/francescodevito/Documents/USI/Primo_Anno/Robotics/pinuccio/robotics-lab-usi-robomaster/build/robomaster_simulation/coppeliaSim_plugin/generated/reference.xml /Users/francescodevito/Documents/USI/Primo_Anno/Robotics/pinuccio/robotics-lab-usi-robomaster/build/robomaster_simulation/coppeliaSim_plugin/generated/index.json
[3.532s] /Users/francescodevito/Documents/USI/Primo_Anno/Robotics/pinuccio/robotics-lab-usi-robomaster/.pixi/envs/default/bin/python3.10 /Applications/coppeliaSim.app/Contents/Resources/programming/include/simStubsGen/generate_ce.py /Users/francescodevito/Documents/USI/Primo_Anno/Robotics/pinuccio/robotics-lab-usi-robomaster/build/robomaster_simulation/coppeliaSim_plugin/generated/reference.xml /Users/francescodevito/Documents/USI/Primo_Anno/Robotics/pinuccio/robotics-lab-usi-robomaster/build/robomaster_simulation/coppeliaSim_plugin/generated/ce.lua
[3.532s] /Users/francescodevito/Documents/USI/Primo_Anno/Robotics/pinuccio/robotics-lab-usi-robomaster/.pixi/envs/default/bin/python3.10 /Applications/coppeliaSim.app/Contents/Resources/programming/include/simStubsGen/external/pycpp/pycpp.py -p xml_file=/Users/francescodevito/Documents/USI/Primo_Anno/Robotics/pinuccio/robotics-lab-usi-robomaster/build/robomaster_simulation/coppeliaSim_plugin/callbacks.xml -P /Applications/coppeliaSim.app/Contents/Resources/programming/include/simStubsGen -i /Applications/coppeliaSim.app/Contents/Resources/programming/include/simStubsGen/cpp/stubs.cpp -o /Users/francescodevito/Documents/USI/Primo_Anno/Robotics/pinuccio/robotics-lab-usi-robomaster/build/robomaster_simulation/coppeliaSim_plugin/generated/stubs.cpp
[3.532s] /Users/francescodevito/Documents/USI/Primo_Anno/Robotics/pinuccio/robotics-lab-usi-robomaster/.pixi/envs/default/bin/python3.10 /Applications/coppeliaSim.app/Contents/Resources/programming/include/simStubsGen/external/pycpp/pycpp.py -p xml_file=/Users/francescodevito/Documents/USI/Primo_Anno/Robotics/pinuccio/robotics-lab-usi-robomaster/build/robomaster_simulation/coppeliaSim_plugin/callbacks.xml -P /Applications/coppeliaSim.app/Contents/Resources/programming/include/simStubsGen -i /Applications/coppeliaSim.app/Contents/Resources/programming/include/simStubsGen/cpp/stubs.h -o /Users/francescodevito/Documents/USI/Primo_Anno/Robotics/pinuccio/robotics-lab-usi-robomaster/build/robomaster_simulation/coppeliaSim_plugin/generated/stubs.h
[3.532s] /Users/francescodevito/Documents/USI/Primo_Anno/Robotics/pinuccio/robotics-lab-usi-robomaster/.pixi/envs/default/bin/python3.10 /Applications/coppeliaSim.app/Contents/Resources/programming/include/simStubsGen/external/pycpp/pycpp.py -p xml_file=/Users/francescodevito/Documents/USI/Primo_Anno/Robotics/pinuccio/robotics-lab-usi-robomaster/build/robomaster_simulation/coppeliaSim_plugin/callbacks.xml -P /Applications/coppeliaSim.app/Contents/Resources/programming/include/simStubsGen -i /Applications/coppeliaSim.app/Contents/Resources/programming/include/simStubsGen/cpp/plugin.h -o /Users/francescodevito/Documents/USI/Primo_Anno/Robotics/pinuccio/robotics-lab-usi-robomaster/build/robomaster_simulation/coppeliaSim_plugin/generated/plugin.h
[3.532s] /Users/francescodevito/Documents/USI/Primo_Anno/Robotics/pinuccio/robotics-lab-usi-robomaster/.pixi/envs/default/bin/python3.10 /Applications/coppeliaSim.app/Contents/Resources/programming/include/simStubsGen/external/pycpp/pycpp.py -p xml_file=/Users/francescodevito/Documents/USI/Primo_Anno/Robotics/pinuccio/robotics-lab-usi-robomaster/build/robomaster_simulation/coppeliaSim_plugin/callbacks.xml -P /Applications/coppeliaSim.app/Contents/Resources/programming/include/simStubsGen -i /Applications/coppeliaSim.app/Contents/Resources/programming/include/simStubsGen/cpp/stubsPlusPlus.cpp -o /Users/francescodevito/Documents/USI/Primo_Anno/Robotics/pinuccio/robotics-lab-usi-robomaster/build/robomaster_simulation/coppeliaSim_plugin/generated/stubsPlusPlus.cpp
[3.655s] [ 86%] Building CXX object coppeliaSim_plugin/CMakeFiles/simRobomaster.dir/generated/stubs.cpp.o
[3.660s] [ 88%] Building CXX object coppeliaSim_plugin/CMakeFiles/simRobomaster.dir/plugin.cpp.o
[6.700s] [ 90%] Linking CXX shared library libsimRobomaster.dylib
[6.735s] ld: warning: -pie being ignored. It is only used when linking a main executable
[6.773s] ld: warning: direct access in function 'Robot::get_action_state(std::__1::basic_string<char, std::__1::char_traits<char>, std::__1::allocator<char>>)' from file 'CMakeFiles/simRobomaster.dir/plugin.cpp.o' to global weak symbol 'std::__1::piecewise_construct' from file '../librobomaster.a(robot.cpp.o)' means the weak symbol cannot be overridden at runtime. This was likely caused by different translation units being compiled with different visibility settings.
[6.773s] ld: warning: direct access in function 'Robot::get_action_state(std::__1::basic_string<char, std::__1::char_traits<char>, std::__1::allocator<char>>)' from file 'CMakeFiles/simRobomaster.dir/plugin.cpp.o' to global weak symbol 'std::__1::piecewise_construct' from file '../librobomaster.a(robot.cpp.o)' means the weak symbol cannot be overridden at runtime. This was likely caused by different translation units being compiled with different visibility settings.
[6.773s] ld: warning: direct access in function 'Robot::get_action_state(std::__1::basic_string<char, std::__1::char_traits<char>, std::__1::allocator<char>>)' from file 'CMakeFiles/simRobomaster.dir/plugin.cpp.o' to global weak symbol 'std::__1::piecewise_construct' from file '../librobomaster.a(robot.cpp.o)' means the weak symbol cannot be overridden at runtime. This was likely caused by different translation units being compiled with different visibility settings.
[6.773s] ld: warning: direct access in function 'Robot::get_action_state(std::__1::basic_string<char, std::__1::char_traits<char>, std::__1::allocator<char>>)' from file 'CMakeFiles/simRobomaster.dir/plugin.cpp.o' to global weak symbol 'std::__1::piecewise_construct' from file '../librobomaster.a(robot.cpp.o)' means the weak symbol cannot be overridden at runtime. This was likely caused by different translation units being compiled with different visibility settings.
[6.773s] ld: warning: direct access in function 'CoppeliaSimRobot::detect_bounding_boxes(unsigned char const*, int, int, unsigned char) const' from file 'CMakeFiles/simRobomaster.dir/coppeliasim_robot.cpp.o' to global weak symbol 'std::__1::piecewise_construct' from file '../librobomaster.a(robot.cpp.o)' means the weak symbol cannot be overridden at runtime. This was likely caused by different translation units being compiled with different visibility settings.
[6.773s] ld: warning: direct access in function 'CoppeliaSimRobot::detect_bounding_boxes(unsigned char const*, int, int, unsigned char) const' from file 'CMakeFiles/simRobomaster.dir/coppeliasim_robot.cpp.o' to global weak symbol 'std::__1::piecewise_construct' from file '../librobomaster.a(robot.cpp.o)' means the weak symbol cannot be overridden at runtime. This was likely caused by different translation units being compiled with different visibility settings.
[6.796s] [100%] Built target simRobomaster
[6.808s] Invoked command in '/Users/francescodevito/Documents/USI/Primo_Anno/Robotics/pinuccio/robotics-lab-usi-robomaster/build/robomaster_simulation' returned '0': CONDA_PROMPT_MODIFIER=(base) PIXI_PROMPT=(robotics-lab-usi-robomaster) SHLVL=3 _=/usr/bin/env /Users/francescodevito/Documents/USI/Primo_Anno/Robotics/pinuccio/robotics-lab-usi-robomaster/.pixi/envs/default/bin/cmake --build /Users/francescodevito/Documents/USI/Primo_Anno/Robotics/pinuccio/robotics-lab-usi-robomaster/build/robomaster_simulation -- -j12 -l12
[7.146s] Invoking command in '/Users/francescodevito/Documents/USI/Primo_Anno/Robotics/pinuccio/robotics-lab-usi-robomaster/build/robomaster_simulation': CONDA_PROMPT_MODIFIER=(base) PIXI_PROMPT=(robotics-lab-usi-robomaster) SHLVL=3 _=/usr/bin/env /Users/francescodevito/Documents/USI/Primo_Anno/Robotics/pinuccio/robotics-lab-usi-robomaster/.pixi/envs/default/bin/cmake --install /Users/francescodevito/Documents/USI/Primo_Anno/Robotics/pinuccio/robotics-lab-usi-robomaster/build/robomaster_simulation
[7.154s] -- Install configuration: ""
[7.155s] -- Installing: /Applications/coppeliaSim.app/Contents/Resources/lua/simRobomaster-typecheck.lua
[7.156s] -- Up-to-date: /Applications/coppeliaSim.app/Contents/Resources/lua/simRobomaster.lua
[7.156s] -- Installing: /Applications/coppeliaSim.app/Contents/Resources/manual/en/simRobomaster.htm
[7.156s] -- Installing: /Applications/coppeliaSim.app/Contents/Resources/manual/index/simRobomaster.json
[7.156s] -- Installing: /Applications/coppeliaSim.app/Contents/Resources/lua/simRobomaster-ce.lua
[7.157s] -- Installing: /Applications/coppeliaSim.app/Contents/MacOS/libsimRobomaster.dylib
[7.159s] -- Up-to-date: /Applications/coppeliaSim.app/Contents/Resources/models/robots/mobile/RoboMasterEP.ttm
[7.159s] -- Up-to-date: /Applications/coppeliaSim.app/Contents/Resources/models/robots/mobile/RoboMasterS1.ttm
[7.159s] -- Up-to-date: /Applications/coppeliaSim.app/Contents/Resources/models/components/sensors/RoboMasterDistanceSensor.ttm
[7.160s] Invoked command in '/Users/francescodevito/Documents/USI/Primo_Anno/Robotics/pinuccio/robotics-lab-usi-robomaster/build/robomaster_simulation' returned '0': CONDA_PROMPT_MODIFIER=(base) PIXI_PROMPT=(robotics-lab-usi-robomaster) SHLVL=3 _=/usr/bin/env /Users/francescodevito/Documents/USI/Primo_Anno/Robotics/pinuccio/robotics-lab-usi-robomaster/.pixi/envs/default/bin/cmake --install /Users/francescodevito/Documents/USI/Primo_Anno/Robotics/pinuccio/robotics-lab-usi-robomaster/build/robomaster_simulation
