running develop
running egg_info
creating robomaster_example.egg-info
writing robomaster_example.egg-info/PKG-INFO
writing dependency_links to robomaster_example.egg-info/dependency_links.txt
writing entry points to robomaster_example.egg-info/entry_points.txt
writing requirements to robomaster_example.egg-info/requires.txt
writing top-level names to robomaster_example.egg-info/top_level.txt
writing manifest file 'robomaster_example.egg-info/SOURCES.txt'
reading manifest file 'robomaster_example.egg-info/SOURCES.txt'
writing manifest file 'robomaster_example.egg-info/SOURCES.txt'
running build_ext
Creating /Users/francescodevito/Documents/USI/Primo_Anno/Robotics/pinuccio/robotics-lab-usi-robomaster/install/robomaster_example/lib/python3.10/site-packages/robomaster-example.egg-link (link to .)
Installing controller_node script to /Users/francescodevito/Documents/USI/Primo_Anno/Robotics/pinuccio/robotics-lab-usi-robomaster/install/robomaster_example/lib/robomaster_example

Installed /Users/francescodevito/Documents/USI/Primo_Anno/Robotics/pinuccio/robotics-lab-usi-robomaster/build/robomaster_example
running symlink_data
creating /Users/francescodevito/Documents/USI/Primo_Anno/Robotics/pinuccio/robotics-lab-usi-robomaster/install/robomaster_example/share/ament_index
creating /Users/francescodevito/Documents/USI/Primo_Anno/Robotics/pinuccio/robotics-lab-usi-robomaster/install/robomaster_example/share/ament_index/resource_index
creating /Users/francescodevito/Documents/USI/Primo_Anno/Robotics/pinuccio/robotics-lab-usi-robomaster/install/robomaster_example/share/ament_index/resource_index/packages
symbolically linking /Users/francescodevito/Documents/USI/Primo_Anno/Robotics/pinuccio/robotics-lab-usi-robomaster/build/robomaster_example/resource/robomaster_example -> /Users/francescodevito/Documents/USI/Primo_Anno/Robotics/pinuccio/robotics-lab-usi-robomaster/install/robomaster_example/share/ament_index/resource_index/packages
symbolically linking /Users/francescodevito/Documents/USI/Primo_Anno/Robotics/pinuccio/robotics-lab-usi-robomaster/build/robomaster_example/package.xml -> /Users/francescodevito/Documents/USI/Primo_Anno/Robotics/pinuccio/robotics-lab-usi-robomaster/install/robomaster_example/share/robomaster_example
creating /Users/francescodevito/Documents/USI/Primo_Anno/Robotics/pinuccio/robotics-lab-usi-robomaster/install/robomaster_example/share/robomaster_example/launch
symbolically linking /Users/francescodevito/Documents/USI/Primo_Anno/Robotics/pinuccio/robotics-lab-usi-robomaster/build/robomaster_example/launch/ep_tof.launch -> /Users/francescodevito/Documents/USI/Primo_Anno/Robotics/pinuccio/robotics-lab-usi-robomaster/install/robomaster_example/share/robomaster_example/launch
symbolically linking /Users/francescodevito/Documents/USI/Primo_Anno/Robotics/pinuccio/robotics-lab-usi-robomaster/build/robomaster_example/launch/controller.launch -> /Users/francescodevito/Documents/USI/Primo_Anno/Robotics/pinuccio/robotics-lab-usi-robomaster/install/robomaster_example/share/robomaster_example/launch
