[0.877s] Invoking command in '/Users/francescodevito/Documents/USI/Primo_Anno/Robotics/pinuccio/robotics-lab-usi-robomaster/build/robomaster_example': AMENT_PREFIX_PATH=/Users/francescodevito/Documents/USI/Primo_Anno/Robotics/pinuccio/robotics-lab-usi-robomaster/install/robomaster_ros:/Users/francescodevito/Documents/USI/Primo_Anno/Robotics/pinuccio/robotics-lab-usi-robomaster/install/robomaster_msgs:${AMENT_PREFIX_PATH} CMAKE_PREFIX_PATH=/Users/francescodevito/Documents/USI/Primo_Anno/Robotics/pinuccio/robotics-lab-usi-robomaster/install/robomaster_msgs${CMAKE_PREFIX_PATH} CONDA_PROMPT_MODIFIER=(base) PIXI_PROMPT=(robotics-lab-usi-robomaster) PYTHONPATH=/Users/francescodevito/Documents/USI/Primo_Anno/Robotics/pinuccio/robotics-lab-usi-robomaster/build/robomaster_example/prefix_override:/Users/francescodevito/Documents/USI/Primo_Anno/Robotics/pinuccio/robotics-lab-usi-robomaster/.pixi/envs/default/lib/python3.10/site-packages/colcon_core/task/python/colcon_distutils_commands:/Users/francescodevito/Documents/USI/Primo_Anno/Robotics/pinuccio/robotics-lab-usi-robomaster/install/robomaster_example/lib/python3.10/site-packages:/Users/francescodevito/Documents/USI/Primo_Anno/Robotics/pinuccio/robotics-lab-usi-robomaster/build/robomaster_ros:/Users/francescodevito/Documents/USI/Primo_Anno/Robotics/pinuccio/robotics-lab-usi-robomaster/install/robomaster_ros/lib/python3.10/site-packages:/Users/francescodevito/Documents/USI/Primo_Anno/Robotics/pinuccio/robotics-lab-usi-robomaster/install/robomaster_msgs/lib/python3.10/site-packages:${PYTHONPATH} SHLVL=3 _=/usr/bin/env /Users/francescodevito/Documents/USI/Primo_Anno/Robotics/pinuccio/robotics-lab-usi-robomaster/.pixi/envs/default/bin/python3.10 -W ignore:setup.py install is deprecated -W ignore:easy_install command is deprecated setup.py develop --editable --build-directory /Users/francescodevito/Documents/USI/Primo_Anno/Robotics/pinuccio/robotics-lab-usi-robomaster/build/robomaster_example/build --no-deps symlink_data
[1.272s] running develop
[1.518s] running egg_info
[1.518s] creating robomaster_example.egg-info
[1.547s] writing robomaster_example.egg-info/PKG-INFO
[1.575s] writing dependency_links to robomaster_example.egg-info/dependency_links.txt
[1.645s] writing entry points to robomaster_example.egg-info/entry_points.txt
[1.692s] writing requirements to robomaster_example.egg-info/requires.txt
[1.715s] writing top-level names to robomaster_example.egg-info/top_level.txt
[1.715s] writing manifest file 'robomaster_example.egg-info/SOURCES.txt'
[1.752s] reading manifest file 'robomaster_example.egg-info/SOURCES.txt'
[1.752s] writing manifest file 'robomaster_example.egg-info/SOURCES.txt'
[1.782s] running build_ext
[1.782s] Creating /Users/francescodevito/Documents/USI/Primo_Anno/Robotics/pinuccio/robotics-lab-usi-robomaster/install/robomaster_example/lib/python3.10/site-packages/robomaster-example.egg-link (link to .)
[1.783s] Installing controller_node script to /Users/francescodevito/Documents/USI/Primo_Anno/Robotics/pinuccio/robotics-lab-usi-robomaster/install/robomaster_example/lib/robomaster_example
[1.783s] 
[1.783s] Installed /Users/francescodevito/Documents/USI/Primo_Anno/Robotics/pinuccio/robotics-lab-usi-robomaster/build/robomaster_example
[1.783s] running symlink_data
[1.783s] creating /Users/francescodevito/Documents/USI/Primo_Anno/Robotics/pinuccio/robotics-lab-usi-robomaster/install/robomaster_example/share/ament_index
[1.783s] creating /Users/francescodevito/Documents/USI/Primo_Anno/Robotics/pinuccio/robotics-lab-usi-robomaster/install/robomaster_example/share/ament_index/resource_index
[1.783s] creating /Users/francescodevito/Documents/USI/Primo_Anno/Robotics/pinuccio/robotics-lab-usi-robomaster/install/robomaster_example/share/ament_index/resource_index/packages
[1.783s] symbolically linking /Users/francescodevito/Documents/USI/Primo_Anno/Robotics/pinuccio/robotics-lab-usi-robomaster/build/robomaster_example/resource/robomaster_example -> /Users/francescodevito/Documents/USI/Primo_Anno/Robotics/pinuccio/robotics-lab-usi-robomaster/install/robomaster_example/share/ament_index/resource_index/packages
[1.784s] symbolically linking /Users/francescodevito/Documents/USI/Primo_Anno/Robotics/pinuccio/robotics-lab-usi-robomaster/build/robomaster_example/package.xml -> /Users/francescodevito/Documents/USI/Primo_Anno/Robotics/pinuccio/robotics-lab-usi-robomaster/install/robomaster_example/share/robomaster_example
[1.784s] creating /Users/francescodevito/Documents/USI/Primo_Anno/Robotics/pinuccio/robotics-lab-usi-robomaster/install/robomaster_example/share/robomaster_example/launch
[1.784s] symbolically linking /Users/francescodevito/Documents/USI/Primo_Anno/Robotics/pinuccio/robotics-lab-usi-robomaster/build/robomaster_example/launch/ep_tof.launch -> /Users/francescodevito/Documents/USI/Primo_Anno/Robotics/pinuccio/robotics-lab-usi-robomaster/install/robomaster_example/share/robomaster_example/launch
[1.784s] symbolically linking /Users/francescodevito/Documents/USI/Primo_Anno/Robotics/pinuccio/robotics-lab-usi-robomaster/build/robomaster_example/launch/controller.launch -> /Users/francescodevito/Documents/USI/Primo_Anno/Robotics/pinuccio/robotics-lab-usi-robomaster/install/robomaster_example/share/robomaster_example/launch
[1.801s] Invoked command in '/Users/francescodevito/Documents/USI/Primo_Anno/Robotics/pinuccio/robotics-lab-usi-robomaster/build/robomaster_example' returned '0': AMENT_PREFIX_PATH=/Users/francescodevito/Documents/USI/Primo_Anno/Robotics/pinuccio/robotics-lab-usi-robomaster/install/robomaster_ros:/Users/francescodevito/Documents/USI/Primo_Anno/Robotics/pinuccio/robotics-lab-usi-robomaster/install/robomaster_msgs:${AMENT_PREFIX_PATH} CMAKE_PREFIX_PATH=/Users/francescodevito/Documents/USI/Primo_Anno/Robotics/pinuccio/robotics-lab-usi-robomaster/install/robomaster_msgs${CMAKE_PREFIX_PATH} CONDA_PROMPT_MODIFIER=(base) PIXI_PROMPT=(robotics-lab-usi-robomaster) PYTHONPATH=/Users/francescodevito/Documents/USI/Primo_Anno/Robotics/pinuccio/robotics-lab-usi-robomaster/build/robomaster_example/prefix_override:/Users/francescodevito/Documents/USI/Primo_Anno/Robotics/pinuccio/robotics-lab-usi-robomaster/.pixi/envs/default/lib/python3.10/site-packages/colcon_core/task/python/colcon_distutils_commands:/Users/francescodevito/Documents/USI/Primo_Anno/Robotics/pinuccio/robotics-lab-usi-robomaster/install/robomaster_example/lib/python3.10/site-packages:/Users/francescodevito/Documents/USI/Primo_Anno/Robotics/pinuccio/robotics-lab-usi-robomaster/build/robomaster_ros:/Users/francescodevito/Documents/USI/Primo_Anno/Robotics/pinuccio/robotics-lab-usi-robomaster/install/robomaster_ros/lib/python3.10/site-packages:/Users/francescodevito/Documents/USI/Primo_Anno/Robotics/pinuccio/robotics-lab-usi-robomaster/install/robomaster_msgs/lib/python3.10/site-packages:${PYTHONPATH} SHLVL=3 _=/usr/bin/env /Users/francescodevito/Documents/USI/Primo_Anno/Robotics/pinuccio/robotics-lab-usi-robomaster/.pixi/envs/default/bin/python3.10 -W ignore:setup.py install is deprecated -W ignore:easy_install command is deprecated setup.py develop --editable --build-directory /Users/francescodevito/Documents/USI/Primo_Anno/Robotics/pinuccio/robotics-lab-usi-robomaster/build/robomaster_example/build --no-deps symlink_data
