-- The CXX compiler identification is Clang 16.0.1
-- Detecting CXX compiler ABI info
-- Detecting CXX compiler ABI info - done
-- Check for working CXX compiler: /Users/francescodevito/Documents/USI/Primo_Anno/Robotics/pinuccio/robotics-lab-usi-robomaster/.pixi/envs/default/bin/arm64-apple-darwin20.0.0-clang++ - skipped
-- Detecting CXX compile features
-- Detecting CXX compile features - done
-- Found Boost: /Users/francescodevito/Documents/USI/Primo_Anno/Robotics/pinuccio/robotics-lab-usi-robomaster/.pixi/envs/default/lib/cmake/Boost-1.78.0/BoostConfig.cmake (found version "1.78.0") found components: system thread 
-- Found Threads: TRUE  
-- CoppeliaSim: COPPELIASIM_INCLUDE_DIR: /Applications/coppeliaSim.app/Contents/Resources/programming/include
-- CoppeliaSim: COPPELIASIM_ROOT_DIR: /Applications/coppeliaSim.app/Contents/Resources
-- Checking CoppeliaSim header version...
-- CoppeliaSim headers version 4.7.0 rev4
-- CoppeliaSim: COPPELIASIM_RESOURCES_DIR: /Applications/coppeliaSim.app/Contents/Resources
-- CoppeliaSim: COPPELIASIM_PLUGINS_DIR: /Applications/coppeliaSim.app/Contents/MacOS
-- CoppeliaSim: COPPELIASIM_EXECUTABLES_DIR: /Applications/coppeliaSim.app/Contents/MacOS
-- CoppeliaSim: COPPELIASIM_LIBRARIES_DIR: /Applications/coppeliaSim.app/Contents/Frameworks
-- CoppeliaSim: COPPELIASIM_ADDONS_DIR: /Applications/coppeliaSim.app/Contents/Resources/addOns
-- CoppeliaSim: COPPELIASIM_MANUAL_DIR: /Applications/coppeliaSim.app/Contents/Resources/manual
-- CoppeliaSim: COPPELIASIM_MODELS_DIR: /Applications/coppeliaSim.app/Contents/Resources/models
-- CoppeliaSim: COPPELIASIM_SCENES_DIR: /Applications/coppeliaSim.app/Contents/Resources/scenes
-- CoppeliaSim: COPPELIASIM_LUA_DIR: /Applications/coppeliaSim.app/Contents/Resources/lua
-- CoppeliaSim: COPPELIASIM_PYTHON_DIR: /Applications/coppeliaSim.app/Contents/Resources/python
-- CoppeliaSim: COPPELIASIM_EXECUTABLE: /Applications/coppeliaSim.app/Contents/MacOS/coppeliaSim
-- Found Boost: /Users/francescodevito/Documents/USI/Primo_Anno/Robotics/pinuccio/robotics-lab-usi-robomaster/.pixi/envs/default/lib/cmake/Boost-1.78.0/BoostConfig.cmake (found version "1.78.0") found components: regex 
-- Found Git: /opt/homebrew/bin/git (found version "2.46.2") 
-- Adding simStubsGen command...
-- Found Python3: /Users/francescodevito/Documents/USI/Primo_Anno/Robotics/pinuccio/robotics-lab-usi-robomaster/.pixi/envs/default/bin/python3.10 (found version "3.10.13") found components: Interpreter 
-- Reading plugin metadata...
-- Plugin: simRobomaster
-- Configuring done (5.0s)
-- Generating done (0.0s)
-- Build files have been written to: /Users/francescodevito/Documents/USI/Primo_Anno/Robotics/pinuccio/robotics-lab-usi-robomaster/build/robomaster_simulation
[  2%] Building CXX object CMakeFiles/robot.dir/src/robot/action.cpp.o
[  4%] Building CXX object CMakeFiles/robomaster.dir/src/robot/gimbal.cpp.o
[  6%] Building CXX object CMakeFiles/robomaster.dir/src/robot/chassis.cpp.o
[ 11%] Building CXX object CMakeFiles/robot.dir/src/robot/arm.cpp.o
[ 11%] Building CXX object CMakeFiles/robomaster.dir/src/robot/action.cpp.o
[ 13%] Building CXX object CMakeFiles/robot.dir/src/robot/led.cpp.o
[ 16%] Building CXX object CMakeFiles/test_encoder.dir/src/encoder.cpp.o
[ 18%] Building CXX object CMakeFiles/robot.dir/src/robot/gimbal.cpp.o
[ 23%] Building CXX object CMakeFiles/robomaster.dir/src/robot/led.cpp.o
[ 23%] Building CXX object CMakeFiles/robot.dir/src/robot/chassis.cpp.o
[ 27%] Building CXX object CMakeFiles/test_encoder.dir/src/test_encoder.cpp.o
[ 27%] Building CXX object CMakeFiles/robomaster.dir/src/robot/arm.cpp.o
[ 30%] Building CXX object CMakeFiles/robot.dir/src/robot/robot.cpp.o
[ 32%] Building CXX object CMakeFiles/robomaster.dir/src/robot/robot.cpp.o
[ 34%] Building CXX object CMakeFiles/robomaster.dir/src/robot/vision.cpp.o
[ 37%] Building CXX object CMakeFiles/robomaster.dir/src/robomaster.cpp.o
[ 39%] Building CXX object CMakeFiles/robot.dir/src/robot/vision.cpp.o
[ 41%] Building CXX object CMakeFiles/robomaster.dir/src/server.cpp.o
[ 44%] Building CXX object CMakeFiles/robomaster.dir/src/command.cpp.o
[ 46%] Building CXX object CMakeFiles/robomaster.dir/src/connection.cpp.o
[ 48%] Building CXX object CMakeFiles/robomaster.dir/src/dummy_robot.cpp.o
[ 51%] Linking CXX executable test_encoder
[ 51%] Built target test_encoder
[ 53%] Building CXX object CMakeFiles/robomaster.dir/src/rt_dummy_robot.cpp.o
[ 55%] Building CXX object CMakeFiles/robomaster.dir/src/protocol.cpp.o
[ 58%] Building CXX object CMakeFiles/robomaster.dir/src/topic.cpp.o
[ 60%] Building CXX object CMakeFiles/robomaster.dir/src/encoder.cpp.o
[ 62%] Building CXX object CMakeFiles/robomaster.dir/src/streamer.cpp.o
[ 65%] Linking CXX static library librobot.a
[ 65%] Built target robot
[ 67%] Building CXX object CMakeFiles/robomaster.dir/src/discovery.cpp.o
[ 69%] Linking CXX static library librobomaster.a
[ 69%] Built target robomaster
[ 72%] Building CXX object CMakeFiles/test_robot.dir/src/test_robot.cpp.o
[ 74%] Building CXX object CMakeFiles/test_robot.dir/src/dummy_robot.cpp.o
[ 76%] Linking CXX executable test_robot
[ 76%] Built target test_robot
[ 79%] Generating generated/stubs.cpp, generated/stubs.h, generated/plugin.h, generated/stubsPlusPlus.cpp, generated/index.json, generated/reference.html, generated/typecheck.lua
/Applications/coppeliaSim.app/Contents/Resources/programming/include/simStubsGen/generate.py --verbose --xml-file /Users/francescodevito/Documents/USI/Primo_Anno/Robotics/pinuccio/robotics-lab-usi-robomaster/build/robomaster_simulation/coppeliaSim_plugin/callbacks.xml --gen-all /Users/francescodevito/Documents/USI/Primo_Anno/Robotics/pinuccio/robotics-lab-usi-robomaster/build/robomaster_simulation/coppeliaSim_plugin/generated --lua-file /Users/francescodevito/Documents/USI/Primo_Anno/Robotics/pinuccio/robotics-lab-usi-robomaster/src/robomaster_sim/coppeliaSim_plugin/simRobomaster.lua
/Users/francescodevito/Documents/USI/Primo_Anno/Robotics/pinuccio/robotics-lab-usi-robomaster/.pixi/envs/default/bin/python3.10 /Applications/coppeliaSim.app/Contents/Resources/programming/include/simStubsGen/generate_lua_xml.py /Users/francescodevito/Documents/USI/Primo_Anno/Robotics/pinuccio/robotics-lab-usi-robomaster/build/robomaster_simulation/coppeliaSim_plugin/callbacks.xml /Users/francescodevito/Documents/USI/Primo_Anno/Robotics/pinuccio/robotics-lab-usi-robomaster/src/robomaster_sim/coppeliaSim_plugin/simRobomaster.lua /Users/francescodevito/Documents/USI/Primo_Anno/Robotics/pinuccio/robotics-lab-usi-robomaster/build/robomaster_simulation/coppeliaSim_plugin/generated/lua.xml
/Users/francescodevito/Documents/USI/Primo_Anno/Robotics/pinuccio/robotics-lab-usi-robomaster/.pixi/envs/default/bin/python3.10 /Applications/coppeliaSim.app/Contents/Resources/programming/include/simStubsGen/merge_xml.py /Users/francescodevito/Documents/USI/Primo_Anno/Robotics/pinuccio/robotics-lab-usi-robomaster/build/robomaster_simulation/coppeliaSim_plugin/callbacks.xml /Users/francescodevito/Documents/USI/Primo_Anno/Robotics/pinuccio/robotics-lab-usi-robomaster/build/robomaster_simulation/coppeliaSim_plugin/generated/lua.xml /Users/francescodevito/Documents/USI/Primo_Anno/Robotics/pinuccio/robotics-lab-usi-robomaster/build/robomaster_simulation/coppeliaSim_plugin/generated/reference.xml
xsltproc -o /Users/francescodevito/Documents/USI/Primo_Anno/Robotics/pinuccio/robotics-lab-usi-robomaster/build/robomaster_simulation/coppeliaSim_plugin/generated/reference.html /Applications/coppeliaSim.app/Contents/Resources/programming/include/simStubsGen/xsl/reference.xsl /Users/francescodevito/Documents/USI/Primo_Anno/Robotics/pinuccio/robotics-lab-usi-robomaster/build/robomaster_simulation/coppeliaSim_plugin/generated/reference.xml
/Users/francescodevito/Documents/USI/Primo_Anno/Robotics/pinuccio/robotics-lab-usi-robomaster/.pixi/envs/default/bin/python3.10 /Applications/coppeliaSim.app/Contents/Resources/programming/include/simStubsGen/generate_lua_typechecker.py /Users/francescodevito/Documents/USI/Primo_Anno/Robotics/pinuccio/robotics-lab-usi-robomaster/build/robomaster_simulation/coppeliaSim_plugin/callbacks.xml /Users/francescodevito/Documents/USI/Primo_Anno/Robotics/pinuccio/robotics-lab-usi-robomaster/src/robomaster_sim/coppeliaSim_plugin/simRobomaster.lua /Users/francescodevito/Documents/USI/Primo_Anno/Robotics/pinuccio/robotics-lab-usi-robomaster/build/robomaster_simulation/coppeliaSim_plugin/generated/lua.xml /Users/francescodevito/Documents/USI/Primo_Anno/Robotics/pinuccio/robotics-lab-usi-robomaster/build/robomaster_simulation/coppeliaSim_plugin/generated/typecheck.lua
/Users/francescodevito/Documents/USI/Primo_Anno/Robotics/pinuccio/robotics-lab-usi-robomaster/.pixi/envs/default/bin/python3.10 /Applications/coppeliaSim.app/Contents/Resources/programming/include/simStubsGen/generate_api_index.py /Users/francescodevito/Documents/USI/Primo_Anno/Robotics/pinuccio/robotics-lab-usi-robomaster/build/robomaster_simulation/coppeliaSim_plugin/generated/reference.xml /Users/francescodevito/Documents/USI/Primo_Anno/Robotics/pinuccio/robotics-lab-usi-robomaster/build/robomaster_simulation/coppeliaSim_plugin/generated/index.json
/Users/francescodevito/Documents/USI/Primo_Anno/Robotics/pinuccio/robotics-lab-usi-robomaster/.pixi/envs/default/bin/python3.10 /Applications/coppeliaSim.app/Contents/Resources/programming/include/simStubsGen/generate_ce.py /Users/francescodevito/Documents/USI/Primo_Anno/Robotics/pinuccio/robotics-lab-usi-robomaster/build/robomaster_simulation/coppeliaSim_plugin/generated/reference.xml /Users/francescodevito/Documents/USI/Primo_Anno/Robotics/pinuccio/robotics-lab-usi-robomaster/build/robomaster_simulation/coppeliaSim_plugin/generated/ce.lua
/Users/francescodevito/Documents/USI/Primo_Anno/Robotics/pinuccio/robotics-lab-usi-robomaster/.pixi/envs/default/bin/python3.10 /Applications/coppeliaSim.app/Contents/Resources/programming/include/simStubsGen/external/pycpp/pycpp.py -p xml_file=/Users/francescodevito/Documents/USI/Primo_Anno/Robotics/pinuccio/robotics-lab-usi-robomaster/build/robomaster_simulation/coppeliaSim_plugin/callbacks.xml -P /Applications/coppeliaSim.app/Contents/Resources/programming/include/simStubsGen -i /Applications/coppeliaSim.app/Contents/Resources/programming/include/simStubsGen/cpp/stubs.cpp -o /Users/francescodevito/Documents/USI/Primo_Anno/Robotics/pinuccio/robotics-lab-usi-robomaster/build/robomaster_simulation/coppeliaSim_plugin/generated/stubs.cpp
/Users/francescodevito/Documents/USI/Primo_Anno/Robotics/pinuccio/robotics-lab-usi-robomaster/.pixi/envs/default/bin/python3.10 /Applications/coppeliaSim.app/Contents/Resources/programming/include/simStubsGen/external/pycpp/pycpp.py -p xml_file=/Users/francescodevito/Documents/USI/Primo_Anno/Robotics/pinuccio/robotics-lab-usi-robomaster/build/robomaster_simulation/coppeliaSim_plugin/callbacks.xml -P /Applications/coppeliaSim.app/Contents/Resources/programming/include/simStubsGen -i /Applications/coppeliaSim.app/Contents/Resources/programming/include/simStubsGen/cpp/stubs.h -o /Users/francescodevito/Documents/USI/Primo_Anno/Robotics/pinuccio/robotics-lab-usi-robomaster/build/robomaster_simulation/coppeliaSim_plugin/generated/stubs.h
/Users/francescodevito/Documents/USI/Primo_Anno/Robotics/pinuccio/robotics-lab-usi-robomaster/.pixi/envs/default/bin/python3.10 /Applications/coppeliaSim.app/Contents/Resources/programming/include/simStubsGen/external/pycpp/pycpp.py -p xml_file=/Users/francescodevito/Documents/USI/Primo_Anno/Robotics/pinuccio/robotics-lab-usi-robomaster/build/robomaster_simulation/coppeliaSim_plugin/callbacks.xml -P /Applications/coppeliaSim.app/Contents/Resources/programming/include/simStubsGen -i /Applications/coppeliaSim.app/Contents/Resources/programming/include/simStubsGen/cpp/plugin.h -o /Users/francescodevito/Documents/USI/Primo_Anno/Robotics/pinuccio/robotics-lab-usi-robomaster/build/robomaster_simulation/coppeliaSim_plugin/generated/plugin.h
/Users/francescodevito/Documents/USI/Primo_Anno/Robotics/pinuccio/robotics-lab-usi-robomaster/.pixi/envs/default/bin/python3.10 /Applications/coppeliaSim.app/Contents/Resources/programming/include/simStubsGen/external/pycpp/pycpp.py -p xml_file=/Users/francescodevito/Documents/USI/Primo_Anno/Robotics/pinuccio/robotics-lab-usi-robomaster/build/robomaster_simulation/coppeliaSim_plugin/callbacks.xml -P /Applications/coppeliaSim.app/Contents/Resources/programming/include/simStubsGen -i /Applications/coppeliaSim.app/Contents/Resources/programming/include/simStubsGen/cpp/stubsPlusPlus.cpp -o /Users/francescodevito/Documents/USI/Primo_Anno/Robotics/pinuccio/robotics-lab-usi-robomaster/build/robomaster_simulation/coppeliaSim_plugin/generated/stubsPlusPlus.cpp
[ 81%] Building CXX object coppeliaSim_plugin/CMakeFiles/simRobomaster.dir/Applications/coppeliaSim.app/Contents/Resources/programming/include/simLib/simLib.cpp.o
[ 83%] Building CXX object coppeliaSim_plugin/CMakeFiles/simRobomaster.dir/coppeliasim_robot.cpp.o
[ 86%] Building CXX object coppeliaSim_plugin/CMakeFiles/simRobomaster.dir/plugin.cpp.o
[ 88%] Building CXX object coppeliaSim_plugin/CMakeFiles/simRobomaster.dir/Applications/coppeliaSim.app/Contents/Resources/programming/include/simPlusPlus/Plugin.cpp.o
[ 90%] Building CXX object coppeliaSim_plugin/CMakeFiles/simRobomaster.dir/Applications/coppeliaSim.app/Contents/Resources/programming/include/simPlusPlus/Lib.cpp.o
[ 93%] Building CXX object coppeliaSim_plugin/CMakeFiles/simRobomaster.dir/generated/stubs.cpp.o
[ 95%] Linking CXX shared library libsimRobomaster.dylib
ld: warning: -pie being ignored. It is only used when linking a main executable
ld: warning: direct access in function 'Robot::get_action_state(std::__1::basic_string<char, std::__1::char_traits<char>, std::__1::allocator<char>>)' from file 'CMakeFiles/simRobomaster.dir/plugin.cpp.o' to global weak symbol 'std::__1::piecewise_construct' from file '../librobomaster.a(robot.cpp.o)' means the weak symbol cannot be overridden at runtime. This was likely caused by different translation units being compiled with different visibility settings.
ld: warning: direct access in function 'Robot::get_action_state(std::__1::basic_string<char, std::__1::char_traits<char>, std::__1::allocator<char>>)' from file 'CMakeFiles/simRobomaster.dir/plugin.cpp.o' to global weak symbol 'std::__1::piecewise_construct' from file '../librobomaster.a(robot.cpp.o)' means the weak symbol cannot be overridden at runtime. This was likely caused by different translation units being compiled with different visibility settings.
ld: warning: direct access in function 'Robot::get_action_state(std::__1::basic_string<char, std::__1::char_traits<char>, std::__1::allocator<char>>)' from file 'CMakeFiles/simRobomaster.dir/plugin.cpp.o' to global weak symbol 'std::__1::piecewise_construct' from file '../librobomaster.a(robot.cpp.o)' means the weak symbol cannot be overridden at runtime. This was likely caused by different translation units being compiled with different visibility settings.
ld: warning: direct access in function 'Robot::get_action_state(std::__1::basic_string<char, std::__1::char_traits<char>, std::__1::allocator<char>>)' from file 'CMakeFiles/simRobomaster.dir/plugin.cpp.o' to global weak symbol 'std::__1::piecewise_construct' from file '../librobomaster.a(robot.cpp.o)' means the weak symbol cannot be overridden at runtime. This was likely caused by different translation units being compiled with different visibility settings.
ld: warning: direct access in function 'CoppeliaSimRobot::detect_bounding_boxes(unsigned char const*, int, int, unsigned char) const' from file 'CMakeFiles/simRobomaster.dir/coppeliasim_robot.cpp.o' to global weak symbol 'std::__1::piecewise_construct' from file '../librobomaster.a(robot.cpp.o)' means the weak symbol cannot be overridden at runtime. This was likely caused by different translation units being compiled with different visibility settings.
ld: warning: direct access in function 'CoppeliaSimRobot::detect_bounding_boxes(unsigned char const*, int, int, unsigned char) const' from file 'CMakeFiles/simRobomaster.dir/coppeliasim_robot.cpp.o' to global weak symbol 'std::__1::piecewise_construct' from file '../librobomaster.a(robot.cpp.o)' means the weak symbol cannot be overridden at runtime. This was likely caused by different translation units being compiled with different visibility settings.
[ 95%] Built target simRobomaster
[ 97%] Building CXX object CMakeFiles/test.dir/src/test.cpp.o
[100%] Linking CXX executable test
[100%] Built target test
-- Install configuration: ""
-- Installing: /Applications/coppeliaSim.app/Contents/Resources/lua/simRobomaster-typecheck.lua
-- Installing: /Applications/coppeliaSim.app/Contents/Resources/lua/simRobomaster.lua
-- Installing: /Applications/coppeliaSim.app/Contents/Resources/manual/en/simRobomaster.htm
-- Installing: /Applications/coppeliaSim.app/Contents/Resources/manual/index/simRobomaster.json
-- Installing: /Applications/coppeliaSim.app/Contents/Resources/lua/simRobomaster-ce.lua
-- Installing: /Applications/coppeliaSim.app/Contents/MacOS/libsimRobomaster.dylib
-- Installing: /Applications/coppeliaSim.app/Contents/Resources/models/robots/mobile/RoboMasterEP.ttm
-- Installing: /Applications/coppeliaSim.app/Contents/Resources/models/robots/mobile/RoboMasterS1.ttm
-- Installing: /Applications/coppeliaSim.app/Contents/Resources/models/components/sensors/RoboMasterDistanceSensor.ttm
