[0.015s] Invoking command in '/Users/francescodevito/Documents/USI/Primo_Anno/Robotics/pinuccio/robotics-lab-usi-robomaster/build/sim_ros2_interface': CONDA_PROMPT_MODIFIER=(base) PIXI_PROMPT=(robotics-lab-usi-robomaster) SHLVL=3 _=/usr/bin/env /Users/francescodevito/Documents/USI/Primo_Anno/Robotics/pinuccio/robotics-lab-usi-robomaster/.pixi/envs/default/bin/cmake /Users/francescodevito/Documents/USI/Primo_Anno/Robotics/pinuccio/robotics-lab-usi-robomaster/src/simExtROS2 -DAMENT_CMAKE_SYMLINK_INSTALL=1 -DCMAKE_INSTALL_PREFIX=/Users/francescodevito/Documents/USI/Primo_Anno/Robotics/pinuccio/robotics-lab-usi-robomaster/install/sim_ros2_interface
[4.198s] -- The C compiler identification is Clang 16.0.1
[4.334s] -- The CXX compiler identification is Clang 16.0.1
[4.355s] -- Detecting C compiler ABI info
[4.549s] -- Detecting C compiler ABI info - done
[4.553s] -- Check for working C compiler: /Users/francescodevito/Documents/USI/Primo_Anno/Robotics/pinuccio/robotics-lab-usi-robomaster/.pixi/envs/default/bin/arm64-apple-darwin20.0.0-clang - skipped
[4.553s] -- Detecting C compile features
[4.553s] -- Detecting C compile features - done
[4.559s] -- Detecting CXX compiler ABI info
[4.728s] -- Detecting CXX compiler ABI info - done
[4.731s] -- Check for working CXX compiler: /Users/francescodevito/Documents/USI/Primo_Anno/Robotics/pinuccio/robotics-lab-usi-robomaster/.pixi/envs/default/bin/arm64-apple-darwin20.0.0-clang++ - skipped
[4.732s] -- Detecting CXX compile features
[4.732s] -- Detecting CXX compile features - done
[4.748s] -- Found ament_cmake: 1.3.3 (/Users/francescodevito/Documents/USI/Primo_Anno/Robotics/pinuccio/robotics-lab-usi-robomaster/.pixi/envs/default/share/ament_cmake/cmake)
[5.181s] -- Found Python3: /Users/francescodevito/Documents/USI/Primo_Anno/Robotics/pinuccio/robotics-lab-usi-robomaster/.pixi/envs/default/bin/python3.10 (found version "3.10.13") found components: Interpreter 
[5.235s] -- Override CMake install command with custom implementation using symlinks instead of copying resources
[5.405s] -- Found ament_cmake_ros: 0.10.0 (/Users/francescodevito/Documents/USI/Primo_Anno/Robotics/pinuccio/robotics-lab-usi-robomaster/.pixi/envs/default/share/ament_cmake_ros/cmake)
[5.427s] -- Found geometry_msgs: 4.2.3 (/Users/francescodevito/Documents/USI/Primo_Anno/Robotics/pinuccio/robotics-lab-usi-robomaster/.pixi/envs/default/share/geometry_msgs/cmake)
[5.508s] -- Found rosidl_generator_c: 3.1.4 (/Users/francescodevito/Documents/USI/Primo_Anno/Robotics/pinuccio/robotics-lab-usi-robomaster/.pixi/envs/default/share/rosidl_generator_c/cmake)
[5.530s] -- Found rosidl_adapter: 3.1.4 (/Users/francescodevito/Documents/USI/Primo_Anno/Robotics/pinuccio/robotics-lab-usi-robomaster/.pixi/envs/default/share/rosidl_adapter/cmake)
[5.551s] -- Found rosidl_generator_cpp: 3.1.4 (/Users/francescodevito/Documents/USI/Primo_Anno/Robotics/pinuccio/robotics-lab-usi-robomaster/.pixi/envs/default/share/rosidl_generator_cpp/cmake)
[5.575s] -- Using all available rosidl_typesupport_c: rosidl_typesupport_fastrtps_c;rosidl_typesupport_introspection_c
[5.615s] -- Using all available rosidl_typesupport_cpp: rosidl_typesupport_fastrtps_cpp;rosidl_typesupport_introspection_cpp
[5.709s] -- Found sensor_msgs: 4.2.3 (/Users/francescodevito/Documents/USI/Primo_Anno/Robotics/pinuccio/robotics-lab-usi-robomaster/.pixi/envs/default/share/sensor_msgs/cmake)
[5.773s] -- Found rclcpp: 16.0.3 (/Users/francescodevito/Documents/USI/Primo_Anno/Robotics/pinuccio/robotics-lab-usi-robomaster/.pixi/envs/default/share/rclcpp/cmake)
[6.528s] -- Checking for module 'yaml-0.1'
[6.680s] --   Found yaml-0.1, version 0.2.5
[7.744s] -- Found rmw_implementation_cmake: 6.1.1 (/Users/francescodevito/Documents/USI/Primo_Anno/Robotics/pinuccio/robotics-lab-usi-robomaster/.pixi/envs/default/share/rmw_implementation_cmake/cmake)
[7.751s] -- Found rmw_cyclonedds_cpp: 1.3.4 (/Users/francescodevito/Documents/USI/Primo_Anno/Robotics/pinuccio/robotics-lab-usi-robomaster/.pixi/envs/default/share/rmw_cyclonedds_cpp/cmake)
[7.798s] -- Using RMW implementation 'rmw_cyclonedds_cpp' as default
[7.815s] -- Performing Test CMAKE_HAVE_LIBC_PTHREAD
[8.109s] -- Performing Test CMAKE_HAVE_LIBC_PTHREAD - Success
[8.109s] -- Found Threads: TRUE  
[8.200s] -- Found rclcpp_action: 16.0.3 (/Users/francescodevito/Documents/USI/Primo_Anno/Robotics/pinuccio/robotics-lab-usi-robomaster/.pixi/envs/default/share/rclcpp_action/cmake)
[8.318s] -- Found tf2_ros: 0.25.2 (/Users/francescodevito/Documents/USI/Primo_Anno/Robotics/pinuccio/robotics-lab-usi-robomaster/.pixi/envs/default/share/tf2_ros/cmake)
[8.612s] -- Found image_transport: 3.1.5 (/Users/francescodevito/Documents/USI/Primo_Anno/Robotics/pinuccio/robotics-lab-usi-robomaster/.pixi/envs/default/share/image_transport/cmake)
[8.632s] -- Found TinyXML2 via Config file: /Users/francescodevito/Documents/USI/Primo_Anno/Robotics/pinuccio/robotics-lab-usi-robomaster/.pixi/envs/default/lib/cmake/tinyxml2
[8.633s] -- CoppeliaSim: COPPELIASIM_INCLUDE_DIR: /Applications/coppeliaSim.app/Contents/Resources/programming/include
[8.633s] -- CoppeliaSim: COPPELIASIM_ROOT_DIR: /Applications/coppeliaSim.app/Contents/Resources
[8.634s] -- Checking CoppeliaSim header version...
[9.582s] -- CoppeliaSim headers version 4.7.0 rev4
[9.582s] -- CoppeliaSim: COPPELIASIM_RESOURCES_DIR: /Applications/coppeliaSim.app/Contents/Resources
[9.582s] -- CoppeliaSim: COPPELIASIM_PLUGINS_DIR: /Applications/coppeliaSim.app/Contents/MacOS
[9.582s] -- CoppeliaSim: COPPELIASIM_EXECUTABLES_DIR: /Applications/coppeliaSim.app/Contents/MacOS
[9.582s] -- CoppeliaSim: COPPELIASIM_LIBRARIES_DIR: /Applications/coppeliaSim.app/Contents/Frameworks
[9.582s] -- CoppeliaSim: COPPELIASIM_ADDONS_DIR: /Applications/coppeliaSim.app/Contents/Resources/addOns
[9.583s] -- CoppeliaSim: COPPELIASIM_MANUAL_DIR: /Applications/coppeliaSim.app/Contents/Resources/manual
[9.583s] -- CoppeliaSim: COPPELIASIM_MODELS_DIR: /Applications/coppeliaSim.app/Contents/Resources/models
[9.583s] -- CoppeliaSim: COPPELIASIM_SCENES_DIR: /Applications/coppeliaSim.app/Contents/Resources/scenes
[9.583s] -- CoppeliaSim: COPPELIASIM_LUA_DIR: /Applications/coppeliaSim.app/Contents/Resources/lua
[9.583s] -- CoppeliaSim: COPPELIASIM_PYTHON_DIR: /Applications/coppeliaSim.app/Contents/Resources/python
[9.583s] -- CoppeliaSim: COPPELIASIM_EXECUTABLE: /Applications/coppeliaSim.app/Contents/MacOS/coppeliaSim
[9.595s] -- Found Boost: /Users/francescodevito/Documents/USI/Primo_Anno/Robotics/pinuccio/robotics-lab-usi-robomaster/.pixi/envs/default/lib/cmake/Boost-1.78.0/BoostConfig.cmake (found version "1.78.0") found components: regex 
[9.623s] -- Found Git: /opt/homebrew/bin/git (found version "2.46.2") 
[10.342s] -- Found Python3: /Users/francescodevito/Documents/USI/Primo_Anno/Robotics/pinuccio/robotics-lab-usi-robomaster/.pixi/envs/default/bin/python3.10 (found version "3.10.13") found components: Interpreter Development Development.Module Development.Embed 
[10.345s] -- Found Boost: /Users/francescodevito/Documents/USI/Primo_Anno/Robotics/pinuccio/robotics-lab-usi-robomaster/.pixi/envs/default/lib/cmake/Boost-1.78.0/BoostConfig.cmake (found version "1.78.0")  
[10.351s] -- Found example_interfaces: 0.9.3 (/Users/francescodevito/Documents/USI/Primo_Anno/Robotics/pinuccio/robotics-lab-usi-robomaster/.pixi/envs/default/share/example_interfaces/cmake)
[10.390s] -- Found nav_msgs: 4.2.3 (/Users/francescodevito/Documents/USI/Primo_Anno/Robotics/pinuccio/robotics-lab-usi-robomaster/.pixi/envs/default/share/nav_msgs/cmake)
[10.444s] -- Found std_srvs: 4.2.3 (/Users/francescodevito/Documents/USI/Primo_Anno/Robotics/pinuccio/robotics-lab-usi-robomaster/.pixi/envs/default/share/std_srvs/cmake)
[10.466s] -- Found trajectory_msgs: 4.2.3 (/Users/francescodevito/Documents/USI/Primo_Anno/Robotics/pinuccio/robotics-lab-usi-robomaster/.pixi/envs/default/share/trajectory_msgs/cmake)
[10.521s] -- Found shape_msgs: 4.2.3 (/Users/francescodevito/Documents/USI/Primo_Anno/Robotics/pinuccio/robotics-lab-usi-robomaster/.pixi/envs/default/share/shape_msgs/cmake)
[10.556s] -- Adding simStubsGen command...
[10.587s] -- Found Python3: /Users/francescodevito/Documents/USI/Primo_Anno/Robotics/pinuccio/robotics-lab-usi-robomaster/.pixi/envs/default/bin/python3.10 (found version "3.10.13") found components: Interpreter 
[10.587s] -- Reading plugin metadata...
[11.134s] -- Plugin: simROS2
[11.222s] -- Configuring done (9.5s)
[11.273s] -- Generating done (0.0s)
[11.278s] -- Build files have been written to: /Users/francescodevito/Documents/USI/Primo_Anno/Robotics/pinuccio/robotics-lab-usi-robomaster/build/sim_ros2_interface
[11.283s] Invoked command in '/Users/francescodevito/Documents/USI/Primo_Anno/Robotics/pinuccio/robotics-lab-usi-robomaster/build/sim_ros2_interface' returned '0': CONDA_PROMPT_MODIFIER=(base) PIXI_PROMPT=(robotics-lab-usi-robomaster) SHLVL=3 _=/usr/bin/env /Users/francescodevito/Documents/USI/Primo_Anno/Robotics/pinuccio/robotics-lab-usi-robomaster/.pixi/envs/default/bin/cmake /Users/francescodevito/Documents/USI/Primo_Anno/Robotics/pinuccio/robotics-lab-usi-robomaster/src/simExtROS2 -DAMENT_CMAKE_SYMLINK_INSTALL=1 -DCMAKE_INSTALL_PREFIX=/Users/francescodevito/Documents/USI/Primo_Anno/Robotics/pinuccio/robotics-lab-usi-robomaster/install/sim_ros2_interface
[11.287s] Invoking command in '/Users/francescodevito/Documents/USI/Primo_Anno/Robotics/pinuccio/robotics-lab-usi-robomaster/build/sim_ros2_interface': CONDA_PROMPT_MODIFIER=(base) PIXI_PROMPT=(robotics-lab-usi-robomaster) SHLVL=3 _=/usr/bin/env /Users/francescodevito/Documents/USI/Primo_Anno/Robotics/pinuccio/robotics-lab-usi-robomaster/.pixi/envs/default/bin/cmake --build /Users/francescodevito/Documents/USI/Primo_Anno/Robotics/pinuccio/robotics-lab-usi-robomaster/build/sim_ros2_interface -- -j12 -l12
[11.441s] [  2%] Generating generated/actcli_cancelLastGoal.cpp
[11.616s] [  5%] Generating generated/actsrv_action_succeed.cpp
[11.761s] [  7%] Generating generated/actsrv_del.cpp
[11.913s] [ 10%] Generating generated/actsrv_new.cpp
[12.064s] [ 12%] Generating generated/callbacks.cpp
[12.217s] [ 15%] Generating generated/callbacks.h
[12.358s] [ 17%] Generating generated/cli_call.cpp
[12.495s] [ 20%] Generating generated/cli_del.cpp
[12.628s] [ 22%] Generating generated/cli_new.cpp
[12.771s] [ 25%] Generating generated/cli_wait.cpp
[12.914s] [ 27%] Generating generated/if_const.cpp
[13.055s] [ 30%] Generating generated/if_list.cpp
[13.214s] [ 32%] Generating generated/if_new.cpp
[13.359s] [ 35%] Generating generated/pub_del.cpp
[13.502s] [ 37%] Generating generated/pub_new.cpp
[13.637s] [ 40%] Generating generated/pub_publish.cpp
[13.766s] [ 42%] Generating generated/srv_del.cpp
[13.890s] [ 45%] Generating generated/srv_new.cpp
[14.014s] [ 47%] Generating generated/sub_del.cpp
[14.143s] [ 50%] Generating generated/sub_new.cpp
[14.258s] [ 52%] Generating generated/actsrv_action_publish_feedback.cpp
[14.374s] [ 55%] Generating generated/actsrv_action_is_executing.cpp
[14.513s] [ 57%] Generating generated/actsrv_action_is_canceling.cpp
[14.626s] [ 60%] Generating generated/actsrv_action_is_active.cpp
[14.740s] [ 62%] Generating generated/actsrv_action_execute.cpp
[14.858s] [ 65%] Generating generated/actsrv_action_canceled.cpp
[14.970s] [ 67%] Generating generated/actsrv_action_abort.cpp
[15.085s] [ 70%] Generating generated/actcli_sendGoal.cpp
[15.203s] [ 72%] Generating generated/actcli_new.cpp
[15.320s] [ 75%] Generating generated/actcli_del.cpp
[15.430s] [ 75%] Built target generate_ros_code
[15.449s] [ 77%] Generating generated/stubs.cpp, generated/stubs.h, generated/plugin.h, generated/stubsPlusPlus.cpp, generated/index.json, generated/reference.html, generated/typecheck.lua
[18.099s] /Applications/coppeliaSim.app/Contents/Resources/programming/include/simStubsGen/generate.py --verbose --xml-file /Users/francescodevito/Documents/USI/Primo_Anno/Robotics/pinuccio/robotics-lab-usi-robomaster/src/simExtROS2/meta/callbacks.xml --gen-all /Users/francescodevito/Documents/USI/Primo_Anno/Robotics/pinuccio/robotics-lab-usi-robomaster/build/sim_ros2_interface/generated --lua-file /Users/francescodevito/Documents/USI/Primo_Anno/Robotics/pinuccio/robotics-lab-usi-robomaster/src/simExtROS2/lua/simROS2.lua
[18.099s] /Users/francescodevito/Documents/USI/Primo_Anno/Robotics/pinuccio/robotics-lab-usi-robomaster/.pixi/envs/default/bin/python3.10 /Applications/coppeliaSim.app/Contents/Resources/programming/include/simStubsGen/generate_lua_xml.py /Users/francescodevito/Documents/USI/Primo_Anno/Robotics/pinuccio/robotics-lab-usi-robomaster/src/simExtROS2/meta/callbacks.xml /Users/francescodevito/Documents/USI/Primo_Anno/Robotics/pinuccio/robotics-lab-usi-robomaster/src/simExtROS2/lua/simROS2.lua /Users/francescodevito/Documents/USI/Primo_Anno/Robotics/pinuccio/robotics-lab-usi-robomaster/build/sim_ros2_interface/generated/lua.xml
[18.099s] /Users/francescodevito/Documents/USI/Primo_Anno/Robotics/pinuccio/robotics-lab-usi-robomaster/.pixi/envs/default/bin/python3.10 /Applications/coppeliaSim.app/Contents/Resources/programming/include/simStubsGen/merge_xml.py /Users/francescodevito/Documents/USI/Primo_Anno/Robotics/pinuccio/robotics-lab-usi-robomaster/src/simExtROS2/meta/callbacks.xml /Users/francescodevito/Documents/USI/Primo_Anno/Robotics/pinuccio/robotics-lab-usi-robomaster/build/sim_ros2_interface/generated/lua.xml /Users/francescodevito/Documents/USI/Primo_Anno/Robotics/pinuccio/robotics-lab-usi-robomaster/build/sim_ros2_interface/generated/reference.xml
[18.099s] xsltproc -o /Users/francescodevito/Documents/USI/Primo_Anno/Robotics/pinuccio/robotics-lab-usi-robomaster/build/sim_ros2_interface/generated/reference.html /Applications/coppeliaSim.app/Contents/Resources/programming/include/simStubsGen/xsl/reference.xsl /Users/francescodevito/Documents/USI/Primo_Anno/Robotics/pinuccio/robotics-lab-usi-robomaster/build/sim_ros2_interface/generated/reference.xml
[18.099s] /Users/francescodevito/Documents/USI/Primo_Anno/Robotics/pinuccio/robotics-lab-usi-robomaster/.pixi/envs/default/bin/python3.10 /Applications/coppeliaSim.app/Contents/Resources/programming/include/simStubsGen/generate_lua_typechecker.py /Users/francescodevito/Documents/USI/Primo_Anno/Robotics/pinuccio/robotics-lab-usi-robomaster/src/simExtROS2/meta/callbacks.xml /Users/francescodevito/Documents/USI/Primo_Anno/Robotics/pinuccio/robotics-lab-usi-robomaster/src/simExtROS2/lua/simROS2.lua /Users/francescodevito/Documents/USI/Primo_Anno/Robotics/pinuccio/robotics-lab-usi-robomaster/build/sim_ros2_interface/generated/lua.xml /Users/francescodevito/Documents/USI/Primo_Anno/Robotics/pinuccio/robotics-lab-usi-robomaster/build/sim_ros2_interface/generated/typecheck.lua
[18.099s] /Users/francescodevito/Documents/USI/Primo_Anno/Robotics/pinuccio/robotics-lab-usi-robomaster/.pixi/envs/default/bin/python3.10 /Applications/coppeliaSim.app/Contents/Resources/programming/include/simStubsGen/generate_api_index.py /Users/francescodevito/Documents/USI/Primo_Anno/Robotics/pinuccio/robotics-lab-usi-robomaster/build/sim_ros2_interface/generated/reference.xml /Users/francescodevito/Documents/USI/Primo_Anno/Robotics/pinuccio/robotics-lab-usi-robomaster/build/sim_ros2_interface/generated/index.json
[18.099s] /Users/francescodevito/Documents/USI/Primo_Anno/Robotics/pinuccio/robotics-lab-usi-robomaster/.pixi/envs/default/bin/python3.10 /Applications/coppeliaSim.app/Contents/Resources/programming/include/simStubsGen/generate_ce.py /Users/francescodevito/Documents/USI/Primo_Anno/Robotics/pinuccio/robotics-lab-usi-robomaster/build/sim_ros2_interface/generated/reference.xml /Users/francescodevito/Documents/USI/Primo_Anno/Robotics/pinuccio/robotics-lab-usi-robomaster/build/sim_ros2_interface/generated/ce.lua
[18.099s] /Users/francescodevito/Documents/USI/Primo_Anno/Robotics/pinuccio/robotics-lab-usi-robomaster/.pixi/envs/default/bin/python3.10 /Applications/coppeliaSim.app/Contents/Resources/programming/include/simStubsGen/external/pycpp/pycpp.py -p xml_file=/Users/francescodevito/Documents/USI/Primo_Anno/Robotics/pinuccio/robotics-lab-usi-robomaster/src/simExtROS2/meta/callbacks.xml -P /Applications/coppeliaSim.app/Contents/Resources/programming/include/simStubsGen -i /Applications/coppeliaSim.app/Contents/Resources/programming/include/simStubsGen/cpp/stubs.cpp -o /Users/francescodevito/Documents/USI/Primo_Anno/Robotics/pinuccio/robotics-lab-usi-robomaster/build/sim_ros2_interface/generated/stubs.cpp
[18.099s] /Users/francescodevito/Documents/USI/Primo_Anno/Robotics/pinuccio/robotics-lab-usi-robomaster/.pixi/envs/default/bin/python3.10 /Applications/coppeliaSim.app/Contents/Resources/programming/include/simStubsGen/external/pycpp/pycpp.py -p xml_file=/Users/francescodevito/Documents/USI/Primo_Anno/Robotics/pinuccio/robotics-lab-usi-robomaster/src/simExtROS2/meta/callbacks.xml -P /Applications/coppeliaSim.app/Contents/Resources/programming/include/simStubsGen -i /Applications/coppeliaSim.app/Contents/Resources/programming/include/simStubsGen/cpp/stubs.h -o /Users/francescodevito/Documents/USI/Primo_Anno/Robotics/pinuccio/robotics-lab-usi-robomaster/build/sim_ros2_interface/generated/stubs.h
[18.099s] /Users/francescodevito/Documents/USI/Primo_Anno/Robotics/pinuccio/robotics-lab-usi-robomaster/.pixi/envs/default/bin/python3.10 /Applications/coppeliaSim.app/Contents/Resources/programming/include/simStubsGen/external/pycpp/pycpp.py -p xml_file=/Users/francescodevito/Documents/USI/Primo_Anno/Robotics/pinuccio/robotics-lab-usi-robomaster/src/simExtROS2/meta/callbacks.xml -P /Applications/coppeliaSim.app/Contents/Resources/programming/include/simStubsGen -i /Applications/coppeliaSim.app/Contents/Resources/programming/include/simStubsGen/cpp/plugin.h -o /Users/francescodevito/Documents/USI/Primo_Anno/Robotics/pinuccio/robotics-lab-usi-robomaster/build/sim_ros2_interface/generated/plugin.h
[18.099s] /Users/francescodevito/Documents/USI/Primo_Anno/Robotics/pinuccio/robotics-lab-usi-robomaster/.pixi/envs/default/bin/python3.10 /Applications/coppeliaSim.app/Contents/Resources/programming/include/simStubsGen/external/pycpp/pycpp.py -p xml_file=/Users/francescodevito/Documents/USI/Primo_Anno/Robotics/pinuccio/robotics-lab-usi-robomaster/src/simExtROS2/meta/callbacks.xml -P /Applications/coppeliaSim.app/Contents/Resources/programming/include/simStubsGen -i /Applications/coppeliaSim.app/Contents/Resources/programming/include/simStubsGen/cpp/stubsPlusPlus.cpp -o /Users/francescodevito/Documents/USI/Primo_Anno/Robotics/pinuccio/robotics-lab-usi-robomaster/build/sim_ros2_interface/generated/stubsPlusPlus.cpp
[18.210s] [ 80%] Building CXX object CMakeFiles/simROS2.dir/Applications/coppeliaSim.app/Contents/Resources/programming/include/simLib/simLib.cpp.o
[18.616s] [ 82%] Building CXX object CMakeFiles/simROS2.dir/generated/callbacks.cpp.o
[22.391s] [ 85%] Building CXX object CMakeFiles/simROS2.dir/src/ros_msg_builtin_io.cpp.o
[24.177s] [ 87%] Building CXX object CMakeFiles/simROS2.dir/src/sim_ros2_interface.cpp.o
[27.013s] /Users/francescodevito/Documents/USI/Primo_Anno/Robotics/pinuccio/robotics-lab-usi-robomaster/src/simExtROS2/src/sim_ros2_interface.cpp:906:21: warning: object backing the pointer will be destroyed at the end of the full-expression [-Wdangling-gsl]
[27.013s]       auto &param = params_client->get_parameters({in->name}).front();
[27.013s]                     ^~~~~~~~~~~~~~~~~~~~~~~~~~~~~~~~~~~~~~~~~
[27.013s] /Users/francescodevito/Documents/USI/Primo_Anno/Robotics/pinuccio/robotics-lab-usi-robomaster/src/simExtROS2/src/sim_ros2_interface.cpp:915:21: warning: object backing the pointer will be destroyed at the end of the full-expression [-Wdangling-gsl]
[27.014s]       auto &param = params_client->get_parameters({in->name}).front();
[27.014s]                     ^~~~~~~~~~~~~~~~~~~~~~~~~~~~~~~~~~~~~~~~~
[27.014s] /Users/francescodevito/Documents/USI/Primo_Anno/Robotics/pinuccio/robotics-lab-usi-robomaster/src/simExtROS2/src/sim_ros2_interface.cpp:924:21: warning: object backing the pointer will be destroyed at the end of the full-expression [-Wdangling-gsl]
[27.014s]       auto &param = params_client->get_parameters({in->name}).front();
[27.014s]                     ^~~~~~~~~~~~~~~~~~~~~~~~~~~~~~~~~~~~~~~~~
[27.014s] /Users/francescodevito/Documents/USI/Primo_Anno/Robotics/pinuccio/robotics-lab-usi-robomaster/src/simExtROS2/src/sim_ros2_interface.cpp:933:21: warning: object backing the pointer will be destroyed at the end of the full-expression [-Wdangling-gsl]
[27.014s]       auto &param = params_client->get_parameters({in->name}).front();
[27.014s]                     ^~~~~~~~~~~~~~~~~~~~~~~~~~~~~~~~~~~~~~~~~
[103.947s] 4 warnings generated.
[104.012s] [ 95%] Building CXX object CMakeFiles/simROS2.dir/generated/stubs.cpp.o
[104.012s] [ 95%] Building CXX object CMakeFiles/simROS2.dir/Applications/coppeliaSim.app/Contents/Resources/programming/include/simPlusPlus/Lib.cpp.o
[104.012s] [ 95%] Building CXX object CMakeFiles/simROS2.dir/Applications/coppeliaSim.app/Contents/Resources/programming/include/simPlusPlus/Plugin.cpp.o
[106.314s] [ 97%] Linking CXX shared library libsimROS2.dylib
[106.354s] ld: warning: -pie being ignored. It is only used when linking a main executable
[106.656s] [100%] Built target simROS2
[106.668s] Invoked command in '/Users/francescodevito/Documents/USI/Primo_Anno/Robotics/pinuccio/robotics-lab-usi-robomaster/build/sim_ros2_interface' returned '0': CONDA_PROMPT_MODIFIER=(base) PIXI_PROMPT=(robotics-lab-usi-robomaster) SHLVL=3 _=/usr/bin/env /Users/francescodevito/Documents/USI/Primo_Anno/Robotics/pinuccio/robotics-lab-usi-robomaster/.pixi/envs/default/bin/cmake --build /Users/francescodevito/Documents/USI/Primo_Anno/Robotics/pinuccio/robotics-lab-usi-robomaster/build/sim_ros2_interface -- -j12 -l12
[106.815s] Invoking command in '/Users/francescodevito/Documents/USI/Primo_Anno/Robotics/pinuccio/robotics-lab-usi-robomaster/build/sim_ros2_interface': CONDA_PROMPT_MODIFIER=(base) PIXI_PROMPT=(robotics-lab-usi-robomaster) SHLVL=3 _=/usr/bin/env /Users/francescodevito/Documents/USI/Primo_Anno/Robotics/pinuccio/robotics-lab-usi-robomaster/.pixi/envs/default/bin/cmake --install /Users/francescodevito/Documents/USI/Primo_Anno/Robotics/pinuccio/robotics-lab-usi-robomaster/build/sim_ros2_interface
[106.825s] -- Install configuration: ""
[106.826s] -- Execute custom install script
[106.827s] -- Symlinking: /Applications/coppeliaSim.app/Contents/Resources/lua/simROS2-typecheck.lua
[106.836s] -- Symlinking: /Applications/coppeliaSim.app/Contents/Resources/lua/simROS2.lua
[106.845s] -- Symlinking: /Applications/coppeliaSim.app/Contents/Resources/manual/en/simROS2.htm
[106.855s] -- Symlinking: /Applications/coppeliaSim.app/Contents/Resources/manual/index/simROS2.json
[106.864s] -- Symlinking: /Applications/coppeliaSim.app/Contents/Resources/lua/simROS2-ce.lua
[106.873s] -- Symlinking: /Applications/coppeliaSim.app/Contents/MacOS/libsimROS2.dylib
[106.882s] -- Symlinking: /Users/francescodevito/Documents/USI/Primo_Anno/Robotics/pinuccio/robotics-lab-usi-robomaster/install/sim_ros2_interface/share/ament_index/resource_index/package_run_dependencies/sim_ros2_interface
[106.891s] -- Symlinking: /Users/francescodevito/Documents/USI/Primo_Anno/Robotics/pinuccio/robotics-lab-usi-robomaster/install/sim_ros2_interface/share/ament_index/resource_index/parent_prefix_path/sim_ros2_interface
[106.900s] -- Symlinking: /Users/francescodevito/Documents/USI/Primo_Anno/Robotics/pinuccio/robotics-lab-usi-robomaster/install/sim_ros2_interface/share/sim_ros2_interface/environment/ament_prefix_path.sh
[106.908s] -- Symlinking: /Users/francescodevito/Documents/USI/Primo_Anno/Robotics/pinuccio/robotics-lab-usi-robomaster/install/sim_ros2_interface/share/sim_ros2_interface/environment/ament_prefix_path.dsv
[106.917s] -- Symlinking: /Users/francescodevito/Documents/USI/Primo_Anno/Robotics/pinuccio/robotics-lab-usi-robomaster/install/sim_ros2_interface/share/sim_ros2_interface/environment/path.sh
[106.926s] -- Symlinking: /Users/francescodevito/Documents/USI/Primo_Anno/Robotics/pinuccio/robotics-lab-usi-robomaster/install/sim_ros2_interface/share/sim_ros2_interface/environment/path.dsv
[106.934s] -- Symlinking: /Users/francescodevito/Documents/USI/Primo_Anno/Robotics/pinuccio/robotics-lab-usi-robomaster/install/sim_ros2_interface/share/sim_ros2_interface/local_setup.bash
[106.943s] -- Symlinking: /Users/francescodevito/Documents/USI/Primo_Anno/Robotics/pinuccio/robotics-lab-usi-robomaster/install/sim_ros2_interface/share/sim_ros2_interface/local_setup.sh
[106.951s] -- Symlinking: /Users/francescodevito/Documents/USI/Primo_Anno/Robotics/pinuccio/robotics-lab-usi-robomaster/install/sim_ros2_interface/share/sim_ros2_interface/local_setup.zsh
[106.961s] -- Symlinking: /Users/francescodevito/Documents/USI/Primo_Anno/Robotics/pinuccio/robotics-lab-usi-robomaster/install/sim_ros2_interface/share/sim_ros2_interface/local_setup.dsv
[106.969s] -- Symlinking: /Users/francescodevito/Documents/USI/Primo_Anno/Robotics/pinuccio/robotics-lab-usi-robomaster/install/sim_ros2_interface/share/sim_ros2_interface/package.dsv
[106.978s] -- Symlinking: /Users/francescodevito/Documents/USI/Primo_Anno/Robotics/pinuccio/robotics-lab-usi-robomaster/install/sim_ros2_interface/share/ament_index/resource_index/packages/sim_ros2_interface
[106.986s] -- Symlinking: /Users/francescodevito/Documents/USI/Primo_Anno/Robotics/pinuccio/robotics-lab-usi-robomaster/install/sim_ros2_interface/share/sim_ros2_interface/cmake/sim_ros2_interfaceConfig.cmake
[106.995s] -- Symlinking: /Users/francescodevito/Documents/USI/Primo_Anno/Robotics/pinuccio/robotics-lab-usi-robomaster/install/sim_ros2_interface/share/sim_ros2_interface/cmake/sim_ros2_interfaceConfig-version.cmake
[107.003s] -- Symlinking: /Users/francescodevito/Documents/USI/Primo_Anno/Robotics/pinuccio/robotics-lab-usi-robomaster/install/sim_ros2_interface/share/sim_ros2_interface/package.xml
[107.013s] Invoked command in '/Users/francescodevito/Documents/USI/Primo_Anno/Robotics/pinuccio/robotics-lab-usi-robomaster/build/sim_ros2_interface' returned '0': CONDA_PROMPT_MODIFIER=(base) PIXI_PROMPT=(robotics-lab-usi-robomaster) SHLVL=3 _=/usr/bin/env /Users/francescodevito/Documents/USI/Primo_Anno/Robotics/pinuccio/robotics-lab-usi-robomaster/.pixi/envs/default/bin/cmake --install /Users/francescodevito/Documents/USI/Primo_Anno/Robotics/pinuccio/robotics-lab-usi-robomaster/build/sim_ros2_interface
