[0.019s] Invoking command in '/Users/francescodevito/Documents/USI/Primo_Anno/Robotics/pinuccio/robotics-lab-usi-robomaster/build/robomaster_msgs': CMAKE_PREFIX_PATH=${CMAKE_PREFIX_PATH}:/Users/francescodevito/Documents/USI/Primo_Anno/Robotics/pinuccio/robotics-lab-usi-robomaster/install/robomaster_example:/Users/francescodevito/Documents/USI/Primo_Anno/Robotics/pinuccio/robotics-lab-usi-robomaster/install/robomaster_ros CONDA_PROMPT_MODIFIER=(base) PIXI_PROMPT=(robotics-lab-usi-robomaster) SHLVL=3 _=/usr/bin/env /Users/francescodevito/Documents/USI/Primo_Anno/Robotics/pinuccio/robotics-lab-usi-robomaster/.pixi/envs/default/bin/cmake --build /Users/francescodevito/Documents/USI/Primo_Anno/Robotics/pinuccio/robotics-lab-usi-robomaster/build/robomaster_msgs -- -j12 -l12
[0.131s] [  0%] Built target robomaster_msgs__cpp
[0.141s] [  0%] Built target ament_cmake_python_symlink_robomaster_msgs
[0.143s] [ 12%] Built target robomaster_msgs__rosidl_generator_c
[0.202s] [ 25%] Built target robomaster_msgs__rosidl_typesupport_c
[0.209s] [ 38%] Built target robomaster_msgs__rosidl_typesupport_introspection_c
[0.266s] [ 50%] Built target robomaster_msgs__rosidl_typesupport_cpp
[0.269s] [ 63%] Built target robomaster_msgs__rosidl_typesupport_introspection_cpp
[0.277s] [ 75%] Built target robomaster_msgs__rosidl_typesupport_fastrtps_cpp
[0.292s] [ 88%] Built target robomaster_msgs__rosidl_typesupport_fastrtps_c
[0.326s] [ 88%] Built target robomaster_msgs
[0.362s] [ 88%] Built target robomaster_msgs__py
[0.419s] [100%] Built target robomaster_msgs__rosidl_generator_py
[0.464s] [100%] Built target robomaster_msgs__rosidl_typesupport_introspection_c__pyext
[0.464s] [100%] Built target robomaster_msgs__rosidl_typesupport_fastrtps_c__pyext
[0.464s] [100%] Built target robomaster_msgs__rosidl_typesupport_c__pyext
[0.482s] running egg_info
[0.509s] writing robomaster_msgs.egg-info/PKG-INFO
[0.530s] writing dependency_links to robomaster_msgs.egg-info/dependency_links.txt
[0.656s] writing top-level names to robomaster_msgs.egg-info/top_level.txt
[0.695s] reading manifest file 'robomaster_msgs.egg-info/SOURCES.txt'
[0.696s] writing manifest file 'robomaster_msgs.egg-info/SOURCES.txt'
[0.720s] [100%] Built target ament_cmake_python_build_robomaster_msgs_egg
