[0.811s] Invoking command in '/Users/francescodevito/Documents/USI/Primo_Anno/Robotics/pinuccio/robotics-lab-usi-robomaster/build/robomaster_ros': AMENT_PREFIX_PATH=/Users/francescodevito/Documents/USI/Primo_Anno/Robotics/pinuccio/robotics-lab-usi-robomaster/install/robomaster_msgs:${AMENT_PREFIX_PATH} CMAKE_PREFIX_PATH=/Users/francescodevito/Documents/USI/Primo_Anno/Robotics/pinuccio/robotics-lab-usi-robomaster/install/robomaster_msgs${CMAKE_PREFIX_PATH} CONDA_PROMPT_MODIFIER=(base) PIXI_PROMPT=(robotics-lab-usi-robomaster) PYTHONPATH=/Users/francescodevito/Documents/USI/Primo_Anno/Robotics/pinuccio/robotics-lab-usi-robomaster/build/robomaster_ros/prefix_override:/Users/francescodevito/Documents/USI/Primo_Anno/Robotics/pinuccio/robotics-lab-usi-robomaster/.pixi/envs/default/lib/python3.10/site-packages/colcon_core/task/python/colcon_distutils_commands:/Users/francescodevito/Documents/USI/Primo_Anno/Robotics/pinuccio/robotics-lab-usi-robomaster/install/robomaster_ros/lib/python3.10/site-packages:/Users/francescodevito/Documents/USI/Primo_Anno/Robotics/pinuccio/robotics-lab-usi-robomaster/install/robomaster_msgs/lib/python3.10/site-packages:${PYTHONPATH} SHLVL=3 _=/usr/bin/env /Users/francescodevito/Documents/USI/Primo_Anno/Robotics/pinuccio/robotics-lab-usi-robomaster/.pixi/envs/default/bin/python3.10 -W ignore:setup.py install is deprecated -W ignore:easy_install command is deprecated setup.py develop --editable --build-directory /Users/francescodevito/Documents/USI/Primo_Anno/Robotics/pinuccio/robotics-lab-usi-robomaster/build/robomaster_ros/build --no-deps symlink_data
[1.183s] running develop
[1.411s] running egg_info
[1.439s] writing robomaster_ros.egg-info/PKG-INFO
[1.461s] writing dependency_links to robomaster_ros.egg-info/dependency_links.txt
[1.531s] writing entry points to robomaster_ros.egg-info/entry_points.txt
[1.576s] writing requirements to robomaster_ros.egg-info/requires.txt
[1.598s] writing top-level names to robomaster_ros.egg-info/top_level.txt
[1.633s] reading manifest file 'robomaster_ros.egg-info/SOURCES.txt'
[1.634s] writing manifest file 'robomaster_ros.egg-info/SOURCES.txt'
[1.662s] running build_ext
[1.662s] Creating /Users/francescodevito/Documents/USI/Primo_Anno/Robotics/pinuccio/robotics-lab-usi-robomaster/install/robomaster_ros/lib/python3.10/site-packages/robomaster-ros.egg-link (link to .)
[1.663s] Installing connect script to /Users/francescodevito/Documents/USI/Primo_Anno/Robotics/pinuccio/robotics-lab-usi-robomaster/install/robomaster_ros/lib/robomaster_ros
[1.663s] Installing discover script to /Users/francescodevito/Documents/USI/Primo_Anno/Robotics/pinuccio/robotics-lab-usi-robomaster/install/robomaster_ros/lib/robomaster_ros
[1.663s] Installing display_battery script to /Users/francescodevito/Documents/USI/Primo_Anno/Robotics/pinuccio/robotics-lab-usi-robomaster/install/robomaster_ros/lib/robomaster_ros
[1.663s] Installing h264_decoder script to /Users/francescodevito/Documents/USI/Primo_Anno/Robotics/pinuccio/robotics-lab-usi-robomaster/install/robomaster_ros/lib/robomaster_ros
[1.664s] Installing play_audio script to /Users/francescodevito/Documents/USI/Primo_Anno/Robotics/pinuccio/robotics-lab-usi-robomaster/install/robomaster_ros/lib/robomaster_ros
[1.664s] Installing play_opus script to /Users/francescodevito/Documents/USI/Primo_Anno/Robotics/pinuccio/robotics-lab-usi-robomaster/install/robomaster_ros/lib/robomaster_ros
[1.664s] Installing robomaster_driver script to /Users/francescodevito/Documents/USI/Primo_Anno/Robotics/pinuccio/robotics-lab-usi-robomaster/install/robomaster_ros/lib/robomaster_ros
[1.664s] 
[1.664s] Installed /Users/francescodevito/Documents/USI/Primo_Anno/Robotics/pinuccio/robotics-lab-usi-robomaster/build/robomaster_ros
[1.664s] running symlink_data
[1.679s] Invoked command in '/Users/francescodevito/Documents/USI/Primo_Anno/Robotics/pinuccio/robotics-lab-usi-robomaster/build/robomaster_ros' returned '0': AMENT_PREFIX_PATH=/Users/francescodevito/Documents/USI/Primo_Anno/Robotics/pinuccio/robotics-lab-usi-robomaster/install/robomaster_msgs:${AMENT_PREFIX_PATH} CMAKE_PREFIX_PATH=/Users/francescodevito/Documents/USI/Primo_Anno/Robotics/pinuccio/robotics-lab-usi-robomaster/install/robomaster_msgs${CMAKE_PREFIX_PATH} CONDA_PROMPT_MODIFIER=(base) PIXI_PROMPT=(robotics-lab-usi-robomaster) PYTHONPATH=/Users/francescodevito/Documents/USI/Primo_Anno/Robotics/pinuccio/robotics-lab-usi-robomaster/build/robomaster_ros/prefix_override:/Users/francescodevito/Documents/USI/Primo_Anno/Robotics/pinuccio/robotics-lab-usi-robomaster/.pixi/envs/default/lib/python3.10/site-packages/colcon_core/task/python/colcon_distutils_commands:/Users/francescodevito/Documents/USI/Primo_Anno/Robotics/pinuccio/robotics-lab-usi-robomaster/install/robomaster_ros/lib/python3.10/site-packages:/Users/francescodevito/Documents/USI/Primo_Anno/Robotics/pinuccio/robotics-lab-usi-robomaster/install/robomaster_msgs/lib/python3.10/site-packages:${PYTHONPATH} SHLVL=3 _=/usr/bin/env /Users/francescodevito/Documents/USI/Primo_Anno/Robotics/pinuccio/robotics-lab-usi-robomaster/.pixi/envs/default/bin/python3.10 -W ignore:setup.py install is deprecated -W ignore:easy_install command is deprecated setup.py develop --editable --build-directory /Users/francescodevito/Documents/USI/Primo_Anno/Robotics/pinuccio/robotics-lab-usi-robomaster/build/robomaster_ros/build --no-deps symlink_data
