[0.017s] Invoking command in '/Users/francescodevito/Documents/USI/Primo_Anno/Robotics/pinuccio/robotics-lab-usi-robomaster/build/robomaster_simulation': CONDA_PROMPT_MODIFIER=(base) PIXI_PROMPT=(robotics-lab-usi-robomaster) SHLVL=3 _=/usr/bin/env /Users/francescodevito/Documents/USI/Primo_Anno/Robotics/pinuccio/robotics-lab-usi-robomaster/.pixi/envs/default/bin/cmake --build /Users/francescodevito/Documents/USI/Primo_Anno/Robotics/pinuccio/robotics-lab-usi-robomaster/build/robomaster_simulation -- -j12 -l12
[0.065s] -- Found Boost: /Users/francescodevito/Documents/USI/Primo_Anno/Robotics/pinuccio/robotics-lab-usi-robomaster/.pixi/envs/default/lib/cmake/Boost-1.78.0/BoostConfig.cmake (found version "1.78.0") found components: system thread 
[0.067s] -- CoppeliaSim: COPPELIASIM_INCLUDE_DIR: /Applications/coppeliaSim.app/Contents/Resources/programming/include
[0.067s] -- CoppeliaSim: COPPELIASIM_ROOT_DIR: /Applications/coppeliaSim.app/Contents/Resources
[0.067s] -- Checking CoppeliaSim header version...
[0.710s] -- CoppeliaSim headers version 4.7.0 rev4
[0.710s] -- CoppeliaSim: COPPELIASIM_RESOURCES_DIR: /Applications/coppeliaSim.app/Contents/Resources
[0.710s] -- CoppeliaSim: COPPELIASIM_PLUGINS_DIR: /Applications/coppeliaSim.app/Contents/MacOS
[0.710s] -- CoppeliaSim: COPPELIASIM_EXECUTABLES_DIR: /Applications/coppeliaSim.app/Contents/MacOS
[0.710s] -- CoppeliaSim: COPPELIASIM_LIBRARIES_DIR: /Applications/coppeliaSim.app/Contents/Frameworks
[0.710s] -- CoppeliaSim: COPPELIASIM_ADDONS_DIR: /Applications/coppeliaSim.app/Contents/Resources/addOns
[0.710s] -- CoppeliaSim: COPPELIASIM_MANUAL_DIR: /Applications/coppeliaSim.app/Contents/Resources/manual
[0.710s] -- CoppeliaSim: COPPELIASIM_MODELS_DIR: /Applications/coppeliaSim.app/Contents/Resources/models
[0.710s] -- CoppeliaSim: COPPELIASIM_SCENES_DIR: /Applications/coppeliaSim.app/Contents/Resources/scenes
[0.710s] -- CoppeliaSim: COPPELIASIM_LUA_DIR: /Applications/coppeliaSim.app/Contents/Resources/lua
[0.710s] -- CoppeliaSim: COPPELIASIM_PYTHON_DIR: /Applications/coppeliaSim.app/Contents/Resources/python
[0.710s] -- CoppeliaSim: COPPELIASIM_EXECUTABLE: /Applications/coppeliaSim.app/Contents/MacOS/coppeliaSim
[0.713s] -- Found Boost: /Users/francescodevito/Documents/USI/Primo_Anno/Robotics/pinuccio/robotics-lab-usi-robomaster/.pixi/envs/default/lib/cmake/Boost-1.78.0/BoostConfig.cmake (found version "1.78.0") found components: regex 
[0.732s] -- Adding simStubsGen command...
[0.762s] -- Reading plugin metadata...
[1.198s] -- Plugin: simRobomaster
[1.203s] CMake Error at CMakeLists.txt:209 (target_link_libraries):
[1.203s]   Cannot specify link libraries for target "robomaster_simulation" which is
[1.203s]   not built by this project.
[1.203s] 
[1.203s] 
[1.203s] -- Configuring incomplete, errors occurred!
[1.204s] make: *** [Makefile:865: cmake_check_build_system] Error 1
[1.205s] Invoked command in '/Users/francescodevito/Documents/USI/Primo_Anno/Robotics/pinuccio/robotics-lab-usi-robomaster/build/robomaster_simulation' returned '2': CONDA_PROMPT_MODIFIER=(base) PIXI_PROMPT=(robotics-lab-usi-robomaster) SHLVL=3 _=/usr/bin/env /Users/francescodevito/Documents/USI/Primo_Anno/Robotics/pinuccio/robotics-lab-usi-robomaster/.pixi/envs/default/bin/cmake --build /Users/francescodevito/Documents/USI/Primo_Anno/Robotics/pinuccio/robotics-lab-usi-robomaster/build/robomaster_simulation -- -j12 -l12
