[  0%] Built target robomaster_msgs__cpp
[  0%] Built target ament_cmake_python_symlink_robomaster_msgs
[ 12%] Built target robomaster_msgs__rosidl_generator_c
[ 25%] Built target robomaster_msgs__rosidl_typesupport_introspection_c
[ 38%] Built target robomaster_msgs__rosidl_typesupport_c
[ 50%] Built target robomaster_msgs__rosidl_typesupport_cpp
[ 69%] Built target robomaster_msgs__rosidl_typesupport_fastrtps_cpp
[ 75%] Built target robomaster_msgs__rosidl_typesupport_introspection_cpp
[ 88%] Built target robomaster_msgs__rosidl_typesupport_fastrtps_c
[ 88%] Built target robomaster_msgs
[ 88%] Built target robomaster_msgs__py
[100%] Built target robomaster_msgs__rosidl_generator_py
[100%] Built target robomaster_msgs__rosidl_typesupport_fastrtps_c__pyext
[100%] Built target robomaster_msgs__rosidl_typesupport_introspection_c__pyext
[100%] Built target robomaster_msgs__rosidl_typesupport_c__pyext
running egg_info
writing robomaster_msgs.egg-info/PKG-INFO
writing dependency_links to robomaster_msgs.egg-info/dependency_links.txt
writing top-level names to robomaster_msgs.egg-info/top_level.txt
reading manifest file 'robomaster_msgs.egg-info/SOURCES.txt'
writing manifest file 'robomaster_msgs.egg-info/SOURCES.txt'
[100%] Built target ament_cmake_python_build_robomaster_msgs_egg
