[0.019s] Invoking command in '/Users/francescodevito/Documents/USI/Primo_Anno/Robotics/pinuccio/robotics-lab-usi-robomaster/build/robomaster_msgs': CMAKE_PREFIX_PATH=${CMAKE_PREFIX_PATH}:/Users/francescodevito/Documents/USI/Primo_Anno/Robotics/pinuccio/robotics-lab-usi-robomaster/install/robomaster_example:/Users/francescodevito/Documents/USI/Primo_Anno/Robotics/pinuccio/robotics-lab-usi-robomaster/install/robomaster_ros CONDA_PROMPT_MODIFIER=(base) PIXI_PROMPT=(robotics-lab-usi-robomaster) SHLVL=3 _=/usr/bin/env /Users/francescodevito/Documents/USI/Primo_Anno/Robotics/pinuccio/robotics-lab-usi-robomaster/.pixi/envs/default/bin/cmake --build /Users/francescodevito/Documents/USI/Primo_Anno/Robotics/pinuccio/robotics-lab-usi-robomaster/build/robomaster_msgs -- -j12 -l12
[0.121s] [  0%] Built target robomaster_msgs__cpp
[0.123s] [  0%] Built target ament_cmake_python_symlink_robomaster_msgs
[0.140s] [ 12%] Built target robomaster_msgs__rosidl_generator_c
[0.213s] [ 25%] Built target robomaster_msgs__rosidl_typesupport_introspection_c
[0.225s] [ 38%] Built target robomaster_msgs__rosidl_typesupport_c
[0.269s] [ 50%] Built target robomaster_msgs__rosidl_typesupport_cpp
[0.270s] [ 69%] Built target robomaster_msgs__rosidl_typesupport_fastrtps_cpp
[0.271s] [ 75%] Built target robomaster_msgs__rosidl_typesupport_introspection_cpp
[0.291s] [ 88%] Built target robomaster_msgs__rosidl_typesupport_fastrtps_c
[0.331s] [ 88%] Built target robomaster_msgs
[0.372s] [ 88%] Built target robomaster_msgs__py
[0.435s] [100%] Built target robomaster_msgs__rosidl_generator_py
[0.482s] [100%] Built target robomaster_msgs__rosidl_typesupport_fastrtps_c__pyext
[0.482s] [100%] Built target robomaster_msgs__rosidl_typesupport_introspection_c__pyext
[0.482s] [100%] Built target robomaster_msgs__rosidl_typesupport_c__pyext
[0.515s] running egg_info
[0.546s] writing robomaster_msgs.egg-info/PKG-INFO
[0.570s] writing dependency_links to robomaster_msgs.egg-info/dependency_links.txt
[0.706s] writing top-level names to robomaster_msgs.egg-info/top_level.txt
[0.751s] reading manifest file 'robomaster_msgs.egg-info/SOURCES.txt'
[0.752s] writing manifest file 'robomaster_msgs.egg-info/SOURCES.txt'
[0.778s] [100%] Built target ament_cmake_python_build_robomaster_msgs_egg
[0.793s] Invoked command in '/Users/francescodevito/Documents/USI/Primo_Anno/Robotics/pinuccio/robotics-lab-usi-robomaster/build/robomaster_msgs' returned '0': CMAKE_PREFIX_PATH=${CMAKE_PREFIX_PATH}:/Users/francescodevito/Documents/USI/Primo_Anno/Robotics/pinuccio/robotics-lab-usi-robomaster/install/robomaster_example:/Users/francescodevito/Documents/USI/Primo_Anno/Robotics/pinuccio/robotics-lab-usi-robomaster/install/robomaster_ros CONDA_PROMPT_MODIFIER=(base) PIXI_PROMPT=(robotics-lab-usi-robomaster) SHLVL=3 _=/usr/bin/env /Users/francescodevito/Documents/USI/Primo_Anno/Robotics/pinuccio/robotics-lab-usi-robomaster/.pixi/envs/default/bin/cmake --build /Users/francescodevito/Documents/USI/Primo_Anno/Robotics/pinuccio/robotics-lab-usi-robomaster/build/robomaster_msgs -- -j12 -l12
