[0.017s] Invoking command in '/Users/francescodevito/Documents/USI/Primo_Anno/Robotics/pinuccio/robotics-lab-usi-robomaster/build/robomaster_description': CMAKE_PREFIX_PATH=${CMAKE_PREFIX_PATH}:/Users/francescodevito/Documents/USI/Primo_Anno/Robotics/pinuccio/robotics-lab-usi-robomaster/install/robomaster_example:/Users/francescodevito/Documents/USI/Primo_Anno/Robotics/pinuccio/robotics-lab-usi-robomaster/install/robomaster_ros CONDA_PROMPT_MODIFIER=(base) PIXI_PROMPT=(robotics-lab-usi-robomaster) SHLVL=3 _=/usr/bin/env /Users/francescodevito/Documents/USI/Primo_Anno/Robotics/pinuccio/robotics-lab-usi-robomaster/.pixi/envs/default/bin/cmake --build /Users/francescodevito/Documents/USI/Primo_Anno/Robotics/pinuccio/robotics-lab-usi-robomaster/build/robomaster_description -- -j12 -l12
[0.066s] Invoked command in '/Users/francescodevito/Documents/USI/Primo_Anno/Robotics/pinuccio/robotics-lab-usi-robomaster/build/robomaster_description' returned '0': CMAKE_PREFIX_PATH=${CMAKE_PREFIX_PATH}:/Users/francescodevito/Documents/USI/Primo_Anno/Robotics/pinuccio/robotics-lab-usi-robomaster/install/robomaster_example:/Users/francescodevito/Documents/USI/Primo_Anno/Robotics/pinuccio/robotics-lab-usi-robomaster/install/robomaster_ros CONDA_PROMPT_MODIFIER=(base) PIXI_PROMPT=(robotics-lab-usi-robomaster) SHLVL=3 _=/usr/bin/env /Users/francescodevito/Documents/USI/Primo_Anno/Robotics/pinuccio/robotics-lab-usi-robomaster/.pixi/envs/default/bin/cmake --build /Users/francescodevito/Documents/USI/Primo_Anno/Robotics/pinuccio/robotics-lab-usi-robomaster/build/robomaster_description -- -j12 -l12
[0.205s] Invoking command in '/Users/francescodevito/Documents/USI/Primo_Anno/Robotics/pinuccio/robotics-lab-usi-robomaster/build/robomaster_description': CMAKE_PREFIX_PATH=${CMAKE_PREFIX_PATH}:/Users/francescodevito/Documents/USI/Primo_Anno/Robotics/pinuccio/robotics-lab-usi-robomaster/install/robomaster_example:/Users/francescodevito/Documents/USI/Primo_Anno/Robotics/pinuccio/robotics-lab-usi-robomaster/install/robomaster_ros CONDA_PROMPT_MODIFIER=(base) PIXI_PROMPT=(robotics-lab-usi-robomaster) SHLVL=3 _=/usr/bin/env /Users/francescodevito/Documents/USI/Primo_Anno/Robotics/pinuccio/robotics-lab-usi-robomaster/.pixi/envs/default/bin/cmake --install /Users/francescodevito/Documents/USI/Primo_Anno/Robotics/pinuccio/robotics-lab-usi-robomaster/build/robomaster_description
[0.224s] -- Install configuration: ""
[0.224s] -- Execute custom install script
[0.225s] -- Up-to-date symlink: /Users/francescodevito/Documents/USI/Primo_Anno/Robotics/pinuccio/robotics-lab-usi-robomaster/install/robomaster_description/share/robomaster_description/urdf/arm.urdf.xacro
[0.225s] -- Up-to-date symlink: /Users/francescodevito/Documents/USI/Primo_Anno/Robotics/pinuccio/robotics-lab-usi-robomaster/install/robomaster_description/share/robomaster_description/urdf/base.urdf.xacro
[0.226s] -- Up-to-date symlink: /Users/francescodevito/Documents/USI/Primo_Anno/Robotics/pinuccio/robotics-lab-usi-robomaster/install/robomaster_description/share/robomaster_description/urdf/camera.urdf.xacro
[0.226s] -- Up-to-date symlink: /Users/francescodevito/Documents/USI/Primo_Anno/Robotics/pinuccio/robotics-lab-usi-robomaster/install/robomaster_description/share/robomaster_description/urdf/extension.urdf.xacro
[0.226s] -- Up-to-date symlink: /Users/francescodevito/Documents/USI/Primo_Anno/Robotics/pinuccio/robotics-lab-usi-robomaster/install/robomaster_description/share/robomaster_description/urdf/gimbal.urdf.xacro
[0.227s] -- Up-to-date symlink: /Users/francescodevito/Documents/USI/Primo_Anno/Robotics/pinuccio/robotics-lab-usi-robomaster/install/robomaster_description/share/robomaster_description/urdf/gripper.urdf.xacro
[0.227s] -- Up-to-date symlink: /Users/francescodevito/Documents/USI/Primo_Anno/Robotics/pinuccio/robotics-lab-usi-robomaster/install/robomaster_description/share/robomaster_description/urdf/intelligent_controller.urdf.xacro
[0.227s] -- Up-to-date symlink: /Users/francescodevito/Documents/USI/Primo_Anno/Robotics/pinuccio/robotics-lab-usi-robomaster/install/robomaster_description/share/robomaster_description/urdf/led.urdf.xacro
[0.227s] -- Up-to-date symlink: /Users/francescodevito/Documents/USI/Primo_Anno/Robotics/pinuccio/robotics-lab-usi-robomaster/install/robomaster_description/share/robomaster_description/urdf/robomaster_ep.urdf.xacro
[0.227s] -- Up-to-date symlink: /Users/francescodevito/Documents/USI/Primo_Anno/Robotics/pinuccio/robotics-lab-usi-robomaster/install/robomaster_description/share/robomaster_description/urdf/robomaster_s1.urdf.xacro
[0.228s] -- Up-to-date symlink: /Users/francescodevito/Documents/USI/Primo_Anno/Robotics/pinuccio/robotics-lab-usi-robomaster/install/robomaster_description/share/robomaster_description/urdf/tof.urdf.xacro
[0.228s] -- Up-to-date symlink: /Users/francescodevito/Documents/USI/Primo_Anno/Robotics/pinuccio/robotics-lab-usi-robomaster/install/robomaster_description/share/robomaster_description/urdf/wheel.urdf.xacro
[0.228s] -- Up-to-date symlink: /Users/francescodevito/Documents/USI/Primo_Anno/Robotics/pinuccio/robotics-lab-usi-robomaster/install/robomaster_description/share/robomaster_description/launch/main.launch
[0.228s] -- Up-to-date symlink: /Users/francescodevito/Documents/USI/Primo_Anno/Robotics/pinuccio/robotics-lab-usi-robomaster/install/robomaster_description/share/robomaster_description/launch/model.launch.py
[0.229s] -- Up-to-date symlink: /Users/francescodevito/Documents/USI/Primo_Anno/Robotics/pinuccio/robotics-lab-usi-robomaster/install/robomaster_description/share/robomaster_description/meshes/EP_all_01_b.png
[0.229s] -- Up-to-date symlink: /Users/francescodevito/Documents/USI/Primo_Anno/Robotics/pinuccio/robotics-lab-usi-robomaster/install/robomaster_description/share/robomaster_description/meshes/TOP_Base_Color.png
[0.229s] -- Up-to-date symlink: /Users/francescodevito/Documents/USI/Primo_Anno/Robotics/pinuccio/robotics-lab-usi-robomaster/install/robomaster_description/share/robomaster_description/meshes/TOP_Base_Color.png.001.png
[0.230s] -- Up-to-date symlink: /Users/francescodevito/Documents/USI/Primo_Anno/Robotics/pinuccio/robotics-lab-usi-robomaster/install/robomaster_description/share/robomaster_description/meshes/TOP_Normal_OpenGL.png
[0.230s] -- Up-to-date symlink: /Users/francescodevito/Documents/USI/Primo_Anno/Robotics/pinuccio/robotics-lab-usi-robomaster/install/robomaster_description/share/robomaster_description/meshes/TOP_Normal_OpenGL.png.001.png
[0.230s] -- Up-to-date symlink: /Users/francescodevito/Documents/USI/Primo_Anno/Robotics/pinuccio/robotics-lab-usi-robomaster/install/robomaster_description/share/robomaster_description/meshes/arm_1.dae
[0.230s] -- Up-to-date symlink: /Users/francescodevito/Documents/USI/Primo_Anno/Robotics/pinuccio/robotics-lab-usi-robomaster/install/robomaster_description/share/robomaster_description/meshes/arm_1_collision.dae
[0.230s] -- Up-to-date symlink: /Users/francescodevito/Documents/USI/Primo_Anno/Robotics/pinuccio/robotics-lab-usi-robomaster/install/robomaster_description/share/robomaster_description/meshes/arm_1_cylinder.dae
[0.230s] -- Up-to-date symlink: /Users/francescodevito/Documents/USI/Primo_Anno/Robotics/pinuccio/robotics-lab-usi-robomaster/install/robomaster_description/share/robomaster_description/meshes/arm_2.dae
[0.230s] -- Up-to-date symlink: /Users/francescodevito/Documents/USI/Primo_Anno/Robotics/pinuccio/robotics-lab-usi-robomaster/install/robomaster_description/share/robomaster_description/meshes/arm_2_bar_1.dae
[0.230s] -- Up-to-date symlink: /Users/francescodevito/Documents/USI/Primo_Anno/Robotics/pinuccio/robotics-lab-usi-robomaster/install/robomaster_description/share/robomaster_description/meshes/arm_2_bar_2.dae
[0.231s] -- Up-to-date symlink: /Users/francescodevito/Documents/USI/Primo_Anno/Robotics/pinuccio/robotics-lab-usi-robomaster/install/robomaster_description/share/robomaster_description/meshes/arm_2_collision.dae
[0.231s] -- Up-to-date symlink: /Users/francescodevito/Documents/USI/Primo_Anno/Robotics/pinuccio/robotics-lab-usi-robomaster/install/robomaster_description/share/robomaster_description/meshes/arm_base.dae
[0.231s] -- Up-to-date symlink: /Users/francescodevito/Documents/USI/Primo_Anno/Robotics/pinuccio/robotics-lab-usi-robomaster/install/robomaster_description/share/robomaster_description/meshes/arm_base_collision.dae
[0.231s] -- Up-to-date symlink: /Users/francescodevito/Documents/USI/Primo_Anno/Robotics/pinuccio/robotics-lab-usi-robomaster/install/robomaster_description/share/robomaster_description/meshes/armor.dae
[0.231s] -- Up-to-date symlink: /Users/francescodevito/Documents/USI/Primo_Anno/Robotics/pinuccio/robotics-lab-usi-robomaster/install/robomaster_description/share/robomaster_description/meshes/base_collision.dae
[0.232s] -- Up-to-date symlink: /Users/francescodevito/Documents/USI/Primo_Anno/Robotics/pinuccio/robotics-lab-usi-robomaster/install/robomaster_description/share/robomaster_description/meshes/battery.dae
[0.232s] -- Up-to-date symlink: /Users/francescodevito/Documents/USI/Primo_Anno/Robotics/pinuccio/robotics-lab-usi-robomaster/install/robomaster_description/share/robomaster_description/meshes/battery_pin_left.dae
[0.232s] -- Up-to-date symlink: /Users/francescodevito/Documents/USI/Primo_Anno/Robotics/pinuccio/robotics-lab-usi-robomaster/install/robomaster_description/share/robomaster_description/meshes/battery_pin_right.dae
[0.232s] -- Up-to-date symlink: /Users/francescodevito/Documents/USI/Primo_Anno/Robotics/pinuccio/robotics-lab-usi-robomaster/install/robomaster_description/share/robomaster_description/meshes/blaster_bug.dae
[0.232s] -- Up-to-date symlink: /Users/francescodevito/Documents/USI/Primo_Anno/Robotics/pinuccio/robotics-lab-usi-robomaster/install/robomaster_description/share/robomaster_description/meshes/blaster_gun.dae
[0.233s] -- Up-to-date symlink: /Users/francescodevito/Documents/USI/Primo_Anno/Robotics/pinuccio/robotics-lab-usi-robomaster/install/robomaster_description/share/robomaster_description/meshes/blaster_gun_collision.dae
[0.233s] -- Up-to-date symlink: /Users/francescodevito/Documents/USI/Primo_Anno/Robotics/pinuccio/robotics-lab-usi-robomaster/install/robomaster_description/share/robomaster_description/meshes/blaster_magazin.dae
[0.233s] -- Up-to-date symlink: /Users/francescodevito/Documents/USI/Primo_Anno/Robotics/pinuccio/robotics-lab-usi-robomaster/install/robomaster_description/share/robomaster_description/meshes/blaster_magazin_collision.dae
[0.233s] -- Up-to-date symlink: /Users/francescodevito/Documents/USI/Primo_Anno/Robotics/pinuccio/robotics-lab-usi-robomaster/install/robomaster_description/share/robomaster_description/meshes/blaster_top.dae
[0.233s] -- Up-to-date symlink: /Users/francescodevito/Documents/USI/Primo_Anno/Robotics/pinuccio/robotics-lab-usi-robomaster/install/robomaster_description/share/robomaster_description/meshes/blaster_top_collision.dae
[0.233s] -- Up-to-date symlink: /Users/francescodevito/Documents/USI/Primo_Anno/Robotics/pinuccio/robotics-lab-usi-robomaster/install/robomaster_description/share/robomaster_description/meshes/camera.dae
[0.234s] -- Up-to-date symlink: /Users/francescodevito/Documents/USI/Primo_Anno/Robotics/pinuccio/robotics-lab-usi-robomaster/install/robomaster_description/share/robomaster_description/meshes/chassis.dae
[0.234s] -- Up-to-date symlink: /Users/francescodevito/Documents/USI/Primo_Anno/Robotics/pinuccio/robotics-lab-usi-robomaster/install/robomaster_description/share/robomaster_description/meshes/controller.dae
[0.234s] -- Up-to-date symlink: /Users/francescodevito/Documents/USI/Primo_Anno/Robotics/pinuccio/robotics-lab-usi-robomaster/install/robomaster_description/share/robomaster_description/meshes/controller_cover.dae
[0.234s] -- Up-to-date symlink: /Users/francescodevito/Documents/USI/Primo_Anno/Robotics/pinuccio/robotics-lab-usi-robomaster/install/robomaster_description/share/robomaster_description/meshes/endpoint_bracket.dae
[0.235s] -- Up-to-date symlink: /Users/francescodevito/Documents/USI/Primo_Anno/Robotics/pinuccio/robotics-lab-usi-robomaster/install/robomaster_description/share/robomaster_description/meshes/endpoint_bracket_collision.dae
[0.235s] -- Up-to-date symlink: /Users/francescodevito/Documents/USI/Primo_Anno/Robotics/pinuccio/robotics-lab-usi-robomaster/install/robomaster_description/share/robomaster_description/meshes/extension_base.dae
[0.235s] -- Up-to-date symlink: /Users/francescodevito/Documents/USI/Primo_Anno/Robotics/pinuccio/robotics-lab-usi-robomaster/install/robomaster_description/share/robomaster_description/meshes/extension_support.dae
[0.235s] -- Up-to-date symlink: /Users/francescodevito/Documents/USI/Primo_Anno/Robotics/pinuccio/robotics-lab-usi-robomaster/install/robomaster_description/share/robomaster_description/meshes/front_hit_sensor.dae
[0.235s] -- Up-to-date symlink: /Users/francescodevito/Documents/USI/Primo_Anno/Robotics/pinuccio/robotics-lab-usi-robomaster/install/robomaster_description/share/robomaster_description/meshes/front_led.dae
[0.235s] -- Up-to-date symlink: /Users/francescodevito/Documents/USI/Primo_Anno/Robotics/pinuccio/robotics-lab-usi-robomaster/install/robomaster_description/share/robomaster_description/meshes/front_left_wheel.dae
[0.236s] -- Up-to-date symlink: /Users/francescodevito/Documents/USI/Primo_Anno/Robotics/pinuccio/robotics-lab-usi-robomaster/install/robomaster_description/share/robomaster_description/meshes/front_right_wheel.dae
[0.236s] -- Up-to-date symlink: /Users/francescodevito/Documents/USI/Primo_Anno/Robotics/pinuccio/robotics-lab-usi-robomaster/install/robomaster_description/share/robomaster_description/meshes/gimbal.dae
[0.236s] -- Up-to-date symlink: /Users/francescodevito/Documents/USI/Primo_Anno/Robotics/pinuccio/robotics-lab-usi-robomaster/install/robomaster_description/share/robomaster_description/meshes/gimbal_base.dae
[0.236s] -- Up-to-date symlink: /Users/francescodevito/Documents/USI/Primo_Anno/Robotics/pinuccio/robotics-lab-usi-robomaster/install/robomaster_description/share/robomaster_description/meshes/gimbal_base_collision.dae
[0.236s] -- Up-to-date symlink: /Users/francescodevito/Documents/USI/Primo_Anno/Robotics/pinuccio/robotics-lab-usi-robomaster/install/robomaster_description/share/robomaster_description/meshes/gimbal_collision.dae
[0.236s] -- Up-to-date symlink: /Users/francescodevito/Documents/USI/Primo_Anno/Robotics/pinuccio/robotics-lab-usi-robomaster/install/robomaster_description/share/robomaster_description/meshes/gimbal_left_armor.dae
[0.236s] -- Up-to-date symlink: /Users/francescodevito/Documents/USI/Primo_Anno/Robotics/pinuccio/robotics-lab-usi-robomaster/install/robomaster_description/share/robomaster_description/meshes/gimbal_left_led.dae
[0.236s] -- Up-to-date symlink: /Users/francescodevito/Documents/USI/Primo_Anno/Robotics/pinuccio/robotics-lab-usi-robomaster/install/robomaster_description/share/robomaster_description/meshes/gimbal_left_led_0.dae
[0.236s] -- Up-to-date symlink: /Users/francescodevito/Documents/USI/Primo_Anno/Robotics/pinuccio/robotics-lab-usi-robomaster/install/robomaster_description/share/robomaster_description/meshes/gimbal_left_led_1.dae
[0.236s] -- Up-to-date symlink: /Users/francescodevito/Documents/USI/Primo_Anno/Robotics/pinuccio/robotics-lab-usi-robomaster/install/robomaster_description/share/robomaster_description/meshes/gimbal_left_led_2.dae
[0.237s] -- Up-to-date symlink: /Users/francescodevito/Documents/USI/Primo_Anno/Robotics/pinuccio/robotics-lab-usi-robomaster/install/robomaster_description/share/robomaster_description/meshes/gimbal_left_led_3.dae
[0.237s] -- Up-to-date symlink: /Users/francescodevito/Documents/USI/Primo_Anno/Robotics/pinuccio/robotics-lab-usi-robomaster/install/robomaster_description/share/robomaster_description/meshes/gimbal_left_led_4.dae
[0.237s] -- Up-to-date symlink: /Users/francescodevito/Documents/USI/Primo_Anno/Robotics/pinuccio/robotics-lab-usi-robomaster/install/robomaster_description/share/robomaster_description/meshes/gimbal_left_led_5.dae
[0.237s] -- Up-to-date symlink: /Users/francescodevito/Documents/USI/Primo_Anno/Robotics/pinuccio/robotics-lab-usi-robomaster/install/robomaster_description/share/robomaster_description/meshes/gimbal_left_led_6.dae
[0.237s] -- Up-to-date symlink: /Users/francescodevito/Documents/USI/Primo_Anno/Robotics/pinuccio/robotics-lab-usi-robomaster/install/robomaster_description/share/robomaster_description/meshes/gimbal_left_led_7.dae
[0.237s] -- Up-to-date symlink: /Users/francescodevito/Documents/USI/Primo_Anno/Robotics/pinuccio/robotics-lab-usi-robomaster/install/robomaster_description/share/robomaster_description/meshes/gimbal_right_armor.dae
[0.237s] -- Up-to-date symlink: /Users/francescodevito/Documents/USI/Primo_Anno/Robotics/pinuccio/robotics-lab-usi-robomaster/install/robomaster_description/share/robomaster_description/meshes/gimbal_right_led.dae
[0.238s] -- Up-to-date symlink: /Users/francescodevito/Documents/USI/Primo_Anno/Robotics/pinuccio/robotics-lab-usi-robomaster/install/robomaster_description/share/robomaster_description/meshes/gimbal_right_led7.dae
[0.238s] -- Up-to-date symlink: /Users/francescodevito/Documents/USI/Primo_Anno/Robotics/pinuccio/robotics-lab-usi-robomaster/install/robomaster_description/share/robomaster_description/meshes/gimbal_right_led_0.dae
[0.239s] -- Up-to-date symlink: /Users/francescodevito/Documents/USI/Primo_Anno/Robotics/pinuccio/robotics-lab-usi-robomaster/install/robomaster_description/share/robomaster_description/meshes/gimbal_right_led_1.dae
[0.239s] -- Up-to-date symlink: /Users/francescodevito/Documents/USI/Primo_Anno/Robotics/pinuccio/robotics-lab-usi-robomaster/install/robomaster_description/share/robomaster_description/meshes/gimbal_right_led_2.dae
[0.239s] -- Up-to-date symlink: /Users/francescodevito/Documents/USI/Primo_Anno/Robotics/pinuccio/robotics-lab-usi-robomaster/install/robomaster_description/share/robomaster_description/meshes/gimbal_right_led_3.dae
[0.239s] -- Up-to-date symlink: /Users/francescodevito/Documents/USI/Primo_Anno/Robotics/pinuccio/robotics-lab-usi-robomaster/install/robomaster_description/share/robomaster_description/meshes/gimbal_right_led_4.dae
[0.240s] -- Up-to-date symlink: /Users/francescodevito/Documents/USI/Primo_Anno/Robotics/pinuccio/robotics-lab-usi-robomaster/install/robomaster_description/share/robomaster_description/meshes/gimbal_right_led_5.dae
[0.245s] -- Up-to-date symlink: /Users/francescodevito/Documents/USI/Primo_Anno/Robotics/pinuccio/robotics-lab-usi-robomaster/install/robomaster_description/share/robomaster_description/meshes/gimbal_right_led_6.dae
[0.245s] -- Up-to-date symlink: /Users/francescodevito/Documents/USI/Primo_Anno/Robotics/pinuccio/robotics-lab-usi-robomaster/install/robomaster_description/share/robomaster_description/meshes/gimbal_right_led_7.dae
[0.245s] -- Up-to-date symlink: /Users/francescodevito/Documents/USI/Primo_Anno/Robotics/pinuccio/robotics-lab-usi-robomaster/install/robomaster_description/share/robomaster_description/meshes/gimbal_side.dae
[0.245s] -- Up-to-date symlink: /Users/francescodevito/Documents/USI/Primo_Anno/Robotics/pinuccio/robotics-lab-usi-robomaster/install/robomaster_description/share/robomaster_description/meshes/gripper_base.dae
[0.246s] -- Up-to-date symlink: /Users/francescodevito/Documents/USI/Primo_Anno/Robotics/pinuccio/robotics-lab-usi-robomaster/install/robomaster_description/share/robomaster_description/meshes/gripper_base_collision.dae
[0.246s] -- Up-to-date symlink: /Users/francescodevito/Documents/USI/Primo_Anno/Robotics/pinuccio/robotics-lab-usi-robomaster/install/robomaster_description/share/robomaster_description/meshes/gripper_left_1.dae
[0.246s] -- Up-to-date symlink: /Users/francescodevito/Documents/USI/Primo_Anno/Robotics/pinuccio/robotics-lab-usi-robomaster/install/robomaster_description/share/robomaster_description/meshes/gripper_left_2.dae
[0.246s] -- Up-to-date symlink: /Users/francescodevito/Documents/USI/Primo_Anno/Robotics/pinuccio/robotics-lab-usi-robomaster/install/robomaster_description/share/robomaster_description/meshes/gripper_left_2_collision.dae
[0.246s] -- Up-to-date symlink: /Users/francescodevito/Documents/USI/Primo_Anno/Robotics/pinuccio/robotics-lab-usi-robomaster/install/robomaster_description/share/robomaster_description/meshes/gripper_left_4.dae
[0.246s] -- Up-to-date symlink: /Users/francescodevito/Documents/USI/Primo_Anno/Robotics/pinuccio/robotics-lab-usi-robomaster/install/robomaster_description/share/robomaster_description/meshes/gripper_left_4_collision.dae
[0.246s] -- Up-to-date symlink: /Users/francescodevito/Documents/USI/Primo_Anno/Robotics/pinuccio/robotics-lab-usi-robomaster/install/robomaster_description/share/robomaster_description/meshes/gripper_left_5.dae
[0.246s] -- Up-to-date symlink: /Users/francescodevito/Documents/USI/Primo_Anno/Robotics/pinuccio/robotics-lab-usi-robomaster/install/robomaster_description/share/robomaster_description/meshes/gripper_left_5_collision.dae
[0.247s] -- Up-to-date symlink: /Users/francescodevito/Documents/USI/Primo_Anno/Robotics/pinuccio/robotics-lab-usi-robomaster/install/robomaster_description/share/robomaster_description/meshes/gripper_left_6.dae
[0.247s] -- Up-to-date symlink: /Users/francescodevito/Documents/USI/Primo_Anno/Robotics/pinuccio/robotics-lab-usi-robomaster/install/robomaster_description/share/robomaster_description/meshes/gripper_left_6_collision.dae
[0.247s] -- Up-to-date symlink: /Users/francescodevito/Documents/USI/Primo_Anno/Robotics/pinuccio/robotics-lab-usi-robomaster/install/robomaster_description/share/robomaster_description/meshes/gripper_left_7.dae
[0.247s] -- Up-to-date symlink: /Users/francescodevito/Documents/USI/Primo_Anno/Robotics/pinuccio/robotics-lab-usi-robomaster/install/robomaster_description/share/robomaster_description/meshes/gripper_left_collision.dae
[0.247s] -- Up-to-date symlink: /Users/francescodevito/Documents/USI/Primo_Anno/Robotics/pinuccio/robotics-lab-usi-robomaster/install/robomaster_description/share/robomaster_description/meshes/hit_sensor.dae
[0.248s] -- Up-to-date symlink: /Users/francescodevito/Documents/USI/Primo_Anno/Robotics/pinuccio/robotics-lab-usi-robomaster/install/robomaster_description/share/robomaster_description/meshes/intelligent_controller.dae
[0.248s] -- Up-to-date symlink: /Users/francescodevito/Documents/USI/Primo_Anno/Robotics/pinuccio/robotics-lab-usi-robomaster/install/robomaster_description/share/robomaster_description/meshes/led.dae
[0.248s] -- Up-to-date symlink: /Users/francescodevito/Documents/USI/Primo_Anno/Robotics/pinuccio/robotics-lab-usi-robomaster/install/robomaster_description/share/robomaster_description/meshes/left_hit_sensor.dae
[0.248s] -- Up-to-date symlink: /Users/francescodevito/Documents/USI/Primo_Anno/Robotics/pinuccio/robotics-lab-usi-robomaster/install/robomaster_description/share/robomaster_description/meshes/left_led.dae
[0.249s] -- Up-to-date symlink: /Users/francescodevito/Documents/USI/Primo_Anno/Robotics/pinuccio/robotics-lab-usi-robomaster/install/robomaster_description/share/robomaster_description/meshes/left_servo.dae
[0.249s] -- Up-to-date symlink: /Users/francescodevito/Documents/USI/Primo_Anno/Robotics/pinuccio/robotics-lab-usi-robomaster/install/robomaster_description/share/robomaster_description/meshes/rear_hit_sensor.dae
[0.249s] -- Up-to-date symlink: /Users/francescodevito/Documents/USI/Primo_Anno/Robotics/pinuccio/robotics-lab-usi-robomaster/install/robomaster_description/share/robomaster_description/meshes/rear_led.dae
[0.249s] -- Up-to-date symlink: /Users/francescodevito/Documents/USI/Primo_Anno/Robotics/pinuccio/robotics-lab-usi-robomaster/install/robomaster_description/share/robomaster_description/meshes/rear_left_wheel.dae
[0.250s] -- Up-to-date symlink: /Users/francescodevito/Documents/USI/Primo_Anno/Robotics/pinuccio/robotics-lab-usi-robomaster/install/robomaster_description/share/robomaster_description/meshes/rear_right_wheel.dae
[0.250s] -- Up-to-date symlink: /Users/francescodevito/Documents/USI/Primo_Anno/Robotics/pinuccio/robotics-lab-usi-robomaster/install/robomaster_description/share/robomaster_description/meshes/right_gripper_1.dae
[0.250s] -- Up-to-date symlink: /Users/francescodevito/Documents/USI/Primo_Anno/Robotics/pinuccio/robotics-lab-usi-robomaster/install/robomaster_description/share/robomaster_description/meshes/right_gripper_2.dae
[0.250s] -- Up-to-date symlink: /Users/francescodevito/Documents/USI/Primo_Anno/Robotics/pinuccio/robotics-lab-usi-robomaster/install/robomaster_description/share/robomaster_description/meshes/right_gripper_2_collision.dae
[0.250s] -- Up-to-date symlink: /Users/francescodevito/Documents/USI/Primo_Anno/Robotics/pinuccio/robotics-lab-usi-robomaster/install/robomaster_description/share/robomaster_description/meshes/right_gripper_4.dae
[0.250s] -- Up-to-date symlink: /Users/francescodevito/Documents/USI/Primo_Anno/Robotics/pinuccio/robotics-lab-usi-robomaster/install/robomaster_description/share/robomaster_description/meshes/right_gripper_4_collision.dae
[0.250s] -- Up-to-date symlink: /Users/francescodevito/Documents/USI/Primo_Anno/Robotics/pinuccio/robotics-lab-usi-robomaster/install/robomaster_description/share/robomaster_description/meshes/right_gripper_5.dae
[0.250s] -- Up-to-date symlink: /Users/francescodevito/Documents/USI/Primo_Anno/Robotics/pinuccio/robotics-lab-usi-robomaster/install/robomaster_description/share/robomaster_description/meshes/right_gripper_5_collision.dae
[0.250s] -- Up-to-date symlink: /Users/francescodevito/Documents/USI/Primo_Anno/Robotics/pinuccio/robotics-lab-usi-robomaster/install/robomaster_description/share/robomaster_description/meshes/right_gripper_6.dae
[0.250s] -- Up-to-date symlink: /Users/francescodevito/Documents/USI/Primo_Anno/Robotics/pinuccio/robotics-lab-usi-robomaster/install/robomaster_description/share/robomaster_description/meshes/right_gripper_6_collision.dae
[0.250s] -- Up-to-date symlink: /Users/francescodevito/Documents/USI/Primo_Anno/Robotics/pinuccio/robotics-lab-usi-robomaster/install/robomaster_description/share/robomaster_description/meshes/right_gripper_7.dae
[0.251s] -- Up-to-date symlink: /Users/francescodevito/Documents/USI/Primo_Anno/Robotics/pinuccio/robotics-lab-usi-robomaster/install/robomaster_description/share/robomaster_description/meshes/right_gripper_7_collision.dae
[0.251s] -- Up-to-date symlink: /Users/francescodevito/Documents/USI/Primo_Anno/Robotics/pinuccio/robotics-lab-usi-robomaster/install/robomaster_description/share/robomaster_description/meshes/right_hit_sensor.dae
[0.251s] -- Up-to-date symlink: /Users/francescodevito/Documents/USI/Primo_Anno/Robotics/pinuccio/robotics-lab-usi-robomaster/install/robomaster_description/share/robomaster_description/meshes/right_led.dae
[0.251s] -- Up-to-date symlink: /Users/francescodevito/Documents/USI/Primo_Anno/Robotics/pinuccio/robotics-lab-usi-robomaster/install/robomaster_description/share/robomaster_description/meshes/right_servo.dae
[0.251s] -- Up-to-date symlink: /Users/francescodevito/Documents/USI/Primo_Anno/Robotics/pinuccio/robotics-lab-usi-robomaster/install/robomaster_description/share/robomaster_description/meshes/rod.dae
[0.251s] -- Up-to-date symlink: /Users/francescodevito/Documents/USI/Primo_Anno/Robotics/pinuccio/robotics-lab-usi-robomaster/install/robomaster_description/share/robomaster_description/meshes/rod_1.dae
[0.251s] -- Up-to-date symlink: /Users/francescodevito/Documents/USI/Primo_Anno/Robotics/pinuccio/robotics-lab-usi-robomaster/install/robomaster_description/share/robomaster_description/meshes/rod_1_collision.dae
[0.251s] -- Up-to-date symlink: /Users/francescodevito/Documents/USI/Primo_Anno/Robotics/pinuccio/robotics-lab-usi-robomaster/install/robomaster_description/share/robomaster_description/meshes/rod_2.dae
[0.251s] -- Up-to-date symlink: /Users/francescodevito/Documents/USI/Primo_Anno/Robotics/pinuccio/robotics-lab-usi-robomaster/install/robomaster_description/share/robomaster_description/meshes/rod_2_collision.dae
[0.251s] -- Up-to-date symlink: /Users/francescodevito/Documents/USI/Primo_Anno/Robotics/pinuccio/robotics-lab-usi-robomaster/install/robomaster_description/share/robomaster_description/meshes/rod_3.dae
[0.251s] -- Up-to-date symlink: /Users/francescodevito/Documents/USI/Primo_Anno/Robotics/pinuccio/robotics-lab-usi-robomaster/install/robomaster_description/share/robomaster_description/meshes/rod_3_collision.dae
[0.252s] -- Up-to-date symlink: /Users/francescodevito/Documents/USI/Primo_Anno/Robotics/pinuccio/robotics-lab-usi-robomaster/install/robomaster_description/share/robomaster_description/meshes/rod_collision.dae
[0.252s] -- Up-to-date symlink: /Users/francescodevito/Documents/USI/Primo_Anno/Robotics/pinuccio/robotics-lab-usi-robomaster/install/robomaster_description/share/robomaster_description/meshes/speaker.dae
[0.252s] -- Up-to-date symlink: /Users/francescodevito/Documents/USI/Primo_Anno/Robotics/pinuccio/robotics-lab-usi-robomaster/install/robomaster_description/share/robomaster_description/meshes/speaker_collision.dae
[0.252s] -- Up-to-date symlink: /Users/francescodevito/Documents/USI/Primo_Anno/Robotics/pinuccio/robotics-lab-usi-robomaster/install/robomaster_description/share/robomaster_description/meshes/triangle.dae
[0.252s] -- Up-to-date symlink: /Users/francescodevito/Documents/USI/Primo_Anno/Robotics/pinuccio/robotics-lab-usi-robomaster/install/robomaster_description/share/robomaster_description/meshes/triangle_collision.dae
[0.252s] -- Up-to-date symlink: /Users/francescodevito/Documents/USI/Primo_Anno/Robotics/pinuccio/robotics-lab-usi-robomaster/install/robomaster_description/share/robomaster_description/meshes/wheel.dae
[0.252s] -- Up-to-date symlink: /Users/francescodevito/Documents/USI/Primo_Anno/Robotics/pinuccio/robotics-lab-usi-robomaster/install/robomaster_description/share/robomaster_description/meshes/wifi_antenna_left.dae
[0.252s] -- Up-to-date symlink: /Users/francescodevito/Documents/USI/Primo_Anno/Robotics/pinuccio/robotics-lab-usi-robomaster/install/robomaster_description/share/robomaster_description/meshes/wifi_antenna_right.dae
[0.252s] -- Up-to-date symlink: /Users/francescodevito/Documents/USI/Primo_Anno/Robotics/pinuccio/robotics-lab-usi-robomaster/install/robomaster_description/share/ament_index/resource_index/package_run_dependencies/robomaster_description
[0.253s] -- Up-to-date symlink: /Users/francescodevito/Documents/USI/Primo_Anno/Robotics/pinuccio/robotics-lab-usi-robomaster/install/robomaster_description/share/ament_index/resource_index/parent_prefix_path/robomaster_description
[0.253s] -- Up-to-date symlink: /Users/francescodevito/Documents/USI/Primo_Anno/Robotics/pinuccio/robotics-lab-usi-robomaster/install/robomaster_description/share/robomaster_description/environment/ament_prefix_path.sh
[0.253s] -- Up-to-date symlink: /Users/francescodevito/Documents/USI/Primo_Anno/Robotics/pinuccio/robotics-lab-usi-robomaster/install/robomaster_description/share/robomaster_description/environment/ament_prefix_path.dsv
[0.253s] -- Up-to-date symlink: /Users/francescodevito/Documents/USI/Primo_Anno/Robotics/pinuccio/robotics-lab-usi-robomaster/install/robomaster_description/share/robomaster_description/environment/path.sh
[0.253s] -- Up-to-date symlink: /Users/francescodevito/Documents/USI/Primo_Anno/Robotics/pinuccio/robotics-lab-usi-robomaster/install/robomaster_description/share/robomaster_description/environment/path.dsv
[0.254s] -- Up-to-date symlink: /Users/francescodevito/Documents/USI/Primo_Anno/Robotics/pinuccio/robotics-lab-usi-robomaster/install/robomaster_description/share/robomaster_description/local_setup.bash
[0.254s] -- Up-to-date symlink: /Users/francescodevito/Documents/USI/Primo_Anno/Robotics/pinuccio/robotics-lab-usi-robomaster/install/robomaster_description/share/robomaster_description/local_setup.sh
[0.254s] -- Up-to-date symlink: /Users/francescodevito/Documents/USI/Primo_Anno/Robotics/pinuccio/robotics-lab-usi-robomaster/install/robomaster_description/share/robomaster_description/local_setup.zsh
[0.254s] -- Up-to-date symlink: /Users/francescodevito/Documents/USI/Primo_Anno/Robotics/pinuccio/robotics-lab-usi-robomaster/install/robomaster_description/share/robomaster_description/local_setup.dsv
[0.254s] -- Symlinking: /Users/francescodevito/Documents/USI/Primo_Anno/Robotics/pinuccio/robotics-lab-usi-robomaster/install/robomaster_description/share/robomaster_description/package.dsv
[0.273s] -- Up-to-date symlink: /Users/francescodevito/Documents/USI/Primo_Anno/Robotics/pinuccio/robotics-lab-usi-robomaster/install/robomaster_description/share/ament_index/resource_index/packages/robomaster_description
[0.273s] -- Up-to-date symlink: /Users/francescodevito/Documents/USI/Primo_Anno/Robotics/pinuccio/robotics-lab-usi-robomaster/install/robomaster_description/share/robomaster_description/cmake/robomaster_descriptionConfig.cmake
[0.273s] -- Up-to-date symlink: /Users/francescodevito/Documents/USI/Primo_Anno/Robotics/pinuccio/robotics-lab-usi-robomaster/install/robomaster_description/share/robomaster_description/cmake/robomaster_descriptionConfig-version.cmake
[0.273s] -- Up-to-date symlink: /Users/francescodevito/Documents/USI/Primo_Anno/Robotics/pinuccio/robotics-lab-usi-robomaster/install/robomaster_description/share/robomaster_description/package.xml
[0.274s] Invoked command in '/Users/francescodevito/Documents/USI/Primo_Anno/Robotics/pinuccio/robotics-lab-usi-robomaster/build/robomaster_description' returned '0': CMAKE_PREFIX_PATH=${CMAKE_PREFIX_PATH}:/Users/francescodevito/Documents/USI/Primo_Anno/Robotics/pinuccio/robotics-lab-usi-robomaster/install/robomaster_example:/Users/francescodevito/Documents/USI/Primo_Anno/Robotics/pinuccio/robotics-lab-usi-robomaster/install/robomaster_ros CONDA_PROMPT_MODIFIER=(base) PIXI_PROMPT=(robotics-lab-usi-robomaster) SHLVL=3 _=/usr/bin/env /Users/francescodevito/Documents/USI/Primo_Anno/Robotics/pinuccio/robotics-lab-usi-robomaster/.pixi/envs/default/bin/cmake --install /Users/francescodevito/Documents/USI/Primo_Anno/Robotics/pinuccio/robotics-lab-usi-robomaster/build/robomaster_description
